TN:
SF:figma/implementation/src/components/Callout.tsx
FN:10,le
FN:21,t4
FNF:2
FNH:0
FNDA:0,le
FNDA:0,t4
DA:10,0
DA:21,0
LF:2
LH:0
BRDA:12,0,0,0
BRDA:12,0,1,0
BRDA:13,1,0,0
BRDA:13,1,1,0
BRDA:17,2,0,0
BRDA:17,2,1,0
BRDA:25,3,0,0
BRDA:25,3,1,0
BRDA:26,4,0,0
BRDA:26,4,1,0
BRDA:27,5,0,0
BRDA:27,5,1,0
BRDA:31,6,0,0
BRDA:31,6,1,0
BRDA:53,7,0,0
BRDA:53,7,1,0
BRDA:77,8,0,0
BRDA:77,8,1,0
BRF:18
BRH:0
end_of_record
TN:
SF:figma/implementation/src/components/Copyright.tsx
FN:3,p
FNF:1
FNH:1
FNDA:5,p
DA:3,5
DA:5,5
DA:6,5
LF:3
LH:3
BRDA:3,0,0,5
BRDA:3,0,1,0
BRDA:3,1,0,0
BRDA:3,1,1,5
BRDA:5,2,0,5
BRDA:5,2,1,0
BRDA:6,3,0,0
BRDA:6,3,1,5
BRF:8
BRH:4
end_of_record
TN:
SF:figma/implementation/src/components/ErrorBoundary.tsx
FN:13,(anonymous_0)
FN:16,getDerivedStateFromError
FN:20,render
FN:26,(anonymous_3)
FNF:4
FNH:2
FNDA:1,(anonymous_0)
FNDA:0,getDerivedStateFromError
FNDA:1,render
FNDA:0,(anonymous_3)
DA:7,4
DA:13,1
DA:17,0
DA:32,1
LF:4
LH:3
BRDA:21,0,0,0
BRDA:21,0,1,1
BRDA:21,1,0,1
BRDA:21,1,1,0
BRF:4
BRH:2
end_of_record
TN:
SF:figma/implementation/src/components/Footer.tsx
FN:4,h
FNF:1
FNH:1
FNDA:4,h
DA:4,4
LF:1
LH:1
BRDA:4,0,0,4
BRDA:4,0,1,0
BRF:2
BRH:1
end_of_record
TN:
SF:figma/implementation/src/components/Header.tsx
FN:9,_
FN:31,(anonymous_1)
FNF:2
FNH:2
FNDA:4,_
FNDA:2,(anonymous_1)
DA:9,4
DA:12,4
DA:15,4
DA:28,4
DA:32,2
DA:50,4
DA:52,4
LF:7
LH:7
BRDA:10,0,0,4
BRDA:10,0,1,0
BRDA:11,1,0,2
BRDA:11,1,1,2
BRDA:12,2,0,2
BRDA:12,2,1,2
BRDA:12,3,0,0
BRDA:12,3,1,4
BRDA:15,4,0,4
BRDA:15,4,1,0
BRDA:28,5,0,4
BRDA:28,5,1,0
BRDA:29,6,0,4
BRDA:29,6,1,2
BRDA:32,7,0,1
BRDA:32,7,1,1
BRDA:47,8,0,1
BRDA:47,8,1,1
BRDA:50,9,0,0
BRDA:50,9,1,4
BRDA:52,10,0,4
BRDA:52,10,1,0
BRF:22
BRH:16
end_of_record
TN:
SF:figma/implementation/src/components/InputField.tsx
FN:4,nn
FNF:1
FNH:0
FNDA:0,nn
DA:4,0
DA:21,0
DA:22,0
DA:24,0
DA:34,0
DA:35,0
LF:6
LH:0
BRDA:7,0,0,0
BRDA:7,0,1,0
BRDA:8,1,0,0
BRDA:8,1,1,0
BRDA:21,2,0,0
BRDA:21,2,1,0
BRDA:21,3,0,0
BRDA:21,3,1,0
BRDA:21,4,0,0
BRDA:21,4,1,0
BRDA:22,5,0,0
BRDA:22,5,1,0
BRDA:24,6,0,0
BRDA:24,6,1,0
BRDA:34,7,0,0
BRDA:34,7,1,0
BRDA:35,8,0,0
BRDA:35,8,1,0
BRF:18
BRH:0
end_of_record
TN:
SF:figma/implementation/src/components/MimeTypeIcon.tsx
FN:4,ve
FN:13,t2
FNF:2
FNH:2
FNDA:14,ve
FNDA:14,t2
DA:4,14
DA:13,14
DA:20,14
DA:21,14
DA:23,0
DA:24,0
DA:26,7
DA:27,7
DA:29,0
DA:30,0
DA:33,2
DA:34,2
DA:36,5
DA:37,14
LF:14
LH:10
BRDA:10,0,0,14
BRDA:10,0,1,0
BRDA:21,1,0,0
BRDA:21,1,1,7
BRDA:21,1,2,0
BRDA:21,1,3,2
BRDA:21,1,4,2
BRDA:21,1,5,5
BRF:8
BRH:5
end_of_record
TN:
SF:figma/implementation/src/components/PageHeader/HeaderActions.tsx
FN:3,he
FN:17,(anonymous_1)
FN:27,t5
FN:3,ge
FNF:4
FNH:1
FNDA:1,he
FNDA:0,(anonymous_1)
FNDA:0,t5
FNDA:0,ge
DA:3,1
DA:12,1
DA:16,1
DA:18,0
DA:22,1
DA:26,1
DA:28,0
DA:29,0
DA:48,1
DA:50,1
DA:51,1
DA:52,1
LF:12
LH:9
BRDA:12,0,0,1
BRDA:12,0,1,0
BRDA:16,1,0,0
BRDA:16,1,1,1
BRDA:22,2,0,1
BRDA:22,2,1,0
BRDA:26,3,0,0
BRDA:26,3,1,1
BRDA:48,4,0,1
BRDA:48,4,1,0
BRDA:50,5,0,0
BRDA:50,5,1,1
BRDA:50,6,0,1
BRDA:50,6,1,0
BRDA:51,7,0,1
BRDA:51,7,1,0
BRDA:52,8,0,1
BRDA:52,8,1,0
BRF:18
BRH:9
end_of_record
TN:
SF:figma/implementation/src/components/PageHeader/Profile.tsx
FN:14,Gt
FN:53,Kt
FN:53,Jt
FNF:3
FNH:3
FNDA:1,Gt
FNDA:1,Kt
FNDA:1,Jt
DA:14,1
DA:22,1
DA:25,1
DA:29,1
DA:35,1
DA:46,1
DA:48,1
DA:53,1
DA:60,1
DA:66,1
DA:72,1
DA:78,1
DA:83,1
DA:90,1
DA:92,1
DA:96,1
DA:99,1
DA:123,1
DA:127,1
DA:133,1
DA:136,1
DA:137,1
DA:138,1
LF:23
LH:23
BRDA:22,0,0,0
BRDA:22,0,1,1
BRDA:25,1,0,1
BRDA:25,1,1,0
BRDA:29,2,0,1
BRDA:29,2,1,0
BRDA:35,3,0,1
BRDA:35,3,1,0
BRDA:38,4,0,1
BRDA:38,4,1,1
BRDA:46,5,0,0
BRDA:46,5,1,1
BRDA:48,6,0,1
BRDA:48,6,1,0
BRDA:60,7,0,0
BRDA:60,7,1,1
BRDA:66,8,0,1
BRDA:66,8,1,0
BRDA:72,9,0,1
BRDA:72,9,1,0
BRDA:78,10,0,1
BRDA:78,10,1,0
BRDA:90,11,0,0
BRDA:90,11,1,1
BRDA:92,12,0,1
BRDA:92,12,1,0
BRDA:96,13,0,0
BRDA:96,13,1,1
BRDA:99,14,0,1
BRDA:99,14,1,0
BRDA:120,15,0,0
BRDA:120,15,1,0
BRDA:123,16,0,1
BRDA:123,16,1,0
BRDA:127,17,0,1
BRDA:127,17,1,0
BRDA:133,18,0,0
BRDA:133,18,1,1
BRDA:136,19,0,1
BRDA:136,19,1,0
BRDA:137,20,0,1
BRDA:137,20,1,0
BRDA:138,21,0,1
BRDA:138,21,1,0
BRDA:109,22,0,0
BRDA:109,22,1,0
BRDA:112,23,0,0
BRDA:112,23,1,0
BRF:48
BRH:22
end_of_record
TN:
SF:figma/implementation/src/components/UploadDetails.tsx
FN:9,Gs
FN:68,option
FN:42,Js
FN:42,Ys
FN:42,Xs
FN:42,Zs
FN:42,Qs
FN:42,$s
FN:42,ec
FN:118,tc
FN:204,e
FN:208,val
FN:253,(anonymous_12)
FN:118,nc
FNF:14
FNH:0
FNDA:0,Gs
FNDA:0,option
FNDA:0,Js
FNDA:0,Ys
FNDA:0,Xs
FNDA:0,Zs
FNDA:0,Qs
FNDA:0,$s
FNDA:0,ec
FNDA:0,tc
FNDA:0,e
FNDA:0,val
FNDA:0,(anonymous_12)
FNDA:0,nc
DA:9,0
DA:11,0
DA:13,0
DA:19,0
DA:32,4
DA:42,0
DA:61,0
DA:63,0
DA:69,0
DA:72,0
DA:111,0
DA:113,0
DA:118,0
DA:254,0
DA:260,0
LF:15
LH:1
BRDA:9,0,0,0
BRDA:9,0,1,0
BRDA:11,1,0,0
BRDA:11,1,1,0
BRDA:19,2,0,0
BRDA:19,2,1,0
BRDA:61,3,0,0
BRDA:61,3,1,0
BRDA:61,4,0,0
BRDA:61,4,1,0
BRDA:61,5,0,0
BRDA:61,5,1,0
BRDA:63,6,0,0
BRDA:63,6,1,0
BRDA:69,7,0,0
BRDA:69,7,1,0
BRDA:69,7,2,0
BRDA:72,8,0,0
BRDA:72,8,1,0
BRDA:111,9,0,0
BRDA:111,9,1,0
BRDA:113,10,0,0
BRDA:113,10,1,0
BRDA:102,11,0,0
BRDA:102,11,1,0
BRDA:122,12,0,0
BRDA:122,12,1,0
BRDA:123,13,0,0
BRDA:123,13,1,0
BRDA:124,14,0,0
BRDA:124,14,1,0
BRDA:145,15,0,0
BRDA:145,15,1,0
BRDA:147,16,0,0
BRDA:147,16,1,0
BRDA:176,17,0,0
BRDA:176,17,1,0
BRDA:184,18,0,0
BRDA:184,18,1,0
BRDA:211,19,0,0
BRDA:211,19,1,0
BRDA:239,20,0,0
BRDA:239,20,1,0
BRDA:242,21,0,0
BRDA:242,21,1,0
BRDA:251,22,0,0
BRDA:251,22,1,0
BRF:47
BRH:0
end_of_record
TN:
SF:figma/implementation/src/components/UploadFilter.tsx
FN:12,y
FN:40,t6
FN:60,t15
FN:80,t24
FNF:4
FNH:1
FNDA:1,y
FNDA:0,t6
FNDA:0,t15
FNDA:0,t24
DA:12,1
DA:19,1
DA:37,1
DA:38,1
DA:39,1
DA:45,1
DA:46,1
DA:47,1
DA:50,1
DA:57,1
DA:58,1
DA:59,1
DA:65,1
DA:66,1
DA:67,1
DA:70,1
DA:77,1
DA:78,1
DA:79,1
DA:85,1
DA:86,1
DA:87,1
DA:90,1
DA:91,1
LF:24
LH:24
BRDA:14,0,0,1
BRDA:14,0,1,0
BRDA:19,1,0,0
BRDA:19,1,1,1
BRDA:37,2,0,1
BRDA:37,2,1,0
BRDA:38,3,0,1
BRDA:38,3,1,1
BRDA:38,4,0,1
BRDA:38,4,1,0
BRDA:45,5,0,1
BRDA:45,5,1,0
BRDA:45,6,0,0
BRDA:45,6,1,1
BRDA:46,7,0,1
BRDA:46,7,1,0
BRDA:47,8,0,0
BRDA:47,8,1,1
BRDA:50,9,0,1
BRDA:50,9,1,0
BRDA:57,10,0,0
BRDA:57,10,1,1
BRDA:58,11,0,1
BRDA:58,11,1,1
BRDA:58,12,0,1
BRDA:58,12,1,0
BRDA:65,13,0,0
BRDA:65,13,1,1
BRDA:65,14,0,0
BRDA:65,14,1,1
BRDA:66,15,0,1
BRDA:66,15,1,0
BRDA:67,16,0,0
BRDA:67,16,1,1
BRDA:70,17,0,1
BRDA:70,17,1,0
BRDA:77,18,0,0
BRDA:77,18,1,1
BRDA:78,19,0,1
BRDA:78,19,1,1
BRDA:78,20,0,1
BRDA:78,20,1,0
BRDA:85,21,0,0
BRDA:85,21,1,1
BRDA:85,22,0,0
BRDA:85,22,1,1
BRDA:86,23,0,1
BRDA:86,23,1,0
BRDA:87,24,0,0
BRDA:87,24,1,1
BRDA:90,25,0,1
BRDA:90,25,1,0
BRDA:91,26,0,1
BRDA:91,26,1,0
BRF:54
BRH:30
end_of_record
TN:
SF:figma/implementation/src/contexts/Icons/AlertOctagonIcon.tsx
FN:3,I
FNF:1
FNH:0
FNDA:0,I
DA:3,0
DA:6,0
DA:25,0
DA:30,0
LF:4
LH:0
BRDA:3,0,0,0
BRDA:3,0,1,0
BRDA:6,1,0,0
BRDA:6,1,1,0
BRDA:25,2,0,0
BRDA:25,2,1,0
BRDA:30,3,0,0
BRDA:30,3,1,0
BRF:8
BRH:0
end_of_record
TN:
SF:figma/implementation/src/contexts/Icons/AlertTriangleIcon.tsx
FN:3,F
FNF:1
FNH:0
FNDA:0,F
DA:3,0
DA:6,0
DA:23,0
LF:3
LH:0
BRDA:3,0,0,0
BRDA:3,0,1,0
BRDA:6,1,0,0
BRDA:6,1,1,0
BRDA:23,2,0,0
BRDA:23,2,1,0
BRF:6
BRH:0
end_of_record
TN:
SF:figma/implementation/src/contexts/Icons/CopyIcon.tsx
FN:3,ie
FNF:1
FNH:0
FNDA:0,ie
DA:3,0
DA:20,0
LF:2
LH:0
BRDA:3,0,0,0
BRDA:3,0,1,0
BRDA:20,1,0,0
BRDA:20,1,1,0
BRF:4
BRH:0
end_of_record
TN:
SF:figma/implementation/src/contexts/Icons/DownloadCloudIcon.tsx
FN:3,N
FNF:1
FNH:0
FNDA:0,N
DA:3,0
DA:6,0
DA:25,0
DA:30,0
LF:4
LH:0
BRDA:3,0,0,0
BRDA:3,0,1,0
BRDA:6,1,0,0
BRDA:6,1,1,0
BRDA:25,2,0,0
BRDA:25,2,1,0
BRDA:30,3,0,0
BRDA:30,3,1,0
BRF:8
BRH:0
end_of_record
TN:
SF:figma/implementation/src/contexts/Icons/InformationIcon.tsx
FN:3,ne
FNF:1
FNH:0
FNDA:0,ne
DA:3,0
DA:6,0
DA:25,0
DA:30,0
LF:4
LH:0
BRDA:3,0,0,0
BRDA:3,0,1,0
BRDA:6,1,0,0
BRDA:6,1,1,0
BRDA:25,2,0,0
BRDA:25,2,1,0
BRDA:30,3,0,0
BRDA:30,3,1,0
BRF:8
BRH:0
end_of_record
TN:
SF:figma/implementation/src/contexts/Icons.tsx
FN:20,oe
FN:49,se
FNF:2
FNH:1
FNDA:0,oe
FNDA:2,se
DA:20,0
DA:23,0
DA:39,0
DA:44,0
DA:49,2
DA:57,2
DA:73,2
DA:78,2
DA:83,4
LF:9
LH:5
BRDA:20,0,0,0
BRDA:20,0,1,0
BRDA:23,1,0,0
BRDA:23,1,1,0
BRDA:23,2,0,0
BRDA:23,2,1,0
BRDA:23,3,0,0
BRDA:23,3,1,0
BRDA:39,4,0,0
BRDA:39,4,1,0
BRDA:44,5,0,0
BRDA:44,5,1,0
BRDA:49,6,0,0
BRDA:49,6,1,2
BRDA:57,7,0,2
BRDA:57,7,1,0
BRDA:57,8,0,0
BRDA:57,8,1,2
BRDA:57,9,0,2
BRDA:57,9,1,0
BRDA:73,10,0,2
BRDA:73,10,1,0
BRDA:78,11,0,2
BRDA:78,11,1,0
BRF:24
BRH:6
end_of_record
TN:
SF:figma/implementation/src/contexts/Page.tsx
FN:21,Rs
FNF:1
FNH:1
FNDA:2,Rs
DA:20,4
DA:21,2
DA:27,2
DA:30,2
LF:4
LH:4
BRDA:30,0,0,2
BRDA:30,0,1,0
BRF:2
BRH:1
end_of_record
TN:
SF:figma/implementation/src/icons/alert-line.svg
FNF:0
FNH:0
DA:1,1
LF:1
LH:1
BRF:0
BRH:0
end_of_record
TN:
SF:figma/implementation/src/icons/close-menu-panel.svg
FNF:0
FNH:0
DA:1,1
LF:1
LH:1
BRF:0
BRH:0
end_of_record
TN:
SF:figma/implementation/src/icons/file-image-line.svg
FNF:0
FNH:0
DA:1,1
LF:1
LH:1
BRF:0
BRH:0
end_of_record
TN:
SF:figma/implementation/src/icons/file-music-line.svg
FNF:0
FNH:0
DA:1,1
LF:1
LH:1
BRF:0
BRH:0
end_of_record
TN:
SF:figma/implementation/src/icons/file-pdf-2-line.svg
FNF:0
FNH:0
DA:1,1
LF:1
LH:1
BRF:0
BRH:0
end_of_record
TN:
SF:figma/implementation/src/icons/file-unknow-line.svg
FNF:0
FNH:0
DA:1,1
LF:1
LH:1
BRF:0
BRH:0
end_of_record
TN:
SF:figma/implementation/src/icons/file-video-line.svg
FNF:0
FNH:0
DA:1,1
LF:1
LH:1
BRF:0
BRH:0
end_of_record
TN:
SF:figma/implementation/src/icons/information-line.svg
FNF:0
FNH:0
DA:1,1
LF:1
LH:1
BRF:0
BRH:0
end_of_record
TN:
SF:figma/implementation/src/icons/menu.svg
FNF:0
FNH:0
DA:1,1
LF:1
LH:1
BRF:0
BRH:0
end_of_record
TN:
SF:figma/implementation/src/icons/select-trigger.svg
FNF:0
FNH:0
DA:1,1
LF:1
LH:1
BRF:0
BRH:0
end_of_record
TN:
SF:figma/implementation/src/icons/spam-2-line.svg
FNF:0
FNH:0
DA:1,1
LF:1
LH:1
BRF:0
BRH:0
end_of_record
TN:
SF:figma/implementation/src/lib/file-selection-handler.ts
FN:3,sn
FN:6,event
FNF:2
FNH:1
FNDA:1,sn
FNDA:0,event
DA:3,1
DA:6,1
DA:7,0
DA:8,0
LF:4
LH:2
BRDA:8,0,0,0
BRDA:8,0,1,0
BRDA:8,0,2,0
BRF:3
BRH:0
end_of_record
TN:
SF:figma/implementation/src/lib/size-format.ts
FN:12,en
FNF:1
FNH:0
FNDA:0,en
DA:12,0
DA:13,0
DA:15,0
DA:16,0
DA:19,0
DA:25,0
DA:26,0
DA:33,0
LF:8
LH:0
BRDA:12,0,0,0
BRDA:12,1,0,0
BRDA:13,2,0,0
BRDA:13,2,1,0
BRDA:15,3,0,0
BRDA:15,3,1,0
BRDA:19,4,0,0
BRDA:19,4,1,0
BRDA:29,5,0,0
BRDA:29,5,1,0
BRF:10
BRH:0
end_of_record
TN:
SF:figma/implementation/src/lib/utils.ts
FN:4,u
FNF:1
FNH:1
FNDA:207,u
DA:4,207
DA:5,207
LF:2
LH:2
BRF:0
BRH:0
end_of_record
TN:
SF:figma/implementation/src/pages/download-with-password-empty.tsx
FNF:0
FNH:0
DA:1,1
LF:1
LH:1
BRF:0
BRH:0
end_of_record
TN:
SF:figma/implementation/src/pages/download-with-password-filled.tsx
FNF:0
FNH:0
DA:1,1
LF:1
LH:1
BRF:0
BRH:0
end_of_record
TN:
SF:figma/implementation/src/pages/download-without-password.tsx
FN:14,an
FN:39,on
FN:121,e
FN:47,(anonymous_3)
FN:133,(anonymous_4)
FNF:5
FNH:0
FNDA:0,an
FNDA:0,on
FNDA:0,e
FNDA:0,(anonymous_3)
FNDA:0,(anonymous_4)
DA:14,0
DA:19,0
DA:20,0
DA:22,0
DA:27,0
DA:30,0
DA:31,0
DA:32,0
DA:33,0
DA:34,0
DA:39,0
DA:44,0
DA:45,0
DA:48,0
DA:49,0
DA:50,0
DA:51,0
DA:59,0
DA:60,0
DA:63,0
DA:66,0
DA:73,0
DA:79,0
LF:23
LH:0
BRDA:14,0,0,0
BRDA:14,0,1,0
BRDA:19,1,0,0
BRDA:19,1,1,0
BRDA:20,2,0,0
BRDA:20,2,1,0
BRDA:22,3,0,0
BRDA:22,3,1,0
BRDA:27,4,0,0
BRDA:27,4,1,0
BRDA:30,5,0,0
BRDA:30,5,1,0
BRDA:31,6,0,0
BRDA:31,6,1,0
BRDA:32,7,0,0
BRDA:32,7,1,0
BRDA:33,8,0,0
BRDA:33,8,1,0
BRDA:34,9,0,0
BRDA:34,9,1,0
BRDA:115,10,0,0
BRDA:115,10,1,0
BRDA:126,11,0,0
BRDA:126,11,1,0
BRDA:48,12,0,0
BRDA:48,12,1,0
BRDA:48,13,0,0
BRDA:48,13,1,0
BRDA:59,14,0,0
BRDA:59,14,1,0
BRF:30
BRH:0
end_of_record
TN:
SF:figma/implementation/src/pages/file-choosed.tsx
FN:8,Bs
FN:88,t24
FN:8,Vs
FN:8,Hs
FNF:4
FNH:0
FNDA:0,Bs
FNDA:0,t24
FNDA:0,Vs
FNDA:0,Hs
DA:8,0
DA:14,0
DA:24,0
DA:50,0
DA:51,0
DA:53,0
DA:62,0
DA:66,0
DA:67,0
DA:68,0
DA:70,0
DA:82,0
DA:89,0
DA:90,0
DA:97,0
DA:104,0
DA:105,0
DA:107,0
DA:108,0
LF:19
LH:0
BRDA:14,0,0,0
BRDA:14,0,1,0
BRDA:50,1,0,0
BRDA:50,1,1,0
BRDA:51,2,0,0
BRDA:51,2,1,0
BRDA:53,3,0,0
BRDA:53,3,1,0
BRDA:62,4,0,0
BRDA:62,4,1,0
BRDA:66,5,0,0
BRDA:66,5,1,0
BRDA:67,6,0,0
BRDA:67,6,1,0
BRDA:68,7,0,0
BRDA:68,7,1,0
BRDA:70,8,0,0
BRDA:70,8,1,0
BRDA:82,9,0,0
BRDA:82,9,1,0
BRDA:90,10,0,0
BRDA:90,10,1,0
BRDA:104,11,0,0
BRDA:104,11,1,0
BRDA:105,12,0,0
BRDA:105,12,1,0
BRDA:107,13,0,0
BRDA:107,13,1,0
BRDA:108,14,0,0
BRDA:108,14,1,0
BRDA:24,15,0,0
BRDA:24,15,1,0
BRF:32
BRH:0
end_of_record
TN:
SF:figma/implementation/src/pages/file-chooser.tsx
FN:8,ic
FNF:1
FNH:0
FNDA:0,ic
DA:8,0
DA:9,0
DA:15,0
DA:28,0
DA:31,0
DA:32,0
LF:6
LH:0
BRDA:8,0,0,0
BRDA:8,0,1,0
BRDA:15,1,0,0
BRDA:15,1,1,0
BRDA:28,2,0,0
BRDA:28,2,1,0
BRDA:31,3,0,0
BRDA:31,3,1,0
BRDA:32,4,0,0
BRDA:32,4,1,0
BRF:10
BRH:0
end_of_record
TN:
SF:figma/implementation/src/pages/home.tsx
FN:19,lc
FN:29,dc
FN:30,(anonymous_2)
FN:34,className
FN:39,fc
FN:40,(anonymous_5)
FN:44,className
FN:49,pc
FN:51,event
FN:63,mc
FN:99,hc
FN:123,t1
FN:135,eventName_0
FN:139,eventName_1
FN:144,(anonymous_14)
FN:153,eventName_3
FN:156,eventName_4
FN:99,gc
FN:99,_c
FN:99,vc
FNF:20
FNH:10
FNDA:0,lc
FNDA:2,dc
FNDA:0,(anonymous_2)
FNDA:0,className
FNDA:2,fc
FNDA:0,(anonymous_5)
FNDA:0,className
FNDA:2,pc
FNDA:0,event
FNDA:2,mc
FNDA:2,hc
FNDA:2,t1
FNDA:4,eventName_0
FNDA:4,eventName_1
FNDA:0,(anonymous_14)
FNDA:0,eventName_3
FNDA:0,eventName_4
FNDA:2,gc
FNDA:0,_c
FNDA:8,vc
DA:19,0
DA:20,0
DA:23,4
DA:29,2
DA:30,2
DA:31,0
DA:32,0
DA:34,0
DA:35,0
DA:39,2
DA:40,2
DA:41,0
DA:42,0
DA:44,0
DA:45,0
DA:49,2
DA:51,2
DA:52,0
DA:53,0
DA:63,2
DA:99,8
DA:122,2
DA:126,2
DA:131,8
DA:136,4
DA:140,4
DA:144,2
DA:146,0
DA:147,0
DA:154,0
DA:157,0
DA:161,2
DA:164,2
DA:176,2
DA:180,2
DA:190,2
DA:215,2
DA:216,2
DA:217,2
LF:39
LH:23
BRDA:31,0,0,0
BRDA:31,0,1,0
BRDA:41,1,0,0
BRDA:41,1,1,0
BRDA:55,2,0,0
BRDA:55,2,1,0
BRDA:55,2,2,0
BRDA:72,3,0,2
BRDA:72,3,1,0
BRDA:122,4,0,2
BRDA:122,4,1,0
BRDA:164,5,0,2
BRDA:164,5,1,0
BRDA:176,6,0,1
BRDA:176,6,1,1
BRDA:176,7,0,2
BRDA:176,7,1,0
BRDA:180,8,0,2
BRDA:180,8,1,0
BRDA:211,9,0,0
BRDA:211,9,1,0
BRDA:215,10,0,2
BRDA:215,10,1,0
BRDA:216,11,0,2
BRDA:216,11,1,0
BRDA:217,12,0,2
BRDA:217,12,1,0
BRF:27
BRH:10
end_of_record
TN:
SF:figma/implementation/src/pages/login.tsx
FN:7,oc
FN:28,sc
FNF:2
FNH:1
FNDA:0,oc
FNDA:2,sc
DA:7,0
DA:10,0
DA:18,0
DA:22,0
DA:23,0
DA:28,2
DA:50,2
DA:82,2
DA:84,2
DA:85,2
LF:10
LH:5
BRDA:10,0,0,0
BRDA:10,0,1,0
BRDA:10,1,0,0
BRDA:10,1,1,0
BRDA:18,2,0,0
BRDA:18,2,1,0
BRDA:18,3,0,0
BRDA:18,3,1,0
BRDA:22,4,0,0
BRDA:22,4,1,0
BRDA:23,5,0,0
BRDA:23,5,1,0
BRDA:28,6,0,2
BRDA:28,6,1,0
BRDA:50,7,0,0
BRDA:50,7,1,2
BRDA:51,8,0,2
BRDA:51,8,1,0
BRDA:82,9,0,0
BRDA:82,9,1,2
BRDA:84,10,0,2
BRDA:84,10,1,0
BRDA:85,11,0,0
BRDA:85,11,1,2
BRF:24
BRH:6
end_of_record
TN:
SF:figma/implementation/src/pages/mobile-user-space.tsx
FNF:0
FNH:0
DA:1,1
LF:1
LH:1
BRF:0
BRH:0
end_of_record
TN:
SF:figma/implementation/src/pages/no-download-available.tsx
FNF:0
FNH:0
DA:1,1
LF:1
LH:1
BRF:0
BRH:0
end_of_record
TN:
SF:figma/implementation/src/pages/register.tsx
FN:6,de
FN:27,fe
FNF:2
FNH:0
FNDA:0,de
FNDA:0,fe
DA:6,0
DA:9,0
DA:17,0
DA:21,0
DA:22,0
DA:27,0
DA:49,0
DA:86,0
DA:88,0
DA:89,0
LF:10
LH:0
BRDA:9,0,0,0
BRDA:9,0,1,0
BRDA:9,1,0,0
BRDA:9,1,1,0
BRDA:17,2,0,0
BRDA:17,2,1,0
BRDA:17,3,0,0
BRDA:17,3,1,0
BRDA:21,4,0,0
BRDA:21,4,1,0
BRDA:22,5,0,0
BRDA:22,5,1,0
BRDA:27,6,0,0
BRDA:27,6,1,0
BRDA:49,7,0,0
BRDA:49,7,1,0
BRDA:50,8,0,0
BRDA:50,8,1,0
BRDA:86,9,0,0
BRDA:86,9,1,0
BRDA:88,10,0,0
BRDA:88,10,1,0
BRDA:89,11,0,0
BRDA:89,11,1,0
BRF:24
BRH:0
end_of_record
TN:
SF:figma/implementation/src/pages/user-space.tsx
FN:18,Xt
FN:35,t2
FN:109,Zt
FN:122,reduce
FN:133,reduce
FN:180,upload
FN:152,(anonymous_6)
FN:160,response
FN:163,reduce
FN:229,Qt
FN:257,t2
FN:340,(anonymous_11)
FN:229,$t
FNF:13
FNH:12
FNDA:24,Xt
FNDA:14,t2
FNDA:5,Zt
FNDA:4,reduce
FNDA:34,reduce
FNDA:34,upload
FNDA:1,(anonymous_6)
FNDA:1,response
FNDA:2,reduce
FNDA:1,Qt
FNDA:1,t2
FNDA:0,(anonymous_11)
FNDA:1,$t
DA:18,24
DA:35,14
DA:109,5
DA:114,5
DA:120,5
DA:121,5
DA:153,1
DA:155,1
DA:157,1
DA:158,1
DA:161,1
DA:171,0
DA:174,1
DA:178,5
DA:181,34
DA:182,34
DA:229,1
DA:257,1
DA:276,1
DA:341,0
LF:20
LH:18
BRDA:32,0,0,14
BRDA:32,0,1,10
BRDA:58,1,0,14
BRDA:58,1,1,0
BRDA:70,2,0,0
BRDA:70,2,1,0
BRDA:189,3,0,34
BRDA:189,3,1,0
BRDA:205,4,0,5
BRDA:205,4,1,0
BRDA:214,5,0,5
BRDA:214,5,1,2
BRDA:153,6,0,1
BRDA:153,6,1,0
BRDA:222,7,0,0
BRDA:222,7,1,2
BRDA:254,8,0,1
BRDA:254,8,1,0
BRF:18
BRH:10
end_of_record
TN:
SF:localhost-8000
FNF:0
FNH:0
LF:0
LH:0
BRF:0
BRH:0
end_of_record
TN:
SF:localhost-8000/build/assets/app-DyFC3uv0.css
FNF:0
FNH:0
LF:0
LH:0
BRF:0
BRH:0
end_of_record
TN:
SF:localhost-8000/dashboard
FNF:0
FNH:0
LF:0
LH:0
BRF:0
BRH:0
end_of_record
TN:
SF:localhost-8000/fonts.css
FNF:0
FNH:0
LF:0
LH:0
BRF:0
BRH:0
end_of_record
TN:
SF:localhost-8000/login
FNF:0
FNH:0
LF:0
LH:0
BRF:0
BRH:0
end_of_record
TN:
SF:laravel/resources/js/app.tsx
FN:12,title
FN:13,name
FN:16,import
FN:18,setup
FNF:4
FNH:3
FNDA:9,title
FNDA:9,name
FNDA:0,import
FNDA:4,setup
DA:9,4
DA:11,4
DA:18,4
LF:3
LH:3
BRDA:12,0,0,0
BRDA:12,0,1,9
BRF:2
BRH:1
end_of_record
TN:
SF:laravel/resources/js/components/app-logo-icon.tsx
FN:3,i
FNF:1
FNH:0
FNDA:0,i
DA:3,0
DA:5,2
DA:10,0
LF:3
LH:1
BRDA:3,0,0,0
BRDA:3,0,1,0
BRDA:10,1,0,0
BRDA:10,1,1,0
BRF:4
BRH:0
end_of_record
TN:
SF:laravel/resources/js/components/app-shell.tsx
FN:10,go
FNF:1
FNH:1
FNDA:1,go
DA:10,1
DA:13,1
DA:17,1
LF:3
LH:3
BRDA:10,0,0,0
BRDA:10,0,1,1
BRDA:13,1,0,0
BRDA:13,1,1,1
BRDA:13,2,0,0
BRDA:13,2,1,0
BRDA:17,3,0,1
BRDA:17,3,1,0
BRF:8
BRH:3
end_of_record
TN:
SF:laravel/resources/js/components/input-error.tsx
FN:4,a
FNF:1
FNH:1
FNDA:12,a
DA:4,12
DA:6,12
DA:9,2
LF:3
LH:3
BRDA:4,0,0,0
BRDA:4,0,1,12
BRDA:6,1,0,12
BRDA:6,1,1,0
BRDA:6,2,0,12
BRDA:6,2,1,0
BRDA:9,3,0,0
BRDA:9,3,1,12
BRF:8
BRH:4
end_of_record
TN:
SF:laravel/resources/js/components/text-link.tsx
FN:7,o
FNF:1
FNH:0
FNDA:0,o
DA:7,0
DA:8,0
DA:13,2
DA:17,0
LF:4
LH:1
BRDA:7,0,0,0
BRDA:7,0,1,0
BRDA:8,1,0,0
BRDA:8,1,1,0
BRDA:8,2,0,0
BRDA:8,2,1,0
BRDA:17,3,0,0
BRDA:17,3,1,0
BRF:8
BRH:0
end_of_record
TN:
SF:laravel/resources/js/components/ui/avatar.tsx
FN:6,zo
FN:22,Bo
FN:35,Vo
FNF:3
FNH:1
FNDA:1,zo
FNDA:0,Bo
FNDA:0,Vo
DA:6,1
DA:9,1
DA:16,1
DA:22,0
DA:25,0
DA:29,0
DA:35,0
DA:38,0
DA:40,1
DA:45,0
LF:10
LH:4
BRDA:6,0,0,0
BRDA:6,0,1,1
BRDA:9,1,0,0
BRDA:9,1,1,1
BRDA:16,2,0,1
BRDA:16,2,1,0
BRDA:22,3,0,0
BRDA:22,3,1,0
BRDA:25,4,0,0
BRDA:25,4,1,0
BRDA:29,5,0,0
BRDA:29,5,1,0
BRDA:35,6,0,0
BRDA:35,6,1,0
BRDA:38,7,0,0
BRDA:38,7,1,0
BRDA:45,8,0,0
BRDA:45,8,1,0
BRF:18
BRH:3
end_of_record
TN:
SF:laravel/resources/js/components/ui/button.tsx
FN:37,D
FNF:1
FNH:1
FNDA:2,D
DA:7,3
DA:37,2
DA:47,2
DA:50,3
DA:52,2
LF:5
LH:5
BRDA:37,0,0,0
BRDA:37,0,1,2
BRDA:41,1,0,0
BRDA:41,1,1,2
BRDA:41,2,0,2
BRDA:41,2,1,0
BRDA:47,3,0,2
BRDA:47,3,1,0
BRDA:52,4,0,2
BRDA:52,4,1,0
BRF:10
BRH:5
end_of_record
TN:
SF:laravel/resources/js/components/ui/checkbox.tsx
FN:7,ae
FNF:1
FNH:0
FNDA:0,ae
DA:7,0
DA:10,0
DA:17,0
DA:25,0
LF:4
LH:0
BRDA:7,0,0,0
BRDA:7,0,1,0
BRDA:10,1,0,0
BRDA:10,1,1,0
BRDA:17,2,0,0
BRDA:17,2,1,0
BRDA:25,3,0,0
BRDA:25,3,1,0
BRF:8
BRH:0
end_of_record
TN:
SF:laravel/resources/js/components/ui/input.tsx
FN:5,s
FNF:1
FNH:0
FNDA:0,s
DA:5,0
DA:7,3
DA:15,0
LF:3
LH:1
BRDA:5,0,0,0
BRDA:5,0,1,0
BRDA:5,1,0,0
BRDA:5,1,1,0
BRDA:15,2,0,0
BRDA:15,2,1,0
BRF:6
BRH:0
end_of_record
TN:
SF:laravel/resources/js/components/ui/label.tsx
FN:6,f
FNF:1
FNH:1
FNDA:12,f
DA:6,12
DA:9,12
DA:11,2
DA:16,12
LF:4
LH:4
BRDA:6,0,0,0
BRDA:6,0,1,12
BRDA:9,1,0,8
BRDA:9,1,1,4
BRDA:16,2,0,12
BRDA:16,2,1,0
BRF:6
BRH:4
end_of_record
TN:
SF:laravel/resources/js/components/ui/separator.tsx
FN:6,ce
FNF:1
FNH:0
FNDA:0,ce
DA:6,0
DA:8,0
DA:9,0
DA:20,0
LF:4
LH:0
BRDA:6,0,0,0
BRDA:6,0,1,0
BRDA:8,1,0,0
BRDA:8,1,1,0
BRDA:9,2,0,0
BRDA:9,2,1,0
BRDA:9,3,0,0
BRDA:9,3,1,0
BRDA:20,4,0,0
BRDA:20,4,1,0
BRF:10
BRH:0
end_of_record
TN:
SF:laravel/resources/js/components/ui/sheet.tsx
FN:7,Tr
FN:23,Er
FN:29,Dr
FN:45,Or
FN:82,kr
FN:102,Ar
FN:115,jr
FNF:7
FNH:0
FNDA:0,Tr
FNDA:0,Er
FNDA:0,Dr
FNDA:0,Or
FNDA:0,kr
FNDA:0,Ar
FNDA:0,jr
DA:7,0
DA:23,0
DA:25,0
DA:29,0
DA:32,0
DA:39,0
DA:45,0
DA:48,0
DA:60,0
DA:67,0
DA:69,0
DA:76,0
DA:82,0
DA:86,0
DA:102,0
DA:105,0
DA:109,0
DA:115,0
DA:118,0
DA:122,0
LF:20
LH:0
BRDA:7,0,0,0
BRDA:7,0,1,0
BRDA:23,1,0,0
BRDA:23,1,1,0
BRDA:25,2,0,0
BRDA:25,2,1,0
BRDA:29,3,0,0
BRDA:29,3,1,0
BRDA:32,4,0,0
BRDA:32,4,1,0
BRDA:39,5,0,0
BRDA:39,5,1,0
BRDA:45,6,0,0
BRDA:45,6,1,0
BRDA:48,7,0,0
BRDA:48,7,1,0
BRDA:48,8,0,0
BRDA:48,8,1,0
BRDA:60,9,0,0
BRDA:60,9,1,0
BRDA:62,10,0,0
BRDA:62,10,1,0
BRDA:64,11,0,0
BRDA:64,11,1,0
BRDA:66,12,0,0
BRDA:66,12,1,0
BRDA:67,13,0,0
BRDA:67,13,1,0
BRDA:69,14,0,0
BRDA:69,14,1,0
BRDA:76,15,0,0
BRDA:76,15,1,0
BRDA:82,16,0,0
BRDA:82,16,1,0
BRDA:82,17,0,0
BRDA:82,17,1,0
BRDA:86,18,0,0
BRDA:86,18,1,0
BRDA:102,19,0,0
BRDA:102,19,1,0
BRDA:105,20,0,0
BRDA:105,20,1,0
BRDA:109,21,0,0
BRDA:109,21,1,0
BRDA:115,22,0,0
BRDA:115,22,1,0
BRDA:118,23,0,0
BRDA:118,23,1,0
BRDA:122,24,0,0
BRDA:122,24,1,0
BRF:50
BRH:0
end_of_record
TN:
SF:laravel/resources/js/components/ui/sidebar.tsx
FN:45,Xa
FN:75,value
FN:90,t3
FN:95,t4
FN:96,event
FN:106,(anonymous_5)
FN:54,$a
FN:152,eo
FN:250,to
FN:259,no
FN:274,event
FN:312,ro
FN:340,io
FN:351,ao
FN:376,oo
FN:390,so
FN:401,co
FN:445,lo
FN:459,uo
FN:470,fo
FN:503,mo
FNF:21
FNH:4
FNDA:3,Xa
FNDA:0,value
FNDA:0,t3
FNDA:2,t4
FNDA:0,event
FNDA:0,(anonymous_5)
FNDA:0,$a
FNDA:1,eo
FNDA:0,to
FNDA:2,no
FNDA:0,event
FNDA:0,ro
FNDA:0,io
FNDA:0,ao
FNDA:0,oo
FNDA:0,so
FNDA:0,co
FNDA:0,lo
FNDA:0,uo
FNDA:0,fo
FNDA:0,mo
DA:26,1
DA:45,3
DA:46,3
DA:47,3
DA:48,0
DA:49,3
DA:54,2
DA:55,2
DA:74,2
DA:76,0
DA:77,0
DA:87,2
DA:90,2
DA:92,2
DA:96,2
DA:98,0
DA:106,2
DA:112,2
DA:114,2
DA:125,2
DA:133,2
DA:137,2
DA:142,2
DA:147,2
DA:152,1
DA:153,1
DA:166,1
DA:173,0
DA:181,1
DA:187,0
DA:196,0
DA:200,0
DA:201,0
DA:210,1
DA:224,1
DA:229,1
DA:235,1
DA:237,1
DA:245,1
DA:246,1
DA:250,0
DA:259,2
DA:265,2
DA:273,2
DA:275,0
DA:277,2
DA:280,2
DA:282,2
DA:312,0
DA:320,0
DA:340,0
DA:345,0
DA:351,0
DA:356,0
DA:376,0
DA:384,0
DA:390,0
DA:395,0
DA:401,0
DA:406,0
DA:416,0
DA:445,0
DA:448,0
DA:453,0
DA:459,0
DA:464,0
DA:470,0
DA:475,0
DA:481,1
DA:503,0
DA:504,0
DA:517,0
DA:519,0
DA:530,0
DA:534,0
DA:538,0
DA:546,0
DA:548,0
LF:78
LH:38
BRDA:47,0,0,0
BRDA:47,0,1,3
BRDA:54,1,0,0
BRDA:54,1,1,2
BRDA:55,2,0,0
BRDA:55,2,1,2
BRDA:73,3,0,2
BRDA:73,3,1,2
BRDA:73,4,0,2
BRDA:73,4,1,0
BRDA:76,5,0,0
BRDA:76,5,1,0
BRDA:77,6,0,0
BRDA:77,6,1,0
BRDA:87,7,0,2
BRDA:87,7,1,0
BRDA:91,8,0,0
BRDA:91,8,1,0
BRDA:92,9,0,0
BRDA:92,9,1,2
BRDA:98,10,0,0
BRDA:98,10,1,0
BRDA:98,10,2,0
BRDA:98,10,3,0
BRDA:112,11,0,2
BRDA:112,11,1,0
BRDA:112,12,0,2
BRDA:112,12,1,0
BRDA:125,13,0,0
BRDA:125,13,1,2
BRDA:137,14,0,0
BRDA:137,14,1,2
BRDA:142,15,0,2
BRDA:142,15,1,0
BRDA:147,16,0,2
BRDA:147,16,1,0
BRDA:152,17,0,0
BRDA:152,17,1,1
BRDA:153,18,0,1
BRDA:153,18,1,0
BRDA:154,19,0,0
BRDA:154,19,1,1
BRDA:155,20,0,0
BRDA:155,20,1,1
BRDA:166,21,0,0
BRDA:166,21,1,1
BRDA:166,22,0,0
BRDA:166,22,1,0
BRDA:173,23,0,0
BRDA:173,23,1,0
BRDA:181,24,0,0
BRDA:181,24,1,1
BRDA:181,25,0,0
BRDA:181,25,1,0
BRDA:187,26,0,0
BRDA:187,26,1,0
BRDA:196,27,0,0
BRDA:196,27,1,0
BRDA:200,28,0,0
BRDA:200,28,1,0
BRDA:201,29,0,0
BRDA:201,29,1,0
BRDA:210,30,0,0
BRDA:210,30,1,1
BRDA:221,31,0,1
BRDA:221,31,1,0
BRDA:221,32,0,1
BRDA:221,32,1,1
BRDA:223,33,0,0
BRDA:223,33,1,1
BRDA:224,34,0,0
BRDA:224,34,1,1
BRDA:229,35,0,1
BRDA:229,35,1,0
BRDA:233,36,0,1
BRDA:233,36,1,0
BRDA:233,37,0,1
BRDA:233,37,1,1
BRDA:235,38,0,1
BRDA:235,38,1,0
BRDA:237,39,0,0
BRDA:237,39,1,1
BRDA:245,40,0,1
BRDA:245,40,1,0
BRDA:246,41,0,1
BRDA:246,41,1,0
BRDA:256,42,0,0
BRDA:256,42,1,0
BRDA:257,43,0,0
BRDA:257,43,1,0
BRDA:257,44,0,0
BRDA:257,44,1,0
BRDA:259,45,0,0
BRDA:259,45,1,2
BRDA:265,46,0,0
BRDA:265,46,1,2
BRDA:273,47,0,2
BRDA:273,47,1,0
BRDA:277,48,0,2
BRDA:277,48,1,0
BRDA:280,49,0,2
BRDA:280,49,1,0
BRDA:280,50,0,2
BRDA:280,50,1,0
BRDA:282,51,0,2
BRDA:282,51,1,0
BRDA:312,52,0,0
BRDA:312,52,1,0
BRDA:312,53,0,0
BRDA:312,53,1,0
BRDA:320,54,0,0
BRDA:320,54,1,0
BRDA:340,55,0,0
BRDA:340,55,1,0
BRDA:340,56,0,0
BRDA:340,56,1,0
BRDA:345,57,0,0
BRDA:345,57,1,0
BRDA:351,58,0,0
BRDA:351,58,1,0
BRDA:351,59,0,0
BRDA:351,59,1,0
BRDA:356,60,0,0
BRDA:356,60,1,0
BRDA:376,61,0,0
BRDA:376,61,1,0
BRDA:376,62,0,0
BRDA:376,62,1,0
BRDA:384,63,0,0
BRDA:384,63,1,0
BRDA:390,64,0,0
BRDA:390,64,1,0
BRDA:390,65,0,0
BRDA:390,65,1,0
BRDA:395,66,0,0
BRDA:395,66,1,0
BRDA:401,67,0,0
BRDA:401,67,1,0
BRDA:403,68,0,0
BRDA:403,68,1,0
BRDA:403,69,0,0
BRDA:403,69,1,0
BRDA:406,70,0,0
BRDA:406,70,1,0
BRDA:416,71,0,0
BRDA:416,71,1,0
BRDA:445,72,0,0
BRDA:445,72,1,0
BRDA:448,73,0,0
BRDA:448,73,1,0
BRDA:453,74,0,0
BRDA:453,74,1,0
BRDA:459,75,0,0
BRDA:459,75,1,0
BRDA:459,76,0,0
BRDA:459,76,1,0
BRDA:464,77,0,0
BRDA:464,77,1,0
BRDA:470,78,0,0
BRDA:470,78,1,0
BRDA:470,79,0,0
BRDA:470,79,1,0
BRDA:475,80,0,0
BRDA:475,80,1,0
BRDA:503,81,0,0
BRDA:503,81,1,0
BRDA:504,82,0,0
BRDA:504,82,1,0
BRDA:505,83,0,0
BRDA:505,83,1,0
BRDA:506,84,0,0
BRDA:506,84,1,0
BRDA:507,85,0,0
BRDA:507,85,1,0
BRDA:516,86,0,0
BRDA:516,86,1,0
BRDA:517,87,0,0
BRDA:517,87,1,0
BRDA:525,88,0,0
BRDA:525,88,1,0
BRDA:530,89,0,0
BRDA:530,89,1,0
BRDA:534,90,0,0
BRDA:534,90,1,0
BRDA:534,91,0,0
BRDA:534,91,1,0
BRDA:538,92,0,0
BRDA:538,92,1,0
BRDA:546,93,0,0
BRDA:546,93,1,0
BRDA:546,94,0,0
BRDA:546,94,1,0
BRDA:548,95,0,0
BRDA:548,95,1,0
BRF:194
BRH:41
end_of_record
TN:
SF:laravel/resources/js/components/ui/skeleton.tsx
FNF:0
FNH:0
DA:1,1
LF:1
LH:1
BRF:0
BRH:0
end_of_record
TN:
SF:laravel/resources/js/components/ui/spinner.tsx
FN:5,o
FNF:1
FNH:1
FNDA:1,o
DA:5,1
DA:7,2
DA:10,1
LF:3
LH:3
BRDA:5,0,0,0
BRDA:5,0,1,1
BRDA:5,1,0,0
BRDA:5,1,1,1
BRDA:10,2,0,1
BRDA:10,2,1,0
BRF:6
BRH:3
end_of_record
TN:
SF:laravel/resources/js/components/ui/tooltip.tsx
FN:6,za
FN:19,Ba
FN:29,Va
FN:35,Ha
FNF:4
FNH:1
FNDA:2,za
FNDA:0,Ba
FNDA:0,Va
FNDA:0,Ha
DA:6,2
DA:7,2
DA:19,0
DA:21,0
DA:29,0
DA:31,0
DA:35,0
DA:37,0
DA:49,0
DA:53,0
LF:10
LH:2
BRDA:6,0,0,0
BRDA:6,0,1,2
BRDA:7,1,0,0
BRDA:7,1,1,2
BRDA:7,2,0,2
BRDA:7,2,1,0
BRDA:19,3,0,0
BRDA:19,3,1,0
BRDA:21,4,0,0
BRDA:21,4,1,0
BRDA:29,5,0,0
BRDA:29,5,1,0
BRDA:31,6,0,0
BRDA:31,6,1,0
BRDA:35,7,0,0
BRDA:35,7,1,0
BRDA:37,8,0,0
BRDA:37,8,1,0
BRDA:37,9,0,0
BRDA:37,9,1,0
BRDA:49,10,0,0
BRDA:49,10,1,0
BRDA:53,11,0,0
BRDA:53,11,1,0
BRF:24
BRH:3
end_of_record
TN:
SF:laravel/resources/js/hooks/use-appearance.tsx
FN:9,(anonymous_0)
FN:15,(anonymous_1)
FN:21,(anonymous_2)
FN:27,(anonymous_3)
FN:31,(anonymous_4)
FN:40,(anonymous_5)
FN:41,listeners
FN:46,(anonymous_7)
FN:46,(anonymous_8)
FN:48,(anonymous_9)
FN:54,(anonymous_10)
FN:59,qg
FN:74,Jg
FN:74,Xg
FNF:14
FNH:7
FNDA:4,(anonymous_0)
FNDA:2,(anonymous_1)
FNDA:4,(anonymous_2)
FNDA:4,(anonymous_3)
FNDA:4,(anonymous_4)
FNDA:0,(anonymous_5)
FNDA:0,listeners
FNDA:0,(anonymous_7)
FNDA:0,(anonymous_8)
FNDA:4,(anonymous_9)
FNDA:0,(anonymous_10)
FNDA:4,qg
FNDA:0,Jg
FNDA:0,Xg
DA:16,2
DA:18,2
DA:32,4
DA:36,4
DA:55,0
DA:59,4
DA:60,4
DA:74,0
DA:87,0
LF:9
LH:6
BRDA:10,0,0,0
BRDA:10,0,1,4
BRDA:15,1,0,2
BRDA:22,2,0,0
BRDA:22,2,1,4
BRDA:22,2,2,0
BRDA:28,3,0,4
BRDA:28,3,1,4
BRDA:28,3,2,4
BRDA:37,4,0,0
BRDA:37,4,1,4
BRDA:49,5,0,0
BRDA:49,5,1,4
BRDA:60,6,0,4
BRDA:60,6,1,4
BRDA:60,6,2,2
BRDA:74,7,0,0
BRDA:74,7,1,0
BRDA:97,8,0,0
BRDA:97,8,1,0
BRF:20
BRH:11
end_of_record
TN:
SF:laravel/resources/js/hooks/use-mobile.tsx
FN:10,P
FN:15,(anonymous_1)
FN:22,ee
FN:26,te
FN:30,ne
FNF:5
FNH:3
FNDA:2,P
FNDA:0,(anonymous_1)
FNDA:4,ee
FNDA:0,te
FNDA:2,ne
DA:10,2
DA:18,0
DA:22,4
DA:23,4
DA:26,0
DA:27,0
DA:30,2
LF:7
LH:4
BRDA:6,0,0,0
BRDA:6,0,1,1
BRDA:23,1,0,4
BRDA:23,1,1,0
BRF:4
BRH:2
end_of_record
TN:
SF:laravel/resources/js/layouts/auth/auth-simple-layout.tsx
FN:12,s
FNF:1
FNH:0
FNDA:0,s
DA:12,0
DA:16,0
DA:23,0
DA:28,0
DA:30,0
DA:33,0
DA:36,0
DA:37,0
DA:38,0
LF:9
LH:0
BRDA:16,0,0,0
BRDA:16,0,1,0
BRDA:23,1,0,0
BRDA:23,1,1,0
BRDA:28,2,0,0
BRDA:28,2,1,0
BRDA:30,3,0,0
BRDA:30,3,1,0
BRDA:33,4,0,0
BRDA:33,4,1,0
BRDA:36,5,0,0
BRDA:36,5,1,0
BRDA:37,6,0,0
BRDA:37,6,1,0
BRDA:38,7,0,0
BRDA:38,7,1,0
BRF:16
BRH:0
end_of_record
TN:
SF:laravel/resources/js/layouts/auth-layout.tsx
FN:3,l
FNF:1
FNH:0
FNDA:0,l
DA:3,0
DA:12,0
DA:14,2
LF:3
LH:1
BRDA:3,0,0,0
BRDA:3,0,1,0
BRDA:12,1,0,0
BRDA:12,1,1,0
BRF:4
BRH:0
end_of_record
TN:
SF:laravel/resources/js/lib/utils.ts
FN:5,r
FN:9,i
FNF:2
FNH:1
FNDA:14,r
FNDA:0,i
DA:5,14
DA:6,14
DA:9,0
DA:10,0
LF:4
LH:2
BRDA:10,0,0,0
BRDA:10,0,1,0
BRF:2
BRH:0
end_of_record
TN:
SF:laravel/resources/js/pages/auth/login.tsx
FN:21,oe
FN:51,t4
FN:21,ce
FN:158,$
FN:175,t5
FNF:5
FNH:2
FNDA:2,oe
FNDA:8,t4
FNDA:0,ce
FNDA:0,$
FNDA:0,t5
DA:21,2
DA:33,2
DA:43,2
DA:48,2
DA:51,8
DA:124,0
DA:131,0
DA:158,0
DA:162,0
DA:164,2
DA:168,0
DA:172,0
DA:175,0
DA:249,0
DA:255,0
LF:15
LH:6
BRDA:33,0,0,0
BRDA:33,0,1,2
BRDA:33,1,0,0
BRDA:33,1,1,0
BRDA:43,2,0,2
BRDA:43,2,1,0
BRDA:48,3,0,0
BRDA:48,3,1,2
BRDA:121,4,0,8
BRDA:121,4,1,8
BRDA:147,5,0,8
BRDA:147,5,1,2
BRDA:162,6,0,0
BRDA:162,6,1,0
BRDA:168,7,0,0
BRDA:168,7,1,0
BRDA:172,8,0,0
BRDA:172,8,1,0
BRDA:196,9,0,0
BRDA:196,9,1,0
BRDA:234,10,0,0
BRDA:234,10,1,0
BRDA:239,11,0,0
BRDA:239,11,1,0
BRDA:249,12,0,0
BRDA:249,12,1,0
BRDA:251,13,0,0
BRDA:251,13,1,0
BRDA:255,14,0,0
BRDA:255,14,1,0
BRF:30
BRH:7
end_of_record
TN:
SF:laravel/resources/js/pages/dashboard.tsx
FN:15,_
FN:18,(anonymous_1)
FN:36,v
FN:54,t1
FN:36,y
FN:36,b
FN:36,x
FNF:7
FNH:3
FNDA:1,_
FNDA:2,(anonymous_1)
FNDA:1,v
FNDA:0,t1
FNDA:0,y
FNDA:0,b
FNDA:0,x
DA:15,1
DA:18,1
DA:19,2
DA:29,2
DA:30,0
DA:32,2
DA:36,1
DA:38,1
DA:39,1
DA:51,1
DA:55,0
DA:66,0
DA:74,0
DA:77,0
DA:80,1
DA:81,1
DA:89,1
LF:17
LH:12
BRDA:19,0,0,2
BRDA:19,0,1,1
BRDA:22,1,0,1
BRDA:22,1,1,1
BRDA:29,2,0,0
BRDA:29,2,1,2
BRDA:39,3,0,0
BRDA:39,3,1,1
BRDA:51,4,0,0
BRDA:51,4,1,1
BRDA:80,5,0,1
BRDA:80,5,1,0
BRDA:81,6,0,1
BRDA:81,6,1,0
BRDA:89,7,0,1
BRDA:89,7,1,0
BRDA:64,8,0,0
BRDA:64,8,1,0
BRF:18
BRH:10
end_of_record
TN:
SF:laravel/resources/js/pages/welcome.tsx
FN:8,Hr
FN:29,t0
FN:41,progress_0
FN:45,onSuccess
FN:75,res
FN:81,jsonResponse
FN:100,(anonymous_6)
FN:108,t2
FN:148,t4
FN:152,t5
FN:8,Ur
FN:8,Wr
FNF:12
FNH:3
FNDA:2,Hr
FNDA:2,t0
FNDA:0,progress_0
FNDA:0,onSuccess
FNDA:0,res
FNDA:0,jsonResponse
FNDA:0,(anonymous_6)
FNDA:0,t2
FNDA:0,t4
FNDA:0,t5
FNDA:0,Ur
FNDA:2,Wr
DA:8,2
DA:27,2
DA:30,2
DA:41,2
DA:42,0
DA:47,0
DA:49,0
DA:54,0
DA:59,0
DA:60,0
DA:61,0
DA:65,0
DA:82,0
DA:86,0
DA:94,0
DA:100,2
DA:103,0
DA:108,2
DA:112,0
DA:114,0
DA:115,0
DA:123,0
DA:124,0
DA:126,2
DA:139,2
DA:149,0
DA:153,0
DA:155,2
DA:156,2
LF:29
LH:10
BRDA:27,0,0,2
BRDA:27,0,1,0
BRDA:30,1,0,2
BRDA:30,1,1,2
BRDA:49,2,0,0
BRDA:49,2,1,0
BRDA:50,3,0,0
BRDA:50,3,1,0
BRDA:50,3,2,0
BRDA:59,4,0,0
BRDA:59,4,1,0
BRDA:56,5,0,0
BRDA:56,5,1,0
BRDA:56,5,2,0
BRDA:65,6,0,0
BRDA:65,6,1,0
BRDA:76,7,0,0
BRDA:76,7,1,0
BRDA:106,8,0,0
BRDA:106,8,1,2
BRDA:113,9,0,0
BRDA:113,9,1,0
BRDA:126,10,0,0
BRDA:126,10,1,2
BRDA:139,11,0,0
BRDA:139,11,1,2
BRDA:155,12,0,2
BRDA:155,12,1,0
BRDA:156,13,0,2
BRDA:156,13,1,0
BRF:30
BRH:8
end_of_record
TN:
SF:laravel/resources/js/routes/index.ts
FN:7,options
FN:22,options
FN:31,options
FN:41,options
FN:51,options
FN:61,options
FN:71,options
FN:88,options
FN:103,options
FN:112,options
FN:122,options
FN:132,options
FN:144,options
FN:159,options
FN:168,options
FN:178,options
FN:188,options
FN:198,options
FN:208,options
FN:224,options
FN:238,options
FN:246,options
FN:255,options
FN:264,options
FN:273,options
FN:282,options
FN:298,options
FN:312,options
FN:320,options
FN:329,options
FN:338,options
FN:347,options
FN:356,options
FN:372,options
FN:386,options
FN:394,options
FN:403,options
FN:412,options
FN:421,options
FN:430,options
FNF:40
FNH:0
FNDA:0,options
FNDA:0,options
FNDA:0,options
FNDA:0,options
FNDA:0,options
FNDA:0,options
FNDA:0,options
FNDA:0,options
FNDA:0,options
FNDA:0,options
FNDA:0,options
FNDA:0,options
FNDA:0,options
FNDA:0,options
FNDA:0,options
FNDA:0,options
FNDA:0,options
FNDA:0,options
FNDA:0,options
FNDA:0,options
FNDA:0,options
FNDA:0,options
FNDA:0,options
FNDA:0,options
FNDA:0,options
FNDA:0,options
FNDA:0,options
FNDA:0,options
FNDA:0,options
FNDA:0,options
FNDA:0,options
FNDA:0,options
FNDA:0,options
FNDA:0,options
FNDA:0,options
FNDA:0,options
FNDA:0,options
FNDA:0,options
FNDA:0,options
FNDA:0,options
DA:12,3
DA:51,3
DA:61,3
DA:88,3
DA:93,3
DA:122,3
DA:132,3
DA:144,3
DA:149,3
DA:188,3
DA:198,3
DA:224,3
DA:229,3
DA:264,3
DA:273,3
DA:298,3
DA:303,3
DA:338,3
DA:347,3
DA:372,3
DA:377,3
DA:412,3
DA:421,3
DA:440,3
LF:24
LH:24
BRDA:73,0,0,0
BRDA:73,0,1,0
BRDA:75,1,0,0
BRDA:75,1,1,0
BRDA:75,1,2,0
BRDA:210,2,0,0
BRDA:210,2,1,0
BRDA:212,3,0,0
BRDA:212,3,1,0
BRDA:212,3,2,0
BRDA:284,4,0,0
BRDA:284,4,1,0
BRDA:286,5,0,0
BRDA:286,5,1,0
BRDA:286,5,2,0
BRDA:358,6,0,0
BRDA:358,6,1,0
BRDA:360,7,0,0
BRDA:360,7,1,0
BRDA:360,7,2,0
BRDA:432,8,0,0
BRDA:432,8,1,0
BRDA:434,9,0,0
BRDA:434,9,1,0
BRDA:434,9,2,0
BRF:25
BRH:0
end_of_record
TN:
SF:laravel/resources/js/routes/login/index.ts
FN:7,options
FN:22,options
FN:31,options
FN:41,options
FN:51,options
FNF:5
FNH:2
FNDA:0,options
FNDA:2,options
FNDA:0,options
FNDA:2,options
FNDA:0,options
DA:7,2
DA:12,2
DA:41,2
DA:51,2
LF:4
LH:4
BRF:0
BRH:0
end_of_record
TN:
SF:laravel/resources/js/routes/password/confirm/index.ts
FN:7,options
FN:22,options
FN:31,options
FN:41,options
FN:51,options
FNF:5
FNH:0
FNDA:0,options
FNDA:0,options
FNDA:0,options
FNDA:0,options
FNDA:0,options
DA:7,2
DA:12,2
DA:41,2
DA:51,2
LF:4
LH:4
BRF:0
BRH:0
end_of_record
TN:
SF:laravel/resources/js/routes/password/index.ts
FN:8,options
FN:23,options
FN:32,options
FN:42,options
FN:52,options
FN:62,options
FN:72,options
FN:89,reset
FN:104,url
FN:131,get
FN:141,head
FN:151,resetForm
FN:161,get
FN:171,head
FN:188,options
FN:203,options
FN:212,options
FN:222,options
FN:232,options
FN:244,options
FN:259,options
FN:268,options
FN:278,options
FN:288,options
FN:300,options
FN:315,options
FN:324,options
FN:334,options
FN:344,options
FN:354,options
FN:364,options
FN:381,options
FN:396,options
FN:405,options
FN:415,options
FN:425,options
FN:435,options
FN:445,options
FNF:38
FNH:2
FNDA:2,options
FNDA:2,options
FNDA:0,options
FNDA:0,options
FNDA:0,options
FNDA:0,options
FNDA:0,options
FNDA:0,reset
FNDA:0,url
FNDA:0,get
FNDA:0,head
FNDA:0,resetForm
FNDA:0,get
FNDA:0,head
FNDA:0,options
FNDA:0,options
FNDA:0,options
FNDA:0,options
FNDA:0,options
FNDA:0,options
FNDA:0,options
FNDA:0,options
FNDA:0,options
FNDA:0,options
FNDA:0,options
FNDA:0,options
FNDA:0,options
FNDA:0,options
FNDA:0,options
FNDA:0,options
FNDA:0,options
FNDA:0,options
FNDA:0,options
FNDA:0,options
FNDA:0,options
FNDA:0,options
FNDA:0,options
FNDA:0,options
DA:8,2
DA:13,2
DA:52,2
DA:62,2
DA:89,2
DA:94,2
DA:104,0
DA:117,0
DA:121,0
DA:151,2
DA:161,2
DA:188,2
DA:193,2
DA:222,2
DA:232,2
DA:244,2
DA:249,2
DA:278,2
DA:288,2
DA:300,2
DA:305,2
DA:344,2
DA:354,2
DA:381,2
DA:386,2
DA:425,2
DA:435,2
LF:27
LH:24
BRDA:74,0,0,0
BRDA:74,0,1,0
BRDA:76,1,0,0
BRDA:76,1,1,0
BRDA:76,1,2,0
BRDA:104,2,0,0
BRDA:104,2,1,0
BRDA:104,2,2,0
BRDA:109,3,0,0
BRDA:109,3,1,0
BRDA:173,4,0,0
BRDA:173,4,1,0
BRDA:175,5,0,0
BRDA:175,5,1,0
BRDA:175,5,2,0
BRDA:366,6,0,0
BRDA:366,6,1,0
BRDA:368,7,0,0
BRDA:368,7,1,0
BRDA:368,7,2,0
BRDA:447,8,0,0
BRDA:447,8,1,0
BRDA:449,9,0,0
BRDA:449,9,1,0
BRDA:449,9,2,0
BRF:25
BRH:0
end_of_record
TN:
SF:laravel/resources/js/wayfinder/index.ts
FN:15,urlDefaults
FN:31,value
FN:43,addNestedParams
FN:48,forEach
FN:54,v
FN:63,options
FN:90,value
FN:94,forEach
FN:126,existing
FNF:9
FNH:1
FNDA:0,urlDefaults
FNDA:0,value
FNDA:0,addNestedParams
FNDA:0,forEach
FNDA:0,v
FNDA:4,options
FNDA:0,value
FNDA:0,forEach
FNDA:0,existing
DA:15,3
DA:48,0
DA:49,0
DA:51,0
DA:53,0
DA:64,4
DA:65,4
DA:68,0
DA:77,4
DA:78,0
DA:80,0
DA:81,0
DA:82,0
DA:85,0
DA:91,0
DA:95,0
DA:106,0
DA:108,0
DA:128,0
DA:131,0
DA:133,0
DA:141,0
LF:22
LH:4
BRDA:32,0,0,0
BRDA:32,0,1,0
BRDA:36,1,0,0
BRDA:36,1,1,0
BRDA:49,2,0,0
BRDA:49,2,1,0
BRDA:53,3,0,0
BRDA:53,3,1,0
BRDA:53,3,2,0
BRDA:55,4,0,0
BRDA:55,4,1,0
BRDA:55,4,2,0
BRDA:64,5,0,4
BRDA:64,5,1,0
BRDA:64,6,0,4
BRDA:64,6,1,0
BRDA:64,6,2,0
BRDA:68,7,0,0
BRDA:68,7,1,0
BRDA:72,8,0,0
BRDA:72,8,1,0
BRDA:72,9,0,4
BRDA:72,9,1,0
BRDA:80,10,0,0
BRDA:80,10,1,0
BRDA:85,11,0,0
BRDA:85,11,1,0
BRDA:85,11,2,0
BRDA:93,12,0,0
BRDA:93,12,1,0
BRDA:95,13,0,0
BRDA:95,13,1,0
BRDA:108,14,0,0
BRDA:108,14,1,0
BRDA:128,15,0,0
BRDA:128,15,1,0
BRDA:133,16,0,0
BRDA:133,16,1,0
BRDA:133,16,2,0
BRF:39
BRH:3
end_of_record
