TN:
SF:figma/implementation/.storybook/preview.ts
FNF:0
FNH:0
DA:4,14
LF:1
LH:1
end_of_record
TN:
SF:figma/implementation/src/components/ActiveUploadActions.tsx
FN:11,FileAction
FN:11,sr
FN:13,(anonymous_1)
FN:14,t2
FN:40,ActiveUploadActions
FN:40,cr
FN:40,lr
FN:52,(anonymous_3)
FNDA:9,FileAction
FNDA:1,sr
FNDA:9,(anonymous_1)
FNDA:1,t2
FNDA:9,ActiveUploadActions
FNDA:1,cr
FNDA:1,lr
FNDA:9,(anonymous_3)
FNF:8
FNH:8
DA:1,1
DA:11,1
DA:12,9
DA:14,1
DA:15,9
DA:40,1
DA:46,1
DA:47,9
DA:49,1
DA:53,10
DA:55,1
DA:56,1
DA:63,1
DA:68,1
DA:69,1
DA:71,1
DA:74,1
DA:75,1
DA:77,1
LF:19
LH:19
end_of_record
TN:
SF:figma/implementation/src/components/Callout.tsx
FN:10,Callout
FN:10,ke
FN:20,(anonymous_1)
FN:21,t4
FNDA:7,Callout
FNDA:2,ke
FNDA:7,(anonymous_1)
FNDA:1,t4
FNF:4
FNH:4
DA:10,2
DA:15,7
DA:16,7
DA:17,7
DA:19,7
DA:21,1
DA:22,7
LF:7
LH:7
end_of_record
TN:
SF:figma/implementation/src/components/Copyright.tsx
FN:3,A
FN:3,Copyright
FNDA:18,A
FNDA:10,Copyright
FNF:2
FNH:2
DA:3,18
DA:4,10
DA:5,18
DA:6,18
LF:4
LH:4
end_of_record
TN:
SF:figma/implementation/src/components/ErrorBoundary.tsx
FN:13,(anonymous_0)
FN:16,(anonymous_0)
FN:16,getDerivedStateFromError
FN:20,(anonymous_1)
FN:20,render
FN:26,(anonymous_2)
FN:26,(anonymous_3)
FNDA:2,(anonymous_0)
FNDA:2,(anonymous_0)
FNDA:0,getDerivedStateFromError
FNDA:4,(anonymous_1)
FNDA:2,render
FNDA:0,(anonymous_2)
FNDA:0,(anonymous_3)
FNF:7
FNH:4
DA:1,2
DA:7,11
DA:13,2
DA:14,2
DA:17,2
DA:21,4
DA:22,2
DA:26,0
DA:32,4
LF:9
LH:8
end_of_record
TN:
SF:figma/implementation/src/components/Footer.tsx
FN:4,Footer
FN:4,M
FNDA:9,Footer
FNDA:17,M
FNF:2
FNH:2
DA:4,17
DA:5,9
LF:2
LH:2
end_of_record
TN:
SF:figma/implementation/src/components/Header.tsx
FN:31,(anonymous_1)
FN:9,Header
FN:9,P
FNDA:3,(anonymous_1)
FNDA:9,Header
FNDA:17,P
FNF:3
FNH:3
DA:9,17
DA:12,17
DA:14,9
DA:15,17
DA:28,17
DA:32,3
DA:33,0
DA:35,0
DA:50,17
DA:52,17
LF:10
LH:8
end_of_record
TN:
SF:figma/implementation/src/components/InputField.tsx
FN:4,InputField
FN:4,_r
FNDA:1,InputField
FNDA:4,_r
FNF:2
FNH:2
DA:1,3
DA:4,4
DA:19,1
DA:20,1
DA:21,4
DA:22,4
DA:24,4
DA:34,4
DA:35,4
LF:9
LH:9
end_of_record
TN:
SF:figma/implementation/src/components/MimeTypeIcon.tsx
FN:12,(anonymous_1)
FN:13,t2
FN:4,MimeTypeIcon
FN:4,Re
FNDA:15,(anonymous_1)
FNDA:4,t2
FNDA:15,MimeTypeIcon
FNDA:5,Re
FNF:4
FNH:4
DA:4,5
DA:11,15
DA:13,4
DA:20,4
DA:21,19
DA:23,0
DA:24,0
DA:26,13
DA:27,13
DA:29,0
DA:30,0
DA:33,4
DA:34,4
DA:36,2
DA:37,4
DA:38,15
LF:16
LH:12
end_of_record
TN:
SF:figma/implementation/src/components/PageHeader/HeaderActions.tsx
FN:21,(anonymous_1)
FN:21,t4
FN:22,(anonymous_2)
FN:3,Fe
FN:3,HeaderActions
FN:3,Ie
FNDA:0,(anonymous_1)
FNDA:0,t4
FNDA:0,(anonymous_2)
FNDA:2,Fe
FNDA:1,HeaderActions
FNDA:0,Ie
FNF:6
FNH:2
DA:3,2
DA:11,2
DA:12,1
DA:20,2
DA:22,0
DA:23,0
DA:42,2
DA:44,2
DA:45,2
LF:9
LH:7
end_of_record
TN:
SF:figma/implementation/src/components/PageHeader/Profile.tsx
FN:106,(anonymous_3)
FN:13,DesignAvatar
FN:13,fn
FN:52,Profile
FN:52,hn
FN:52,pn
FN:81,(anonymous_2)
FNDA:1,(anonymous_3)
FNDA:2,DesignAvatar
FNDA:0,fn
FNDA:3,Profile
FNDA:2,hn
FNDA:2,pn
FNDA:3,(anonymous_2)
FNF:7
FNH:6
DA:13,0
DA:21,0
DA:22,2
DA:24,0
DA:28,0
DA:34,0
DA:45,0
DA:47,0
DA:52,2
DA:59,2
DA:60,3
DA:65,2
DA:71,2
DA:77,2
DA:82,2
DA:83,3
DA:89,2
DA:91,2
DA:95,2
DA:98,2
DA:108,1
DA:109,0
DA:111,1
DA:112,1
DA:117,0
DA:122,2
DA:126,2
DA:132,2
DA:135,2
DA:136,2
DA:137,2
LF:31
LH:22
end_of_record
TN:
SF:figma/implementation/src/components/UploadDetails.tsx
FN:10,ChevronDown
FN:10,tl
FN:109,(anonymous_10)
FN:117,UploadDetails
FN:117,dl
FN:117,fl
FN:13,(anonymous_1)
FN:204,(anonymous_12)
FN:204,e
FN:208,(anonymous_13)
FN:208,val
FN:253,(anonymous_12)
FN:253,(anonymous_14)
FN:258,(anonymous_15)
FN:41,ExpirationDays
FN:41,al
FN:41,cl
FN:41,il
FN:41,ll
FN:41,ol
FN:41,sl
FN:41,ul
FN:48,(anonymous_3)
FN:67,(anonymous_4)
FN:67,option
FN:74,(anonymous_5)
FN:84,(anonymous_6)
FN:88,(anonymous_7)
FN:94,(anonymous_8)
FN:99,(anonymous_9)
FNDA:1,ChevronDown
FNDA:1,tl
FNDA:1,(anonymous_10)
FNDA:1,UploadDetails
FNDA:3,dl
FNDA:1,fl
FNDA:1,(anonymous_1)
FNDA:0,(anonymous_12)
FNDA:0,e
FNDA:0,(anonymous_13)
FNDA:0,val
FNDA:1,(anonymous_12)
FNDA:0,(anonymous_14)
FNDA:1,(anonymous_15)
FNDA:1,ExpirationDays
FNDA:0,al
FNDA:2,cl
FNDA:2,il
FNDA:2,ll
FNDA:0,ol
FNDA:2,sl
FNDA:2,ul
FNDA:1,(anonymous_3)
FNDA:0,(anonymous_4)
FNDA:0,option
FNDA:1,(anonymous_5)
FNDA:1,(anonymous_6)
FNDA:1,(anonymous_7)
FNDA:0,(anonymous_8)
FNDA:0,(anonymous_9)
FNF:30
FNH:19
DA:1,2
DA:10,2
DA:11,1
DA:12,2
DA:14,1
DA:15,1
DA:20,2
DA:31,13
DA:41,2
DA:48,1
DA:51,1
DA:58,1
DA:60,2
DA:62,2
DA:68,0
DA:69,0
DA:71,2
DA:74,1
DA:84,1
DA:88,1
DA:94,0
DA:99,0
DA:109,1
DA:110,2
DA:112,2
DA:117,3
DA:143,1
DA:144,1
DA:145,1
DA:147,1
DA:204,0
DA:208,0
DA:254,1
DA:259,2
LF:34
LH:28
end_of_record
TN:
SF:figma/implementation/src/components/UploadFilter.tsx
FN:12,UploadFilter
FN:12,te
FN:40,(anonymous_1)
FN:40,t6
FN:60,(anonymous_2)
FN:60,t15
FN:80,(anonymous_3)
FN:80,t24
FNDA:4,UploadFilter
FNDA:2,te
FNDA:0,(anonymous_1)
FNDA:0,t6
FNDA:0,(anonymous_2)
FNDA:0,t15
FNDA:0,(anonymous_3)
FNDA:0,t24
FNF:8
FNH:2
DA:12,2
DA:17,4
DA:18,4
DA:19,6
DA:22,4
DA:23,4
DA:24,4
DA:26,4
DA:37,2
DA:38,2
DA:39,2
DA:40,0
DA:45,2
DA:46,2
DA:47,2
DA:50,2
DA:57,2
DA:58,2
DA:59,2
DA:60,0
DA:65,2
DA:66,2
DA:67,2
DA:70,2
DA:77,2
DA:78,2
DA:79,2
DA:80,0
DA:85,2
DA:86,2
DA:87,2
DA:90,2
DA:91,2
LF:33
LH:30
end_of_record
TN:
SF:figma/implementation/src/components/ui/popover.tsx
FN:1,(anonymous_0)
FN:12,PopoverTrigger
FN:12,rr
FN:18,PopoverContent
FN:18,ir
FN:40,PopoverAnchor
FN:46,PopoverHeader
FN:56,PopoverTitle
FN:56,ar
FN:6,Popover
FN:6,nr
FN:66,PopoverDescription
FNDA:1,(anonymous_0)
FNDA:9,PopoverTrigger
FNDA:1,rr
FNDA:9,PopoverContent
FNDA:1,ir
FNDA:0,PopoverAnchor
FNDA:0,PopoverHeader
FNDA:0,PopoverTitle
FNDA:0,ar
FNDA:9,Popover
FNDA:1,nr
FNDA:0,PopoverDescription
FNF:12
FNH:7
DA:1,1
DA:6,1
DA:8,1
DA:9,9
DA:12,1
DA:14,1
DA:15,9
DA:18,1
DA:20,1
DA:21,1
DA:24,9
DA:33,1
DA:43,0
DA:47,0
DA:56,0
DA:57,0
DA:60,0
DA:70,0
LF:18
LH:12
end_of_record
TN:
SF:figma/implementation/src/contexts/Icons.tsx
FNF:0
FNH:0
DA:1,10
DA:26,21
LF:2
LH:2
end_of_record
TN:
SF:figma/implementation/src/contexts/Icons/AlertOctagonIcon.tsx
FN:3,AlertOctagonIcon
FN:3,Ce
FNDA:2,AlertOctagonIcon
FNDA:0,Ce
FNF:2
FNH:1
DA:3,0
DA:6,0
DA:7,2
DA:25,0
DA:30,0
LF:5
LH:1
end_of_record
TN:
SF:figma/implementation/src/contexts/Icons/AlertTriangleIcon.tsx
FN:3,AlertTriangleIcon
FN:3,xe
FNDA:1,AlertTriangleIcon
FNDA:0,xe
FNF:2
FNH:1
DA:3,0
DA:6,0
DA:7,1
DA:23,0
LF:4
LH:1
end_of_record
TN:
SF:figma/implementation/src/contexts/Icons/CopyIcon.tsx
FN:3,CopyIcon
FN:3,De
FNDA:1,CopyIcon
FNDA:1,De
FNF:2
FNH:2
DA:3,1
DA:4,1
DA:20,1
LF:3
LH:3
end_of_record
TN:
SF:figma/implementation/src/contexts/Icons/DataShareLightIcon.tsx
FN:3,DataShareLightLogo
FN:3,he
FNDA:1,DataShareLightLogo
FNDA:7,he
FNF:2
FNH:2
DA:3,7
DA:9,1
DA:11,7
DA:27,7
DA:32,7
LF:5
LH:5
end_of_record
TN:
SF:figma/implementation/src/contexts/Icons/DownloadCloudIcon.tsx
FN:3,DownloadCloudIcon
FN:3,ye
FNDA:3,DownloadCloudIcon
FNDA:2,ye
FNF:2
FNH:2
DA:3,2
DA:6,2
DA:7,3
DA:25,2
DA:30,2
LF:5
LH:5
end_of_record
TN:
SF:figma/implementation/src/contexts/Icons/InformationIcon.tsx
FN:3,InformationIcon
FN:3,Te
FNDA:4,InformationIcon
FNDA:1,Te
FNF:2
FNH:2
DA:3,1
DA:6,1
DA:7,4
DA:25,1
DA:30,1
LF:5
LH:5
end_of_record
TN:
SF:figma/implementation/src/contexts/Icons/UploadIcon.tsx
FN:3,UploadIcon
FN:3,_e
FNDA:1,UploadIcon
FNDA:1,_e
FNF:2
FNH:2
DA:3,1
DA:9,1
DA:11,1
DA:27,1
DA:32,1
LF:5
LH:5
end_of_record
TN:
SF:figma/implementation/src/contexts/Page.tsx
FNF:0
FNH:0
DA:1,1
DA:2,3
LF:2
LH:2
end_of_record
TN:
SF:figma/implementation/src/icons/alert-line.svg
FN:1,(anonymous_0)
FN:4,(anonymous_1)
FNDA:10,(anonymous_0)
FNDA:0,(anonymous_1)
FNF:2
FNH:1
DA:1,11
DA:2,10
DA:3,10
DA:4,10
DA:12,10
LF:5
LH:5
end_of_record
TN:
SF:figma/implementation/src/icons/close-menu-panel.svg
FN:1,(anonymous_0)
FN:4,(anonymous_1)
FNDA:10,(anonymous_0)
FNDA:1,(anonymous_1)
FNF:2
FNH:2
DA:1,11
DA:2,10
DA:3,10
DA:4,10
DA:20,10
LF:5
LH:5
end_of_record
TN:
SF:figma/implementation/src/icons/file-image-line.svg
FN:1,(anonymous_0)
FN:4,(anonymous_1)
FNDA:10,(anonymous_0)
FNDA:2,(anonymous_1)
FNF:2
FNH:2
DA:1,11
DA:2,10
DA:3,10
DA:4,10
DA:12,10
LF:5
LH:5
end_of_record
TN:
SF:figma/implementation/src/icons/file-music-line.svg
FN:1,(anonymous_0)
FN:4,(anonymous_1)
FNDA:10,(anonymous_0)
FNDA:0,(anonymous_1)
FNF:2
FNH:1
DA:1,11
DA:2,10
DA:3,10
DA:4,10
DA:12,10
LF:5
LH:5
end_of_record
TN:
SF:figma/implementation/src/icons/file-pdf-2-line.svg
FN:1,(anonymous_0)
FN:4,(anonymous_1)
FNDA:10,(anonymous_0)
FNDA:11,(anonymous_1)
FNF:2
FNH:2
DA:1,11
DA:2,10
DA:3,10
DA:4,11
DA:12,10
LF:5
LH:5
end_of_record
TN:
SF:figma/implementation/src/icons/file-unknow-line.svg
FN:1,(anonymous_0)
FN:4,(anonymous_1)
FNDA:10,(anonymous_0)
FNDA:2,(anonymous_1)
FNF:2
FNH:2
DA:1,11
DA:2,10
DA:3,10
DA:4,10
DA:12,10
LF:5
LH:5
end_of_record
TN:
SF:figma/implementation/src/icons/file-video-line.svg
FN:1,(anonymous_0)
FN:4,(anonymous_1)
FNDA:10,(anonymous_0)
FNDA:0,(anonymous_1)
FNF:2
FNH:1
DA:1,11
DA:2,10
DA:3,10
DA:4,10
DA:12,10
LF:5
LH:5
end_of_record
TN:
SF:figma/implementation/src/icons/information-line.svg
FN:1,(anonymous_0)
FN:4,(anonymous_1)
FNDA:10,(anonymous_0)
FNDA:0,(anonymous_1)
FNF:2
FNH:1
DA:1,11
DA:2,10
DA:3,10
DA:4,10
DA:30,10
LF:5
LH:5
end_of_record
TN:
SF:figma/implementation/src/icons/menu.svg
FN:1,(anonymous_0)
FN:4,(anonymous_1)
FNDA:10,(anonymous_0)
FNDA:3,(anonymous_1)
FNF:2
FNH:2
DA:1,11
DA:2,10
DA:3,10
DA:4,10
DA:20,10
LF:5
LH:5
end_of_record
TN:
SF:figma/implementation/src/icons/select-trigger.svg
FN:1,(anonymous_0)
FN:4,(anonymous_1)
FNDA:10,(anonymous_0)
FNDA:1,(anonymous_1)
FNF:2
FNH:2
DA:1,11
DA:2,10
DA:3,10
DA:4,10
DA:20,10
LF:5
LH:5
end_of_record
TN:
SF:figma/implementation/src/icons/spam-2-line.svg
FN:1,(anonymous_0)
FN:4,(anonymous_1)
FNDA:10,(anonymous_0)
FNDA:0,(anonymous_1)
FNF:2
FNH:1
DA:1,11
DA:2,10
DA:3,10
DA:4,10
DA:12,10
LF:5
LH:5
end_of_record
TN:
SF:figma/implementation/src/icons/upload-action-trigger.svg
FN:1,(anonymous_0)
FN:4,(anonymous_1)
FNDA:10,(anonymous_0)
FNDA:9,(anonymous_1)
FNF:2
FNH:2
DA:1,11
DA:2,10
DA:3,10
DA:4,10
DA:55,10
LF:5
LH:5
end_of_record
TN:
SF:figma/implementation/src/lib/file-selection-handler.ts
FN:3,inputFileSelectionChange
FN:3,xr
FN:6,(anonymous_1)
FN:6,event
FNDA:2,inputFileSelectionChange
FNDA:8,xr
FNDA:0,(anonymous_1)
FNDA:0,event
FNF:4
FNH:2
DA:3,8
DA:6,10
DA:7,0
DA:8,0
DA:9,0
DA:10,0
DA:12,0
LF:7
LH:2
end_of_record
TN:
SF:figma/implementation/src/lib/size-format.ts
FN:12,hr
FN:12,humanFileSize
FNDA:3,hr
FNDA:2,humanFileSize
FNF:2
FNH:2
DA:12,3
DA:13,5
DA:15,5
DA:16,1
DA:19,4
DA:22,2
DA:23,2
DA:25,5
DA:26,4
DA:27,1
DA:33,5
LF:11
LH:11
end_of_record
TN:
SF:figma/implementation/src/lib/utils.ts
FN:4,D
FN:4,cn
FNDA:419,D
FNDA:533,cn
FNF:2
FNH:2
DA:4,419
DA:5,952
LF:2
LH:2
end_of_record
TN:
SF:figma/implementation/src/pages/download-with-password-empty.tsx
FN:28,InputField
FN:49,DownloadWithPasswordEmptyPage
FN:8,FileInfo
FN:88,(anonymous_3)
FNDA:1,InputField
FNDA:1,DownloadWithPasswordEmptyPage
FNDA:1,FileInfo
FNDA:1,(anonymous_3)
FNF:4
FNH:4
DA:1,1
DA:9,1
DA:37,1
DA:50,1
DA:90,1
LF:5
LH:5
end_of_record
TN:
SF:figma/implementation/src/pages/download-with-password-filled.tsx
FN:29,InputField
FN:51,DownloadWithPasswordFilledPage
FN:8,FileInfo
FN:89,(anonymous_3)
FNDA:1,InputField
FNDA:1,DownloadWithPasswordFilledPage
FNDA:1,FileInfo
FNDA:1,(anonymous_3)
FNF:4
FNH:4
DA:1,1
DA:9,1
DA:38,1
DA:52,1
DA:91,1
LF:5
LH:5
end_of_record
TN:
SF:figma/implementation/src/pages/download-without-password.tsx
FN:119,(anonymous_3)
FN:119,e
FN:132,(anonymous_4)
FN:14,FileInfo
FN:14,yr
FN:39,DownloadWithoutPasswordPage
FN:39,br
FN:46,(anonymous_2)
FN:46,(anonymous_3)
FNDA:0,(anonymous_3)
FNDA:1,e
FNDA:3,(anonymous_4)
FNDA:1,FileInfo
FNDA:2,yr
FNDA:1,DownloadWithoutPasswordPage
FNDA:2,br
FNDA:0,(anonymous_2)
FNDA:1,(anonymous_3)
FNF:9
FNH:7
DA:11,1
DA:14,2
DA:15,1
DA:19,2
DA:20,2
DA:22,2
DA:27,2
DA:30,2
DA:31,2
DA:32,2
DA:33,2
DA:34,2
DA:39,2
DA:44,3
DA:46,1
DA:47,1
DA:48,1
DA:49,1
DA:50,1
DA:58,1
DA:59,0
DA:61,1
DA:62,0
DA:63,0
DA:64,1
DA:65,0
DA:66,0
DA:67,0
DA:68,0
DA:69,0
DA:71,0
DA:77,3
DA:119,0
DA:134,1
LF:34
LH:24
end_of_record
TN:
SF:figma/implementation/src/pages/file-choosed.tsx
FN:23,(anonymous_1)
FN:8,FileChoosed
FN:8,Qc
FN:8,Xc
FN:8,Zc
FN:88,(anonymous_2)
FN:88,t24
FN:96,(anonymous_3)
FNDA:1,(anonymous_1)
FNDA:1,FileChoosed
FNDA:1,Qc
FNDA:1,Xc
FNDA:1,Zc
FNDA:0,(anonymous_2)
FNDA:0,t24
FNDA:1,(anonymous_3)
FNF:8
FNH:6
DA:8,1
DA:14,1
DA:15,1
DA:24,2
DA:50,1
DA:51,1
DA:53,1
DA:62,1
DA:66,1
DA:67,1
DA:68,1
DA:70,1
DA:82,1
DA:89,0
DA:90,1
DA:97,1
DA:98,1
DA:104,1
DA:105,1
DA:107,1
DA:108,1
LF:21
LH:20
end_of_record
TN:
SF:figma/implementation/src/pages/file-chooser.tsx
FN:8,FileChooser
FNDA:1,FileChooser
FNF:1
FNH:1
DA:1,1
DA:6,1
DA:13,1
DA:20,1
LF:4
LH:4
end_of_record
TN:
SF:figma/implementation/src/pages/home.tsx
FN:124,(anonymous_11)
FN:124,t1
FN:131,(anonymous_12)
FN:136,(anonymous_13)
FN:136,eventName_0
FN:140,(anonymous_14)
FN:140,eventName_1
FN:145,(anonymous_14)
FN:146,(anonymous_15)
FN:147,(anonymous_16)
FN:154,(anonymous_17)
FN:154,eventName_3
FN:157,(anonymous_18)
FN:157,eventName_4
FN:18,preventDefaultDragEvents
FN:18,yl
FN:190,(anonymous_19)
FN:28,showDragInteractionOn
FN:28,xl
FN:29,(anonymous_2)
FN:33,(anonymous_3)
FN:33,className
FN:38,Sl
FN:38,hideDragInteractionOn
FN:39,(anonymous_5)
FN:43,(anonymous_6)
FN:48,Cl
FN:48,handleDrop
FN:50,(anonymous_8)
FN:50,event
FN:62,UserAction
FN:62,wl
FN:98,Dl
FN:98,El
FN:98,HomePage
FN:98,Ol
FN:98,Tl
FNDA:1,(anonymous_11)
FNDA:7,t1
FNDA:4,(anonymous_12)
FNDA:2,(anonymous_13)
FNDA:14,eventName_0
FNDA:2,(anonymous_14)
FNDA:14,eventName_1
FNDA:0,(anonymous_14)
FNDA:0,(anonymous_15)
FNDA:0,(anonymous_16)
FNDA:0,(anonymous_17)
FNDA:0,eventName_3
FNDA:0,(anonymous_18)
FNDA:0,eventName_4
FNDA:0,preventDefaultDragEvents
FNDA:3,yl
FNDA:1,(anonymous_19)
FNDA:1,showDragInteractionOn
FNDA:7,xl
FNDA:2,(anonymous_2)
FNDA:0,(anonymous_3)
FNDA:6,className
FNDA:7,Sl
FNDA:1,hideDragInteractionOn
FNDA:1,(anonymous_5)
FNDA:0,(anonymous_6)
FNDA:7,Cl
FNDA:1,handleDrop
FNDA:0,(anonymous_8)
FNDA:1,event
FNDA:1,UserAction
FNDA:7,wl
FNDA:0,Dl
FNDA:7,El
FNDA:1,HomePage
FNDA:28,Ol
FNDA:10,Tl
FNF:37
FNH:25
DA:9,1
DA:18,3
DA:19,3
DA:22,12
DA:28,7
DA:29,8
DA:30,2
DA:31,2
DA:33,2
DA:34,4
DA:38,7
DA:39,8
DA:40,1
DA:41,1
DA:43,1
DA:44,2
DA:48,7
DA:49,1
DA:50,8
DA:51,1
DA:52,1
DA:53,0
DA:54,0
DA:55,0
DA:56,0
DA:58,0
DA:62,7
DA:71,1
DA:73,1
DA:98,28
DA:122,1
DA:123,11
DA:124,1
DA:127,8
DA:128,1
DA:129,1
DA:131,1
DA:132,32
DA:136,1
DA:137,16
DA:140,1
DA:141,16
DA:145,8
DA:146,1
DA:147,0
DA:148,0
DA:154,0
DA:155,0
DA:157,0
DA:158,0
DA:160,0
DA:162,10
DA:164,1
DA:165,10
DA:177,10
DA:181,10
DA:191,7
DA:192,1
DA:217,10
DA:218,10
DA:219,10
LF:61
LH:49
end_of_record
TN:
SF:figma/implementation/src/pages/login.tsx
FN:28,LoginPage
FN:28,hl
FN:7,InputField
FN:7,ml
FNDA:1,LoginPage
FNDA:7,hl
FNDA:2,InputField
FNDA:0,ml
FNF:4
FNH:3
DA:7,0
DA:10,0
DA:16,2
DA:18,0
DA:22,0
DA:23,0
DA:28,7
DA:29,1
DA:50,7
DA:82,7
DA:84,7
DA:85,7
LF:12
LH:7
end_of_record
TN:
SF:figma/implementation/src/pages/mobile-user-space.tsx
FNF:0
FNH:0
DA:1,1
LF:1
LH:1
end_of_record
TN:
SF:figma/implementation/src/pages/no-download-available.tsx
FN:6,NoDownloadAvailablePage
FNDA:1,NoDownloadAvailablePage
FNF:1
FNH:1
DA:1,1
DA:7,1
LF:2
LH:2
end_of_record
TN:
SF:figma/implementation/src/pages/register.tsx
FN:27,Me
FN:27,RegisterPage
FN:6,InputField
FN:6,je
FNDA:0,Me
FNDA:1,RegisterPage
FNDA:3,InputField
FNDA:0,je
FNF:4
FNH:2
DA:6,0
DA:9,0
DA:15,3
DA:17,0
DA:21,0
DA:22,0
DA:27,0
DA:28,1
DA:49,0
DA:86,0
DA:88,0
DA:89,0
LF:12
LH:2
end_of_record
TN:
SF:figma/implementation/src/pages/test-idb.tsx
FN:12,Definition
FN:28,(anonymous_1)
FN:38,SampleSuspense
FNDA:5,Definition
FNDA:0,(anonymous_1)
FNDA:2,SampleSuspense
FNF:3
FNH:2
DA:1,1
DA:19,5
DA:23,5
DA:24,5
DA:29,0
DA:45,2
LF:6
LH:5
end_of_record
TN:
SF:figma/implementation/src/pages/user-space.tsx
FN:107,(anonymous_4)
FN:126,(anonymous_5)
FN:126,(anonymous_6)
FN:133,(anonymous_6)
FN:134,response
FN:137,(anonymous_7)
FN:155,(anonymous_8)
FN:155,upload
FN:19,FileEntry
FN:19,dr
FN:204,UserSpacePage
FN:204,mr
FN:204,pr
FN:230,(anonymous_10)
FN:249,(anonymous_11)
FN:314,(anonymous_11)
FN:314,(anonymous_12)
FN:35,(anonymous_1)
FN:36,t2
FN:83,UploadsJSON
FN:83,fr
FN:96,(anonymous_3)
FN:96,reduce
FNDA:10,(anonymous_4)
FNDA:0,(anonymous_5)
FNDA:0,(anonymous_6)
FNDA:0,(anonymous_6)
FNDA:0,response
FNDA:0,(anonymous_7)
FNDA:10,(anonymous_8)
FNDA:1,upload
FNDA:10,FileEntry
FNDA:1,dr
FNDA:1,UserSpacePage
FNDA:2,mr
FNDA:2,pr
FNDA:1,(anonymous_10)
FNDA:1,(anonymous_11)
FNDA:0,(anonymous_11)
FNDA:0,(anonymous_12)
FNDA:10,(anonymous_1)
FNDA:3,t2
FNDA:3,UploadsJSON
FNDA:6,fr
FNDA:1,(anonymous_3)
FNDA:3,reduce
FNF:23
FNH:16
DA:5,1
DA:19,1
DA:34,10
DA:36,1
DA:37,10
DA:83,6
DA:88,9
DA:92,3
DA:94,9
DA:95,9
DA:97,1
DA:100,3
DA:103,3
DA:104,3
DA:105,3
DA:116,10
DA:126,3
DA:127,0
DA:128,0
DA:129,0
DA:130,0
DA:131,0
DA:132,0
DA:135,0
DA:136,0
DA:138,0
DA:141,0
DA:145,0
DA:146,0
DA:148,0
DA:152,9
DA:156,11
DA:157,11
DA:204,2
DA:229,1
DA:231,2
DA:232,1
DA:250,3
DA:315,0
LF:39
LH:25
end_of_record
TN:
SF:figma/implementation/src/providers/UserInterfacePage.tsx
FN:5,UserInterfacePage
FN:5,_l
FNDA:2,UserInterfacePage
FNDA:10,_l
FNF:2
FNH:2
DA:5,10
DA:11,10
DA:12,2
DA:14,10
LF:4
LH:4
end_of_record
TN:
SF:laravel/resources/js/actions/App/Http/Controllers/Settings/ProfileController.ts
FN:103,update
FN:122,(anonymous_10)
FN:137,updateForm
FN:154,(anonymous_12)
FN:169,destroy
FN:188,(anonymous_15)
FN:203,destroyForm
FN:22,edit
FN:51,(anonymous_4)
FN:61,editForm
FN:7,(anonymous_0)
FN:88,(anonymous_7)
FNDA:3,update
FNDA:3,(anonymous_10)
FNDA:0,updateForm
FNDA:0,(anonymous_12)
FNDA:3,destroy
FNDA:3,(anonymous_15)
FNDA:0,destroyForm
FNDA:0,edit
FNDA:0,(anonymous_4)
FNDA:0,editForm
FNDA:0,(anonymous_0)
FNDA:0,(anonymous_7)
FNF:12
FNH:4
DA:7,3
DA:12,3
DA:51,3
DA:61,3
DA:88,3
DA:93,3
DA:122,3
DA:137,3
DA:154,3
DA:159,3
DA:188,3
DA:203,3
LF:12
LH:12
end_of_record
TN:
SF:laravel/resources/js/app.tsx
FN:12,title
FN:13,name
FN:16,import
FN:18,setup
FNDA:53,title
FNDA:35,name
FNDA:2,import
FNDA:15,setup
FNF:4
FNH:4
DA:9,14
DA:11,14
DA:18,15
LF:3
LH:3
end_of_record
TN:
SF:laravel/resources/js/components/app-content.tsx
FN:8,$r
FNDA:4,$r
FNF:1
FNH:1
DA:8,4
DA:13,4
DA:15,0
LF:3
LH:2
end_of_record
TN:
SF:laravel/resources/js/components/app-logo-icon.tsx
FN:3,i
FNDA:5,i
FNF:1
FNH:1
DA:3,5
DA:5,4
DA:10,5
LF:3
LH:3
end_of_record
TN:
SF:laravel/resources/js/components/app-logo.tsx
FN:3,Ai
FNDA:4,Ai
FNF:1
FNH:1
DA:3,4
DA:8,4
LF:2
LH:2
end_of_record
TN:
SF:laravel/resources/js/components/app-shell.tsx
FN:10,Kn
FNDA:6,Kn
FNF:1
FNH:1
DA:10,6
DA:13,6
DA:17,6
LF:3
LH:3
end_of_record
TN:
SF:laravel/resources/js/components/app-sidebar-header.tsx
FN:5,Wi
FNDA:4,Wi
FNF:1
FNH:1
DA:5,4
DA:6,4
DA:13,4
LF:3
LH:3
end_of_record
TN:
SF:laravel/resources/js/components/app-sidebar.tsx
FN:40,Pi
FNDA:4,Pi
FNF:1
FNH:1
DA:19,3
DA:40,4
DA:47,4
DA:53,4
DA:57,4
LF:5
LH:5
end_of_record
TN:
SF:laravel/resources/js/components/appearance-tabs.tsx
FN:26,t5
FN:29,(anonymous_2)
FN:6,h
FNDA:9,t5
FNDA:2,(anonymous_2)
FNDA:3,h
FNF:3
FNH:3
DA:6,3
DA:7,3
DA:12,3
DA:16,3
DA:23,3
DA:26,9
DA:40,3
LF:7
LH:7
end_of_record
TN:
SF:laravel/resources/js/components/breadcrumbs.tsx
FN:13,Hi
FN:23,map
FNDA:4,Hi
FNDA:4,map
FNF:2
FNH:2
DA:13,4
DA:17,4
DA:24,4
DA:46,4
LF:4
LH:4
end_of_record
TN:
SF:laravel/resources/js/components/delete-user.tsx
FN:19,I
FN:61,t7
FN:65,t9
FN:91,(anonymous_3)
FNDA:3,I
FNDA:0,t7
FNDA:0,t9
FNDA:0,(anonymous_3)
FNF:4
FNH:1
DA:19,3
DA:20,3
DA:27,3
DA:34,3
DA:44,3
DA:54,3
DA:61,3
DA:65,0
LF:8
LH:7
end_of_record
TN:
SF:laravel/resources/js/components/heading-small.tsx
FN:1,Zr
FNDA:7,Zr
FNF:1
FNH:1
DA:1,7
DA:7,7
DA:10,7
DA:13,7
LF:4
LH:4
end_of_record
TN:
SF:laravel/resources/js/components/heading.tsx
FN:1,Yi
FNDA:4,Yi
FNF:1
FNH:1
DA:1,4
DA:7,4
DA:10,4
DA:13,4
LF:4
LH:4
end_of_record
TN:
SF:laravel/resources/js/components/icon.tsx
FN:9,ti
FNDA:8,ti
FNF:1
FNH:1
DA:9,8
DA:13,8
DA:14,8
LF:3
LH:3
end_of_record
TN:
SF:laravel/resources/js/components/input-error.tsx
FN:4,a
FNDA:69,a
FNF:1
FNH:1
DA:4,69
DA:6,69
DA:9,11
LF:3
LH:3
end_of_record
TN:
SF:laravel/resources/js/components/nav-footer.tsx
FN:13,ii
FN:13,ri
FNDA:8,ii
FNDA:4,ri
FNF:2
FNH:2
DA:13,8
DA:23,4
DA:48,4
DA:50,4
LF:4
LH:4
end_of_record
TN:
SF:laravel/resources/js/components/nav-main.tsx
FN:12,ci
FN:19,item
FNDA:4,ci
FNDA:4,item
FNF:2
FNH:2
DA:12,4
DA:13,4
DA:17,4
DA:32,4
LF:4
LH:4
end_of_record
TN:
SF:laravel/resources/js/components/nav-user.tsx
FN:19,Oi
FNDA:4,Oi
FNF:1
FNH:1
DA:19,4
DA:22,4
DA:34,4
DA:35,4
DA:42,4
DA:46,4
DA:49,4
DA:50,4
LF:8
LH:8
end_of_record
TN:
SF:laravel/resources/js/components/ui/avatar.tsx
FN:22,fr
FN:35,pr
FN:6,dr
FNDA:4,fr
FNDA:6,pr
FNDA:8,dr
FNF:3
FNH:3
DA:6,8
DA:9,8
DA:16,8
DA:22,4
DA:25,4
DA:29,4
DA:35,6
DA:38,6
DA:40,5
DA:45,6
LF:10
LH:10
end_of_record
TN:
SF:laravel/resources/js/components/ui/breadcrumb.tsx
FN:11,Ii
FN:24,Li
FN:34,Ri
FN:52,zi
FN:65,Bi
FN:7,Fi
FNDA:4,Ii
FNDA:4,Li
FNDA:0,Ri
FNDA:4,zi
FNDA:0,Bi
FNDA:4,Fi
FNF:6
FNH:4
DA:7,4
DA:11,4
DA:18,4
DA:24,4
DA:28,4
DA:34,0
DA:41,0
DA:46,0
DA:52,4
DA:59,4
DA:65,0
DA:69,0
DA:75,0
DA:78,0
LF:14
LH:7
end_of_record
TN:
SF:laravel/resources/js/components/ui/button.tsx
FN:37,p
FNDA:29,p
FNF:1
FNH:1
DA:7,6
DA:37,29
DA:47,29
DA:50,6
DA:52,29
LF:5
LH:5
end_of_record
TN:
SF:laravel/resources/js/components/ui/dialog.tsx
FN:109,T
FN:13,_
FN:19,v
FN:25,y
FN:31,b
FN:47,x
FN:7,g
FN:73,S
FN:83,C
FN:96,w
FNDA:0,T
FNDA:3,_
FNDA:3,v
FNDA:0,y
FNDA:0,b
FNDA:3,x
FNDA:3,g
FNDA:0,S
FNDA:0,C
FNDA:0,w
FNF:10
FNH:4
DA:7,3
DA:9,3
DA:13,3
DA:15,3
DA:19,3
DA:21,3
DA:25,0
DA:27,0
DA:31,0
DA:34,0
DA:41,0
DA:47,3
DA:51,3
DA:54,3
DA:60,3
DA:67,3
DA:73,0
DA:77,0
DA:83,0
DA:90,0
DA:96,0
DA:99,0
DA:103,0
DA:109,0
DA:112,0
DA:114,3
DA:116,0
LF:27
LH:12
end_of_record
TN:
SF:laravel/resources/js/components/ui/dropdown-menu.tsx
FN:144,mi
FN:21,ui
FN:32,di
FN:52,fi
FN:60,pi
FN:7,li
FNDA:0,mi
FNDA:4,ui
FNDA:4,di
FNDA:0,fi
FNDA:0,pi
FNDA:4,li
FNF:6
FNH:3
DA:7,4
DA:9,4
DA:21,4
DA:23,4
DA:32,4
DA:34,4
DA:45,4
DA:52,0
DA:54,0
DA:60,0
DA:63,0
DA:77,0
DA:144,0
DA:150,0
DA:158,0
DA:164,0
DA:167,0
DA:171,0
LF:18
LH:7
end_of_record
TN:
SF:laravel/resources/js/components/ui/input.tsx
FN:5,s
FNDA:17,s
FNF:1
FNH:1
DA:5,17
DA:7,6
DA:15,17
LF:3
LH:3
end_of_record
TN:
SF:laravel/resources/js/components/ui/label.tsx
FN:6,f
FNDA:69,f
FNF:1
FNH:1
DA:6,69
DA:9,69
DA:11,11
DA:16,69
LF:4
LH:4
end_of_record
TN:
SF:laravel/resources/js/components/ui/separator.tsx
FN:6,ln
FNDA:4,ln
FNF:1
FNH:1
DA:6,4
DA:8,4
DA:9,4
DA:20,4
LF:4
LH:4
end_of_record
TN:
SF:laravel/resources/js/components/ui/sheet.tsx
FN:102,hn
FN:115,gn
FN:23,dn
FN:29,fn
FN:45,pn
FN:7,un
FN:82,mn
FNDA:0,hn
FNDA:0,gn
FNDA:0,dn
FNDA:0,fn
FNDA:0,pn
FNDA:0,un
FNDA:0,mn
FNF:7
FNH:0
DA:7,0
DA:23,0
DA:25,0
DA:29,0
DA:32,0
DA:39,0
DA:45,0
DA:48,0
DA:60,0
DA:67,0
DA:69,0
DA:76,0
DA:82,0
DA:86,0
DA:102,0
DA:105,0
DA:109,0
DA:115,0
DA:118,0
DA:122,0
LF:20
LH:0
end_of_record
TN:
SF:laravel/resources/js/components/ui/sidebar.tsx
FN:106,(anonymous_5)
FN:152,jn
FN:250,Mn
FN:259,Nn
FN:312,Pn
FN:340,Fn
FN:351,In
FN:376,Ln
FN:390,Rn
FN:401,zn
FN:445,Bn
FN:45,$
FN:459,Vn
FN:470,Hn
FN:503,Wn
FN:54,An
FN:75,value
FN:90,t3
FN:95,t4
FN:96,event
FNDA:1,(anonymous_5)
FNDA:6,jn
FNDA:4,Mn
FNDA:8,Nn
FNDA:4,Pn
FNDA:4,Fn
FNDA:4,In
FNDA:4,Ln
FNDA:8,Rn
FNDA:4,zn
FNDA:4,Bn
FNDA:42,$
FNDA:16,Vn
FNDA:20,Hn
FNDA:24,Wn
FNDA:0,An
FNDA:0,value
FNDA:0,t3
FNDA:8,t4
FNDA:0,event
FNF:20
FNH:16
DA:26,5
DA:45,42
DA:46,42
DA:47,42
DA:48,0
DA:49,42
DA:54,8
DA:55,8
DA:74,8
DA:76,0
DA:77,0
DA:87,8
DA:90,8
DA:92,8
DA:96,8
DA:98,0
DA:106,8
DA:112,8
DA:114,8
DA:125,8
DA:133,8
DA:137,8
DA:142,8
DA:147,8
DA:152,6
DA:153,6
DA:166,6
DA:173,0
DA:181,6
DA:187,0
DA:196,0
DA:200,0
DA:201,0
DA:210,6
DA:224,6
DA:229,6
DA:235,6
DA:237,6
DA:245,6
DA:246,6
DA:250,4
DA:259,8
DA:265,8
DA:273,8
DA:275,0
DA:277,8
DA:280,8
DA:282,8
DA:312,4
DA:320,4
DA:340,4
DA:345,4
DA:351,4
DA:356,4
DA:376,4
DA:384,4
DA:390,8
DA:395,8
DA:401,4
DA:406,4
DA:416,4
DA:445,4
DA:448,4
DA:453,4
DA:459,16
DA:464,16
DA:470,20
DA:475,20
DA:481,5
DA:503,24
DA:504,24
DA:517,24
DA:519,24
DA:530,24
DA:534,4
DA:538,24
DA:546,24
DA:548,24
LF:78
LH:68
end_of_record
TN:
SF:laravel/resources/js/components/ui/skeleton.tsx
FNF:0
FNH:0
DA:1,1
LF:1
LH:1
end_of_record
TN:
SF:laravel/resources/js/components/ui/spinner.tsx
FN:5,o
FNDA:6,o
FNF:1
FNH:1
DA:5,6
DA:7,8
DA:10,6
LF:3
LH:3
end_of_record
TN:
SF:laravel/resources/js/components/ui/tooltip.tsx
FN:19,vn
FN:29,yn
FN:35,bn
FN:6,_n
FNDA:4,vn
FNDA:4,yn
FNDA:4,bn
FNDA:12,_n
FNF:4
FNH:4
DA:6,12
DA:7,12
DA:19,4
DA:21,4
DA:29,4
DA:31,4
DA:35,4
DA:37,4
DA:49,4
DA:53,4
LF:10
LH:10
end_of_record
TN:
SF:laravel/resources/js/components/user-info.tsx
FNF:0
FNH:0
DA:5,4
DA:12,4
DA:17,4
DA:19,4
DA:20,4
DA:21,4
DA:23,4
DA:28,4
DA:29,4
LF:9
LH:9
end_of_record
TN:
SF:laravel/resources/js/components/user-menu-content.tsx
FN:19,Ei
FN:22,t1
FNDA:0,Ei
FNDA:0,t1
FNF:2
FNH:0
DA:19,0
DA:22,0
DA:23,0
DA:25,0
DA:33,0
DA:34,0
DA:39,0
DA:43,0
DA:47,0
DA:48,0
DA:52,0
DA:57,0
DA:60,0
LF:13
LH:0
end_of_record
TN:
SF:laravel/resources/js/hooks/use-active-url.ts
FN:5,oi
FN:9,(anonymous_1)
FNDA:8,oi
FNDA:14,(anonymous_1)
FNF:2
FNH:2
DA:5,8
DA:7,8
DA:9,8
DA:13,14
LF:4
LH:4
end_of_record
TN:
SF:laravel/resources/js/hooks/use-appearance.tsx
FN:15,(anonymous_1)
FN:21,(anonymous_2)
FN:29,(anonymous_3)
FN:33,(anonymous_4)
FN:42,(anonymous_5)
FN:43,listeners
FN:48,(anonymous_7)
FN:48,(anonymous_8)
FN:50,(anonymous_9)
FN:56,(anonymous_10)
FN:61,$g
FN:76,e_
FN:76,n_
FN:9,(anonymous_0)
FNDA:9,(anonymous_1)
FNDA:14,(anonymous_2)
FNDA:19,(anonymous_3)
FNDA:16,(anonymous_4)
FNDA:1,(anonymous_5)
FNDA:0,listeners
FNDA:2,(anonymous_7)
FNDA:2,(anonymous_8)
FNDA:14,(anonymous_9)
FNDA:0,(anonymous_10)
FNDA:14,$g
FNDA:3,e_
FNDA:0,n_
FNDA:0,(anonymous_0)
FNF:14
FNH:10
DA:16,9
DA:18,9
DA:34,16
DA:38,16
DA:57,0
DA:61,14
DA:62,14
DA:76,3
DA:89,2
LF:9
LH:8
end_of_record
TN:
SF:laravel/resources/js/hooks/use-initials.tsx
FN:3,_i
FN:3,gi
FNDA:4,_i
FNDA:4,gi
FNF:2
FNH:2
DA:3,4
DA:5,4
DA:11,4
LF:3
LH:3
end_of_record
TN:
SF:laravel/resources/js/hooks/use-mobile-navigation.ts
FN:3,bi
FN:3,xi
FNDA:0,bi
FNDA:0,xi
FNF:2
FNH:0
DA:3,0
DA:6,0
LF:2
LH:0
end_of_record
TN:
SF:laravel/resources/js/hooks/use-mobile.tsx
FN:10,Zt
FN:15,(anonymous_1)
FN:22,Qt
FN:26,$t
FN:30,en
FNDA:12,Zt
FNDA:2,(anonymous_1)
FNDA:24,Qt
FNDA:0,$t
FNDA:12,en
FNF:5
FNH:4
DA:10,12
DA:18,2
DA:22,24
DA:23,24
DA:26,0
DA:27,0
DA:30,12
LF:7
LH:5
end_of_record
TN:
SF:laravel/resources/js/layouts/app-layout.tsx
FN:10,(anonymous_0)
FNDA:4,(anonymous_0)
FNF:1
FNH:1
DA:1,1
LF:1
LH:1
end_of_record
TN:
SF:laravel/resources/js/layouts/app/app-sidebar-layout.tsx
FNF:0
FNH:0
DA:8,4
DA:10,4
DA:14,4
DA:16,4
LF:4
LH:4
end_of_record
TN:
SF:laravel/resources/js/layouts/auth-layout.tsx
FN:3,l
FNDA:1,l
FNF:1
FNH:1
DA:3,1
DA:12,1
DA:14,1
LF:3
LH:3
end_of_record
TN:
SF:laravel/resources/js/layouts/auth/auth-simple-layout.tsx
FN:12,s
FNDA:1,s
FNF:1
FNH:1
DA:12,1
DA:16,1
DA:23,1
DA:28,1
DA:30,1
DA:33,1
DA:36,1
DA:37,1
DA:38,1
LF:9
LH:9
end_of_record
TN:
SF:laravel/resources/js/layouts/settings/layout.tsx
FN:14,ea
FN:67,map
FNDA:4,ea
FNDA:10,map
FNF:2
FNH:2
DA:14,4
DA:16,4
DA:18,4
DA:50,4
DA:51,4
DA:55,4
DA:84,4
DA:85,4
DA:86,4
DA:88,4
DA:94,4
DA:95,4
LF:12
LH:12
end_of_record
TN:
SF:laravel/resources/js/lib/utils.ts
FN:5,r
FN:9,i
FNDA:254,r
FNDA:32,i
FNF:2
FNH:2
DA:5,254
DA:6,254
DA:9,32
DA:10,32
LF:4
LH:4
end_of_record
TN:
SF:laravel/resources/js/pages/auth/confirm-password.tsx
FN:10,m
FN:10,p
FNDA:2,m
FNDA:1,p
FNF:2
FNH:2
DA:10,2
DA:16,1
DA:19,2
LF:3
LH:3
end_of_record
TN:
SF:laravel/resources/js/pages/auth/login.tsx
FN:16,g
FN:16,m
FN:36,t4
FNDA:0,g
FNDA:7,m
FNDA:38,t4
FNF:3
FNH:2
DA:16,7
DA:21,7
DA:27,7
DA:33,7
DA:36,38
DA:109,0
DA:116,0
LF:7
LH:5
end_of_record
TN:
SF:laravel/resources/js/pages/dashboard.tsx
FN:15,g
FN:18,(anonymous_1)
FN:36,_
FN:36,b
FN:36,v
FN:36,y
FN:54,t1
FNDA:2,g
FNDA:2,(anonymous_1)
FNDA:2,_
FNDA:0,b
FNDA:0,v
FNDA:0,y
FNDA:0,t1
FNF:7
FNH:3
DA:15,2
DA:18,2
DA:19,2
DA:29,2
DA:30,0
DA:32,2
DA:36,2
DA:38,2
DA:39,2
DA:51,2
DA:55,0
DA:66,0
DA:74,0
DA:77,0
DA:80,2
DA:81,2
DA:89,2
LF:17
LH:12
end_of_record
TN:
SF:laravel/resources/js/pages/file/show.tsx
FN:4,a
FNDA:1,a
FNF:1
FNH:1
DA:4,1
DA:5,1
LF:2
LH:2
end_of_record
TN:
SF:laravel/resources/js/pages/settings/appearance.tsx
FN:18,v
FNDA:1,v
FNF:1
FNH:1
DA:11,1
DA:18,1
DA:20,1
DA:23,1
LF:4
LH:4
end_of_record
TN:
SF:laravel/resources/js/pages/settings/profile.tsx
FN:23,z
FN:49,e
FN:57,B
FN:86,t7
FNDA:6,z
FNDA:0,e
FNDA:3,B
FNDA:6,t7
FNF:4
FNH:3
DA:17,3
DA:23,6
DA:25,6
DA:29,6
DA:32,6
DA:42,6
DA:50,6
DA:52,6
DA:57,3
DA:64,3
DA:67,3
DA:70,3
DA:77,3
DA:83,3
DA:86,6
DA:178,3
DA:180,3
LF:17
LH:17
end_of_record
TN:
SF:laravel/resources/js/pages/welcome.tsx
FN:108,(anonymous_6)
FN:116,t2
FN:156,t4
FN:160,t5
FN:29,t0
FN:41,progress_0
FN:45,onSuccess
FN:8,Hr
FN:8,Ur
FN:8,Wr
FN:83,res
FN:89,jsonResponse
FNDA:0,(anonymous_6)
FNDA:1,t2
FNDA:0,t4
FNDA:0,t5
FNDA:7,t0
FNDA:1,progress_0
FNDA:1,onSuccess
FNDA:10,Hr
FNDA:0,Ur
FNDA:7,Wr
FNDA:0,res
FNDA:0,jsonResponse
FNF:12
FNH:6
DA:8,10
DA:27,10
DA:30,7
DA:41,7
DA:42,1
DA:55,1
DA:57,1
DA:62,1
DA:67,1
DA:68,1
DA:69,1
DA:73,1
DA:90,0
DA:94,0
DA:102,1
DA:108,7
DA:111,0
DA:116,10
DA:120,1
DA:122,1
DA:123,1
DA:131,0
DA:132,0
DA:134,10
DA:147,10
DA:157,0
DA:161,0
DA:163,10
DA:165,10
LF:29
LH:22
end_of_record
TN:
SF:laravel/resources/js/routes/appearance/index.ts
FN:6,options
FNDA:6,options
FNF:1
FNH:1
DA:6,3
DA:11,3
DA:46,3
DA:55,3
LF:4
LH:4
end_of_record
TN:
SF:laravel/resources/js/routes/index.ts
FN:7,options
FNDA:16,options
FNF:1
FNH:1
DA:12,12
DA:51,12
DA:61,12
DA:88,12
DA:93,12
DA:122,12
DA:132,12
DA:144,12
DA:149,12
DA:188,12
DA:198,12
DA:224,12
DA:229,12
DA:264,12
DA:273,12
DA:298,12
DA:303,12
DA:338,12
DA:347,12
DA:366,12
LF:20
LH:20
end_of_record
TN:
SF:laravel/resources/js/routes/login/index.ts
FN:22,store
FN:41,(anonymous_3)
FN:51,storeForm
FN:7,(anonymous_0)
FNDA:7,store
FNDA:7,(anonymous_3)
FNDA:0,storeForm
FNDA:0,(anonymous_0)
FNF:4
FNH:2
DA:7,7
DA:12,7
DA:41,7
DA:51,7
LF:4
LH:4
end_of_record
TN:
SF:laravel/resources/js/routes/password/confirm/index.ts
FN:7,options
FNDA:2,options
FNF:1
FNH:1
DA:7,8
DA:12,8
DA:41,8
DA:51,8
LF:4
LH:4
end_of_record
TN:
SF:laravel/resources/js/routes/password/index.ts
FN:104,url
FN:131,get
FN:141,head
FN:151,resetForm
FN:8,options
FN:89,reset
FNDA:0,url
FNDA:0,get
FNDA:0,head
FNDA:0,resetForm
FNDA:14,options
FNDA:0,reset
FNF:6
FNH:1
DA:8,7
DA:13,7
DA:52,7
DA:62,7
DA:89,7
DA:94,7
DA:104,0
DA:117,0
DA:121,0
DA:151,7
DA:161,7
DA:188,7
DA:193,7
DA:222,7
DA:232,7
DA:244,7
DA:249,7
DA:278,7
DA:288,7
DA:300,7
DA:305,7
DA:344,7
DA:354,7
DA:381,7
DA:386,7
DA:425,7
DA:435,7
LF:27
LH:24
end_of_record
TN:
SF:laravel/resources/js/routes/profile/index.ts
FN:7,options
FNDA:14,options
FNF:1
FNH:1
DA:7,3
DA:12,3
DA:51,3
DA:61,3
DA:88,3
DA:93,3
DA:122,3
DA:137,3
DA:154,3
DA:159,3
DA:188,3
DA:203,3
LF:12
LH:12
end_of_record
TN:
SF:laravel/resources/js/routes/two-factor/index.ts
FN:8,options
FNDA:0,options
FNF:1
FNH:0
DA:8,3
DA:13,3
DA:52,3
DA:62,3
DA:89,3
DA:94,3
DA:123,3
DA:133,3
DA:145,3
DA:150,3
DA:179,3
DA:189,3
DA:201,3
DA:206,3
DA:235,3
DA:250,3
DA:267,3
DA:272,3
DA:311,3
DA:321,3
DA:348,3
DA:353,3
DA:392,3
DA:402,3
DA:429,3
DA:434,3
DA:473,3
DA:483,3
DA:510,3
DA:515,3
DA:544,3
DA:554,3
DA:566,3
DA:571,3
DA:610,3
DA:620,3
LF:36
LH:36
end_of_record
TN:
SF:laravel/resources/js/routes/two-factor/login/index.ts
FN:7,options
FNDA:0,options
FNF:1
FNH:0
DA:7,3
DA:12,3
DA:41,3
DA:51,3
LF:4
LH:4
end_of_record
TN:
SF:laravel/resources/js/routes/user-password/index.ts
FN:7,options
FNDA:8,options
FNF:1
FNH:1
DA:7,3
DA:12,3
DA:51,3
DA:61,3
DA:88,3
DA:93,3
DA:122,3
DA:137,3
LF:8
LH:8
end_of_record
TN:
SF:laravel/resources/js/routes/verification/index.ts
FN:103,url
FN:129,get
FN:139,head
FN:149,verifyForm
FN:7,options
FN:88,verify
FNDA:0,url
FNDA:0,get
FNDA:0,head
FNDA:0,verifyForm
FNDA:0,options
FNDA:0,verify
FNF:6
FNH:0
DA:7,3
DA:12,3
DA:51,3
DA:61,3
DA:88,3
DA:93,3
DA:104,0
DA:113,0
DA:118,0
DA:149,3
DA:159,3
DA:186,3
DA:191,3
DA:220,3
DA:230,3
LF:15
LH:12
end_of_record
TN:
SF:laravel/resources/js/wayfinder/index.ts
FN:126,existing
FN:15,urlDefaults
FN:31,value
FN:43,addNestedParams
FN:48,forEach
FN:54,v
FN:63,options
FNDA:0,existing
FNDA:0,urlDefaults
FNDA:6,value
FNDA:0,addNestedParams
FNDA:0,forEach
FNDA:0,v
FNDA:41,options
FNF:7
FNH:2
DA:48,0
DA:49,0
DA:51,0
DA:53,0
DA:64,41
DA:65,35
DA:68,6
DA:77,41
DA:78,6
DA:80,6
DA:81,0
DA:82,0
DA:85,6
DA:91,0
DA:95,0
DA:106,6
DA:108,27
DA:128,0
DA:131,0
DA:133,0
DA:141,0
LF:21
LH:9
end_of_record
TN:
SF:localhost-8001/settings/profile
FN:2,(anonymous_0)
FNDA:1,(anonymous_0)
FNF:1
FNH:1
DA:2,1
DA:3,1
DA:5,1
DA:6,0
DA:8,0
DA:9,0
LF:6
LH:3
end_of_record
