<?xml version="1.0" encoding="UTF-8"?>
<coverage generated="1772978062">
  <project timestamp="1772978062">
    <package name="App\Actions\Fortify">
      <file name="laravel/app/Actions/Fortify/CreateNewUser.php">
        <class name="App\Actions\Fortify\CreateNewUser" namespace="App\Actions\Fortify">
          <metrics complexity="1" methods="1" coveredmethods="1" conditionals="0" coveredconditionals="0" statements="16" coveredstatements="16" elements="17" coveredelements="17"/>
        </class>
        <line num="19" type="method" name="create" visibility="public" complexity="1" crap="1" count="1"/>
        <line num="21" type="stmt" count="1"/>
        <line num="22" type="stmt" count="1"/>
        <line num="23" type="stmt" count="1"/>
        <line num="24" type="stmt" count="1"/>
        <line num="25" type="stmt" count="1"/>
        <line num="26" type="stmt" count="1"/>
        <line num="27" type="stmt" count="1"/>
        <line num="28" type="stmt" count="1"/>
        <line num="29" type="stmt" count="1"/>
        <line num="30" type="stmt" count="1"/>
        <line num="31" type="stmt" count="1"/>
        <line num="33" type="stmt" count="1"/>
        <line num="34" type="stmt" count="1"/>
        <line num="35" type="stmt" count="1"/>
        <line num="36" type="stmt" count="1"/>
        <line num="37" type="stmt" count="1"/>
        <metrics loc="40" ncloc="35" classes="1" methods="1" coveredmethods="1" conditionals="0" coveredconditionals="0" statements="16" coveredstatements="16" elements="17" coveredelements="17"/>
      </file>
      <file name="laravel/app/Actions/Fortify/PasswordValidationRules.php">
        <class name="App\Actions\Fortify\PasswordValidationRules" namespace="App\Actions\Fortify">
          <metrics complexity="1" methods="1" coveredmethods="1" conditionals="0" coveredconditionals="0" statements="1" coveredstatements="1" elements="2" coveredelements="2"/>
        </class>
        <line num="14" type="method" name="passwordRules" visibility="protected" complexity="1" crap="1" count="2"/>
        <line num="16" type="stmt" count="2"/>
        <metrics loc="19" ncloc="14" classes="1" methods="1" coveredmethods="1" conditionals="0" coveredconditionals="0" statements="1" coveredstatements="1" elements="2" coveredelements="2"/>
      </file>
      <file name="laravel/app/Actions/Fortify/ResetUserPassword.php">
        <class name="App\Actions\Fortify\ResetUserPassword" namespace="App\Actions\Fortify">
          <metrics complexity="1" methods="1" coveredmethods="1" conditionals="0" coveredconditionals="0" statements="6" coveredstatements="6" elements="7" coveredelements="7"/>
        </class>
        <line num="18" type="method" name="reset" visibility="public" complexity="1" crap="1" count="1"/>
        <line num="20" type="stmt" count="1"/>
        <line num="21" type="stmt" count="1"/>
        <line num="22" type="stmt" count="1"/>
        <line num="24" type="stmt" count="1"/>
        <line num="25" type="stmt" count="1"/>
        <line num="26" type="stmt" count="1"/>
        <metrics loc="29" ncloc="24" classes="1" methods="1" coveredmethods="1" conditionals="0" coveredconditionals="0" statements="6" coveredstatements="6" elements="7" coveredelements="7"/>
      </file>
    </package>
    <package name="App\Console\Commands">
      <file name="laravel/app/Console/Commands/PruneExpiredUploads.php">
        <class name="App\Console\Commands\PruneExpiredUploads" namespace="App\Console\Commands">
          <metrics complexity="4" methods="1" coveredmethods="0" conditionals="0" coveredconditionals="0" statements="13" coveredstatements="0" elements="14" coveredelements="0"/>
        </class>
        <line num="28" type="method" name="handle" visibility="public" complexity="4" crap="20" count="0"/>
        <line num="30" type="stmt" count="0"/>
        <line num="32" type="stmt" count="0"/>
        <line num="33" type="stmt" count="0"/>
        <line num="35" type="stmt" count="0"/>
        <line num="36" type="stmt" count="0"/>
        <line num="39" type="stmt" count="0"/>
        <line num="42" type="stmt" count="0"/>
        <line num="44" type="stmt" count="0"/>
        <line num="46" type="stmt" count="0"/>
        <line num="47" type="stmt" count="0"/>
        <line num="49" type="stmt" count="0"/>
        <line num="53" type="stmt" count="0"/>
        <line num="56" type="stmt" count="0"/>
        <metrics loc="59" ncloc="43" classes="1" methods="1" coveredmethods="0" conditionals="0" coveredconditionals="0" statements="13" coveredstatements="0" elements="14" coveredelements="0"/>
      </file>
    </package>
    <package name="App\Http\Controllers\Api">
      <file name="laravel/app/Http/Controllers/Api/UserUploadController.php">
        <class name="App\Http\Controllers\Api\UserUploadController" namespace="App\Http\Controllers\Api">
          <metrics complexity="7" methods="4" coveredmethods="3" conditionals="0" coveredconditionals="0" statements="34" coveredstatements="32" elements="38" coveredelements="35"/>
        </class>
        <line num="16" type="method" name="index" visibility="public" complexity="1" crap="1" count="1"/>
        <line num="18" type="stmt" count="1"/>
        <line num="19" type="stmt" count="1"/>
        <line num="20" type="stmt" count="1"/>
        <line num="21" type="stmt" count="1"/>
        <line num="22" type="stmt" count="1"/>
        <line num="24" type="stmt" count="1"/>
        <line num="30" type="method" name="refresh" visibility="public" complexity="1" crap="1" count="2"/>
        <line num="32" type="stmt" count="2"/>
        <line num="33" type="stmt" count="2"/>
        <line num="34" type="stmt" count="2"/>
        <line num="36" type="stmt" count="1"/>
        <line num="38" type="stmt" count="1"/>
        <line num="39" type="stmt" count="1"/>
        <line num="40" type="stmt" count="1"/>
        <line num="41" type="stmt" count="1"/>
        <line num="42" type="stmt" count="1"/>
        <line num="43" type="stmt" count="1"/>
        <line num="44" type="stmt" count="1"/>
        <line num="45" type="stmt" count="1"/>
        <line num="46" type="stmt" count="1"/>
        <line num="48" type="stmt" count="1"/>
        <line num="54" type="method" name="update" visibility="public" complexity="3" crap="3.07" count="1"/>
        <line num="56" type="stmt" count="1"/>
        <line num="57" type="stmt" count="0"/>
        <line num="60" type="stmt" count="1"/>
        <line num="61" type="stmt" count="1"/>
        <line num="62" type="stmt" count="1"/>
        <line num="63" type="stmt" count="1"/>
        <line num="65" type="stmt" count="1"/>
        <line num="66" type="stmt" count="0"/>
        <line num="69" type="stmt" count="1"/>
        <line num="71" type="stmt" count="1"/>
        <line num="77" type="method" name="delete" visibility="public" complexity="2" crap="2" count="2"/>
        <line num="79" type="stmt" count="2"/>
        <line num="80" type="stmt" count="1"/>
        <line num="83" type="stmt" count="1"/>
        <line num="85" type="stmt" count="1"/>
        <metrics loc="88" ncloc="76" classes="1" methods="4" coveredmethods="3" conditionals="0" coveredconditionals="0" statements="34" coveredstatements="32" elements="38" coveredelements="35"/>
      </file>
    </package>
    <package name="App\Http\Controllers">
      <file name="laravel/app/Http/Controllers/AuthController.php">
        <class name="App\Http\Controllers\AuthController" namespace="App\Http\Controllers">
          <metrics complexity="8" methods="6" coveredmethods="0" conditionals="0" coveredconditionals="0" statements="27" coveredstatements="0" elements="33" coveredelements="0"/>
        </class>
        <line num="17" type="method" name="login" visibility="public" complexity="2" crap="6" count="0"/>
        <line num="19" type="stmt" count="0"/>
        <line num="24" type="stmt" count="0"/>
        <line num="25" type="stmt" count="0"/>
        <line num="28" type="stmt" count="0"/>
        <line num="36" type="method" name="register" visibility="public" complexity="2" crap="6" count="0"/>
        <line num="38" type="stmt" count="0"/>
        <line num="39" type="stmt" count="0"/>
        <line num="40" type="stmt" count="0"/>
        <line num="41" type="stmt" count="0"/>
        <line num="42" type="stmt" count="0"/>
        <line num="44" type="stmt" count="0"/>
        <line num="45" type="stmt" count="0"/>
        <line num="48" type="stmt" count="0"/>
        <line num="49" type="stmt" count="0"/>
        <line num="50" type="stmt" count="0"/>
        <line num="51" type="stmt" count="0"/>
        <line num="52" type="stmt" count="0"/>
        <line num="55" type="stmt" count="0"/>
        <line num="57" type="stmt" count="0"/>
        <line num="65" type="method" name="me" visibility="public" complexity="1" crap="2" count="0"/>
        <line num="69" type="stmt" count="0"/>
        <line num="77" type="method" name="logout" visibility="public" complexity="1" crap="2" count="0"/>
        <line num="79" type="stmt" count="0"/>
        <line num="81" type="stmt" count="0"/>
        <line num="89" type="method" name="refresh" visibility="public" complexity="1" crap="2" count="0"/>
        <line num="92" type="stmt" count="0"/>
        <line num="101" type="method" name="respondWithToken" visibility="protected" complexity="1" crap="2" count="0"/>
        <line num="103" type="stmt" count="0"/>
        <line num="104" type="stmt" count="0"/>
        <line num="105" type="stmt" count="0"/>
        <line num="106" type="stmt" count="0"/>
        <line num="107" type="stmt" count="0"/>
        <metrics loc="110" ncloc="72" classes="1" methods="6" coveredmethods="0" conditionals="0" coveredconditionals="0" statements="27" coveredstatements="0" elements="33" coveredelements="0"/>
      </file>
      <file name="laravel/app/Http/Controllers/Controller.php">
        <class name="App\Http\Controllers\Controller" namespace="App\Http\Controllers">
          <metrics complexity="0" methods="0" coveredmethods="0" conditionals="0" coveredconditionals="0" statements="0" coveredstatements="0" elements="0" coveredelements="0"/>
        </class>
        <metrics loc="9" ncloc="8" classes="0" methods="0" coveredmethods="0" conditionals="0" coveredconditionals="0" statements="0" coveredstatements="0" elements="0" coveredelements="0"/>
      </file>
      <file name="laravel/app/Http/Controllers/UploadController.php">
        <class name="App\Http\Controllers\UploadController" namespace="App\Http\Controllers">
          <metrics complexity="7" methods="2" coveredmethods="2" conditionals="0" coveredconditionals="0" statements="23" coveredstatements="23" elements="25" coveredelements="25"/>
        </class>
        <line num="16" type="method" name="show" visibility="public" complexity="2" crap="2" count="1"/>
        <line num="18" type="stmt" count="1"/>
        <line num="20" type="stmt" count="1"/>
        <line num="21" type="stmt" count="1"/>
        <line num="22" type="stmt" count="1"/>
        <line num="23" type="stmt" count="1"/>
        <line num="24" type="stmt" count="1"/>
        <line num="25" type="stmt" count="1"/>
        <line num="26" type="stmt" count="1"/>
        <line num="27" type="stmt" count="1"/>
        <line num="28" type="stmt" count="1"/>
        <line num="29" type="stmt" count="1"/>
        <line num="30" type="stmt" count="1"/>
        <line num="31" type="stmt" count="1"/>
        <line num="37" type="method" name="download" visibility="public" complexity="5" crap="5" count="1"/>
        <line num="39" type="stmt" count="1"/>
        <line num="41" type="stmt" count="1"/>
        <line num="42" type="stmt" count="1"/>
        <line num="46" type="stmt" count="1"/>
        <line num="52" type="stmt" count="1"/>
        <line num="56" type="stmt" count="1"/>
        <line num="57" type="stmt" count="1"/>
        <line num="58" type="stmt" count="1"/>
        <line num="59" type="stmt" count="1"/>
        <line num="60" type="stmt" count="1"/>
        <metrics loc="63" ncloc="56" classes="1" methods="2" coveredmethods="2" conditionals="0" coveredconditionals="0" statements="23" coveredstatements="23" elements="25" coveredelements="25"/>
      </file>
    </package>
    <package name="App\Http\Controllers\Settings">
      <file name="laravel/app/Http/Controllers/Settings/PasswordController.php">
        <class name="App\Http\Controllers\Settings\PasswordController" namespace="App\Http\Controllers\Settings">
          <metrics complexity="2" methods="2" coveredmethods="2" conditionals="0" coveredconditionals="0" statements="5" coveredstatements="5" elements="7" coveredelements="7"/>
        </class>
        <line num="16" type="method" name="edit" visibility="public" complexity="1" crap="1" count="1"/>
        <line num="18" type="stmt" count="1"/>
        <line num="24" type="method" name="update" visibility="public" complexity="1" crap="1" count="1"/>
        <line num="26" type="stmt" count="1"/>
        <line num="27" type="stmt" count="1"/>
        <line num="28" type="stmt" count="1"/>
        <line num="30" type="stmt" count="1"/>
        <metrics loc="33" ncloc="27" classes="1" methods="2" coveredmethods="2" conditionals="0" coveredconditionals="0" statements="5" coveredstatements="5" elements="7" coveredelements="7"/>
      </file>
      <file name="laravel/app/Http/Controllers/Settings/ProfileController.php">
        <class name="App\Http\Controllers\Settings\ProfileController" namespace="App\Http\Controllers\Settings">
          <metrics complexity="7" methods="3" coveredmethods="2" conditionals="0" coveredconditionals="0" statements="25" coveredstatements="24" elements="28" coveredelements="26"/>
        </class>
        <line num="20" type="method" name="edit" visibility="public" complexity="1" crap="1" count="1"/>
        <line num="22" type="stmt" count="1"/>
        <line num="23" type="stmt" count="1"/>
        <line num="24" type="stmt" count="1"/>
        <line num="25" type="stmt" count="1"/>
        <line num="31" type="method" name="update" visibility="public" complexity="5" crap="5.01" count="3"/>
        <line num="33" type="stmt" count="3"/>
        <line num="34" type="stmt" count="3"/>
        <line num="36" type="stmt" count="3"/>
        <line num="37" type="stmt" count="1"/>
        <line num="38" type="stmt" count="1"/>
        <line num="39" type="stmt" count="1"/>
        <line num="42" type="stmt" count="1"/>
        <line num="43" type="stmt" count="1"/>
        <line num="44" type="stmt" count="0"/>
        <line num="47" type="stmt" count="1"/>
        <line num="48" type="stmt" count="1"/>
        <line num="51" type="stmt" count="3"/>
        <line num="52" type="stmt" count="1"/>
        <line num="55" type="stmt" count="3"/>
        <line num="57" type="stmt" count="3"/>
        <line num="63" type="method" name="destroy" visibility="public" complexity="1" crap="1" count="1"/>
        <line num="65" type="stmt" count="1"/>
        <line num="67" type="stmt" count="1"/>
        <line num="69" type="stmt" count="1"/>
        <line num="71" type="stmt" count="1"/>
        <line num="72" type="stmt" count="1"/>
        <line num="74" type="stmt" count="1"/>
        <metrics loc="77" ncloc="67" classes="1" methods="3" coveredmethods="2" conditionals="0" coveredconditionals="0" statements="25" coveredstatements="24" elements="28" coveredelements="26"/>
      </file>
      <file name="laravel/app/Http/Controllers/Settings/TwoFactorAuthenticationController.php">
        <class name="App\Http\Controllers\Settings\TwoFactorAuthenticationController" namespace="App\Http\Controllers\Settings">
          <metrics complexity="3" methods="2" coveredmethods="2" conditionals="0" coveredconditionals="0" statements="8" coveredstatements="8" elements="10" coveredelements="10"/>
        </class>
        <line num="18" type="method" name="middleware" visibility="public" complexity="2" crap="2" count="4"/>
        <line num="20" type="stmt" count="4"/>
        <line num="21" type="stmt" count="2"/>
        <line num="22" type="stmt" count="4"/>
        <line num="28" type="method" name="show" visibility="public" complexity="1" crap="1" count="2"/>
        <line num="30" type="stmt" count="2"/>
        <line num="32" type="stmt" count="2"/>
        <line num="33" type="stmt" count="2"/>
        <line num="34" type="stmt" count="2"/>
        <line num="35" type="stmt" count="2"/>
        <metrics loc="38" ncloc="32" classes="1" methods="2" coveredmethods="2" conditionals="0" coveredconditionals="0" statements="8" coveredstatements="8" elements="10" coveredelements="10"/>
      </file>
    </package>
    <package name="App\Http\Middleware">
      <file name="laravel/app/Http/Middleware/HandleAppearance.php">
        <class name="App\Http\Middleware\HandleAppearance" namespace="App\Http\Middleware">
          <metrics complexity="1" methods="1" coveredmethods="1" conditionals="0" coveredconditionals="0" statements="2" coveredstatements="2" elements="3" coveredelements="3"/>
        </class>
        <line num="17" type="method" name="handle" visibility="public" complexity="1" crap="1" count="45"/>
        <line num="19" type="stmt" count="45"/>
        <line num="21" type="stmt" count="45"/>
        <metrics loc="24" ncloc="19" classes="1" methods="1" coveredmethods="1" conditionals="0" coveredconditionals="0" statements="2" coveredstatements="2" elements="3" coveredelements="3"/>
      </file>
      <file name="laravel/app/Http/Middleware/HandleInertiaRequests.php">
        <class name="App\Http\Middleware\HandleInertiaRequests" namespace="App\Http\Middleware">
          <metrics complexity="4" methods="2" coveredmethods="2" conditionals="0" coveredconditionals="0" statements="12" coveredstatements="12" elements="14" coveredelements="14"/>
        </class>
        <line num="24" type="method" name="version" visibility="public" complexity="1" crap="1" count="17"/>
        <line num="26" type="stmt" count="17"/>
        <line num="36" type="method" name="share" visibility="public" complexity="3" crap="3" count="45"/>
        <line num="38" type="stmt" count="45"/>
        <line num="39" type="stmt" count="45"/>
        <line num="40" type="stmt" count="45"/>
        <line num="41" type="stmt" count="45"/>
        <line num="42" type="stmt" count="45"/>
        <line num="43" type="stmt" count="45"/>
        <line num="44" type="stmt" count="45"/>
        <line num="45" type="stmt" count="45"/>
        <line num="46" type="stmt" count="45"/>
        <line num="47" type="stmt" count="45"/>
        <line num="48" type="stmt" count="45"/>
        <metrics loc="51" ncloc="32" classes="1" methods="2" coveredmethods="2" conditionals="0" coveredconditionals="0" statements="12" coveredstatements="12" elements="14" coveredelements="14"/>
      </file>
    </package>
    <package name="App\Http\Requests\Settings">
      <file name="laravel/app/Http/Requests/Settings/PasswordUpdateRequest.php">
        <class name="App\Http\Requests\Settings\PasswordUpdateRequest" namespace="App\Http\Requests\Settings">
          <metrics complexity="1" methods="1" coveredmethods="1" conditionals="0" coveredconditionals="0" statements="4" coveredstatements="4" elements="5" coveredelements="5"/>
        </class>
        <line num="16" type="method" name="rules" visibility="public" complexity="1" crap="1" count="2"/>
        <line num="18" type="stmt" count="2"/>
        <line num="19" type="stmt" count="2"/>
        <line num="20" type="stmt" count="2"/>
        <line num="21" type="stmt" count="2"/>
        <metrics loc="24" ncloc="19" classes="1" methods="1" coveredmethods="1" conditionals="0" coveredconditionals="0" statements="4" coveredstatements="4" elements="5" coveredelements="5"/>
      </file>
      <file name="laravel/app/Http/Requests/Settings/ProfileDeleteRequest.php">
        <class name="App\Http\Requests\Settings\ProfileDeleteRequest" namespace="App\Http\Requests\Settings">
          <metrics complexity="1" methods="1" coveredmethods="1" conditionals="0" coveredconditionals="0" statements="3" coveredstatements="3" elements="4" coveredelements="4"/>
        </class>
        <line num="14" type="method" name="rules" visibility="public" complexity="1" crap="1" count="2"/>
        <line num="16" type="stmt" count="2"/>
        <line num="17" type="stmt" count="2"/>
        <line num="18" type="stmt" count="2"/>
        <metrics loc="21" ncloc="16" classes="1" methods="1" coveredmethods="1" conditionals="0" coveredconditionals="0" statements="3" coveredstatements="3" elements="4" coveredelements="4"/>
      </file>
      <file name="laravel/app/Http/Requests/Settings/ProfileUpdateRequest.php">
        <class name="App\Http\Requests\Settings\ProfileUpdateRequest" namespace="App\Http\Requests\Settings">
          <metrics complexity="1" methods="1" coveredmethods="1" conditionals="0" coveredconditionals="0" statements="17" coveredstatements="17" elements="18" coveredelements="18"/>
        </class>
        <line num="17" type="method" name="rules" visibility="public" complexity="1" crap="1" count="5"/>
        <line num="19" type="stmt" count="5"/>
        <line num="20" type="stmt" count="5"/>
        <line num="21" type="stmt" count="5"/>
        <line num="22" type="stmt" count="5"/>
        <line num="23" type="stmt" count="5"/>
        <line num="24" type="stmt" count="5"/>
        <line num="25" type="stmt" count="5"/>
        <line num="26" type="stmt" count="5"/>
        <line num="27" type="stmt" count="5"/>
        <line num="28" type="stmt" count="5"/>
        <line num="29" type="stmt" count="5"/>
        <line num="30" type="stmt" count="5"/>
        <line num="31" type="stmt" count="5"/>
        <line num="32" type="stmt" count="5"/>
        <line num="33" type="stmt" count="5"/>
        <line num="34" type="stmt" count="5"/>
        <line num="35" type="stmt" count="5"/>
        <metrics loc="38" ncloc="33" classes="1" methods="1" coveredmethods="1" conditionals="0" coveredconditionals="0" statements="17" coveredstatements="17" elements="18" coveredelements="18"/>
      </file>
      <file name="laravel/app/Http/Requests/Settings/TwoFactorAuthenticationRequest.php">
        <class name="App\Http\Requests\Settings\TwoFactorAuthenticationRequest" namespace="App\Http\Requests\Settings">
          <metrics complexity="2" methods="2" coveredmethods="2" conditionals="0" coveredconditionals="0" statements="2" coveredstatements="2" elements="4" coveredelements="4"/>
        </class>
        <line num="16" type="method" name="authorize" visibility="public" complexity="1" crap="1" count="3"/>
        <line num="18" type="stmt" count="3"/>
        <line num="26" type="method" name="rules" visibility="public" complexity="1" crap="1" count="2"/>
        <line num="28" type="stmt" count="2"/>
        <metrics loc="31" ncloc="23" classes="1" methods="2" coveredmethods="2" conditionals="0" coveredconditionals="0" statements="2" coveredstatements="2" elements="4" coveredelements="4"/>
      </file>
    </package>
    <package name="App\Http\Resources">
      <file name="laravel/app/Http/Resources/UploadResource.php">
        <class name="App\Http\Resources\UploadResource" namespace="App\Http\Resources">
          <metrics complexity="2" methods="1" coveredmethods="1" conditionals="0" coveredconditionals="0" statements="12" coveredstatements="12" elements="13" coveredelements="13"/>
        </class>
        <line num="15" type="method" name="toArray" visibility="public" complexity="2" crap="2" count="4"/>
        <line num="17" type="stmt" count="4"/>
        <line num="18" type="stmt" count="4"/>
        <line num="19" type="stmt" count="4"/>
        <line num="20" type="stmt" count="4"/>
        <line num="21" type="stmt" count="4"/>
        <line num="22" type="stmt" count="4"/>
        <line num="23" type="stmt" count="4"/>
        <line num="24" type="stmt" count="4"/>
        <line num="25" type="stmt" count="4"/>
        <line num="26" type="stmt" count="4"/>
        <line num="28" type="stmt" count="4"/>
        <line num="29" type="stmt" count="4"/>
        <metrics loc="32" ncloc="26" classes="1" methods="1" coveredmethods="1" conditionals="0" coveredconditionals="0" statements="12" coveredstatements="12" elements="13" coveredelements="13"/>
      </file>
    </package>
    <package name="App\Models">
      <file name="laravel/app/Models/Upload.php">
        <class name="App\Models\Upload" namespace="App\Models">
          <metrics complexity="3" methods="3" coveredmethods="2" conditionals="0" coveredconditionals="0" statements="5" coveredstatements="4" elements="8" coveredelements="6"/>
        </class>
        <line num="39" type="method" name="casts" visibility="protected" complexity="1" crap="1" count="8"/>
        <line num="41" type="stmt" count="8"/>
        <line num="42" type="stmt" count="8"/>
        <line num="43" type="stmt" count="8"/>
        <line num="51" type="method" name="getRouteKeyName" visibility="public" complexity="1" crap="1" count="3"/>
        <line num="53" type="stmt" count="3"/>
        <line num="59" type="method" name="user" visibility="public" complexity="1" crap="2" count="0"/>
        <line num="61" type="stmt" count="0"/>
        <metrics loc="64" ncloc="46" classes="1" methods="3" coveredmethods="2" conditionals="0" coveredconditionals="0" statements="5" coveredstatements="4" elements="8" coveredelements="6"/>
      </file>
      <file name="laravel/app/Models/User.php">
        <class name="App\Models\User" namespace="App\Models">
          <metrics complexity="4" methods="4" coveredmethods="4" conditionals="0" coveredconditionals="0" statements="8" coveredstatements="8" elements="12" coveredelements="12"/>
        </class>
        <line num="48" type="method" name="casts" visibility="protected" complexity="1" crap="1" count="49"/>
        <line num="50" type="stmt" count="49"/>
        <line num="51" type="stmt" count="49"/>
        <line num="52" type="stmt" count="49"/>
        <line num="53" type="stmt" count="49"/>
        <line num="54" type="stmt" count="49"/>
        <line num="60" type="method" name="uploads" visibility="public" complexity="1" crap="1" count="2"/>
        <line num="62" type="stmt" count="2"/>
        <line num="70" type="method" name="getJWTIdentifier" visibility="public" complexity="1" crap="1" count="30"/>
        <line num="72" type="stmt" count="30"/>
        <line num="80" type="method" name="getJWTCustomClaims" visibility="public" complexity="1" crap="1" count="30"/>
        <line num="82" type="stmt" count="30"/>
        <metrics loc="85" ncloc="53" classes="1" methods="4" coveredmethods="4" conditionals="0" coveredconditionals="0" statements="8" coveredstatements="8" elements="12" coveredelements="12"/>
      </file>
    </package>
    <package name="App\Providers">
      <file name="laravel/app/Providers/AppServiceProvider.php">
        <class name="App\Providers\AppServiceProvider" namespace="App\Providers">
          <metrics complexity="2" methods="2" coveredmethods="2" conditionals="0" coveredconditionals="0" statements="3" coveredstatements="3" elements="5" coveredelements="5"/>
        </class>
        <line num="13" type="method" name="register" visibility="public" complexity="1" crap="1" count="59"/>
        <line num="16" type="stmt" count="59"/>
        <line num="21" type="method" name="boot" visibility="public" complexity="1" crap="1" count="59"/>
        <line num="23" type="stmt" count="59"/>
        <line num="24" type="stmt" count="59"/>
        <metrics loc="27" ncloc="20" classes="1" methods="2" coveredmethods="2" conditionals="0" coveredconditionals="0" statements="3" coveredstatements="3" elements="5" coveredelements="5"/>
      </file>
      <file name="laravel/app/Providers/FortifyServiceProvider.php">
        <class name="App\Providers\FortifyServiceProvider" namespace="App\Providers">
          <metrics complexity="5" methods="5" coveredmethods="4" conditionals="0" coveredconditionals="0" statements="31" coveredstatements="30" elements="36" coveredelements="34"/>
        </class>
        <line num="21" type="method" name="register" visibility="public" complexity="1" crap="1" count="59"/>
        <line num="24" type="stmt" count="59"/>
        <line num="29" type="method" name="boot" visibility="public" complexity="1" crap="1" count="59"/>
        <line num="31" type="stmt" count="59"/>
        <line num="32" type="stmt" count="59"/>
        <line num="33" type="stmt" count="59"/>
        <line num="39" type="method" name="configureActions" visibility="private" complexity="1" crap="1" count="59"/>
        <line num="41" type="stmt" count="59"/>
        <line num="42" type="stmt" count="59"/>
        <line num="48" type="method" name="configureViews" visibility="private" complexity="1" crap="1" count="59"/>
        <line num="50" type="stmt" count="59"/>
        <line num="51" type="stmt" count="59"/>
        <line num="52" type="stmt" count="59"/>
        <line num="53" type="stmt" count="59"/>
        <line num="54" type="stmt" count="59"/>
        <line num="56" type="stmt" count="59"/>
        <line num="57" type="stmt" count="59"/>
        <line num="58" type="stmt" count="59"/>
        <line num="59" type="stmt" count="59"/>
        <line num="61" type="stmt" count="59"/>
        <line num="62" type="stmt" count="59"/>
        <line num="63" type="stmt" count="59"/>
        <line num="65" type="stmt" count="59"/>
        <line num="66" type="stmt" count="59"/>
        <line num="67" type="stmt" count="59"/>
        <line num="69" type="stmt" count="59"/>
        <line num="71" type="stmt" count="59"/>
        <line num="73" type="stmt" count="59"/>
        <line num="79" type="method" name="configureRateLimiting" visibility="private" complexity="1" crap="1.00" count="59"/>
        <line num="81" type="stmt" count="59"/>
        <line num="82" type="stmt" count="0"/>
        <line num="83" type="stmt" count="59"/>
        <line num="85" type="stmt" count="59"/>
        <line num="86" type="stmt" count="6"/>
        <line num="88" type="stmt" count="6"/>
        <line num="89" type="stmt" count="59"/>
        <metrics loc="92" ncloc="76" classes="1" methods="5" coveredmethods="4" conditionals="0" coveredconditionals="0" statements="31" coveredstatements="30" elements="36" coveredelements="34"/>
      </file>
      <file name="laravel/app/Providers/TusServiceProvider.php">
        <class name="App\Providers\TusServiceProvider" namespace="App\Providers">
          <metrics complexity="5" methods="1" coveredmethods="0" conditionals="0" coveredconditionals="0" statements="43" coveredstatements="41" elements="44" coveredelements="41"/>
        </class>
        <line num="12" type="method" name="register" visibility="public" complexity="5" crap="5" count="59"/>
        <line num="14" type="stmt" count="59"/>
        <line num="16" type="stmt" count="2"/>
        <line num="19" type="stmt" count="2"/>
        <line num="21" type="stmt" count="2"/>
        <line num="24" type="stmt" count="2"/>
        <line num="27" type="stmt" count="2"/>
        <line num="28" type="stmt" count="2"/>
        <line num="29" type="stmt" count="2"/>
        <line num="30" type="stmt" count="2"/>
        <line num="31" type="stmt" count="2"/>
        <line num="34" type="stmt" count="2"/>
        <line num="35" type="stmt" count="1"/>
        <line num="36" type="stmt" count="1"/>
        <line num="38" type="stmt" count="1"/>
        <line num="39" type="stmt" count="1"/>
        <line num="40" type="stmt" count="1"/>
        <line num="41" type="stmt" count="1"/>
        <line num="42" type="stmt" count="1"/>
        <line num="43" type="stmt" count="1"/>
        <line num="45" type="stmt" count="1"/>
        <line num="46" type="stmt" count="1"/>
        <line num="47" type="stmt" count="1"/>
        <line num="48" type="stmt" count="1"/>
        <line num="51" type="stmt" count="1"/>
        <line num="52" type="stmt" count="1"/>
        <line num="53" type="stmt" count="1"/>
        <line num="56" type="stmt" count="1"/>
        <line num="57" type="stmt" count="0"/>
        <line num="61" type="stmt" count="1"/>
        <line num="62" type="stmt" count="0"/>
        <line num="64" type="stmt" count="1"/>
        <line num="67" type="stmt" count="1"/>
        <line num="68" type="stmt" count="1"/>
        <line num="69" type="stmt" count="1"/>
        <line num="70" type="stmt" count="1"/>
        <line num="71" type="stmt" count="1"/>
        <line num="72" type="stmt" count="1"/>
        <line num="73" type="stmt" count="1"/>
        <line num="74" type="stmt" count="1"/>
        <line num="75" type="stmt" count="1"/>
        <line num="77" type="stmt" count="2"/>
        <line num="79" type="stmt" count="2"/>
        <line num="80" type="stmt" count="59"/>
        <metrics loc="83" ncloc="74" classes="1" methods="1" coveredmethods="0" conditionals="0" coveredconditionals="0" statements="43" coveredstatements="41" elements="44" coveredelements="41"/>
      </file>
    </package>
    <metrics files="23" loc="1137" ncloc="891" classes="22" methods="47" coveredmethods="35" conditionals="0" coveredconditionals="0" statements="300" coveredstatements="253" elements="347" coveredelements="288"/>
  </project>
</coverage>
