<?xml version="1.0" encoding="UTF-8"?>
<coverage generated="1773414771">
  <project timestamp="1773414771">
    <package name="App\Actions\Fortify">
      <file name="laravel/app/Actions/Fortify/CreateNewUser.php">
        <class name="App\Actions\Fortify\CreateNewUser" namespace="App\Actions\Fortify">
          <metrics complexity="1" methods="1" coveredmethods="1" conditionals="0" coveredconditionals="0" statements="16" coveredstatements="16" elements="17" coveredelements="17"/>
        </class>
        <line num="19" type="method" name="create" visibility="public" complexity="1" crap="1" count="1"/>
        <line num="21" type="stmt" count="1"/>
        <line num="22" type="stmt" count="1"/>
        <line num="23" type="stmt" count="1"/>
        <line num="24" type="stmt" count="1"/>
        <line num="25" type="stmt" count="1"/>
        <line num="26" type="stmt" count="1"/>
        <line num="27" type="stmt" count="1"/>
        <line num="28" type="stmt" count="1"/>
        <line num="29" type="stmt" count="1"/>
        <line num="30" type="stmt" count="1"/>
        <line num="31" type="stmt" count="1"/>
        <line num="33" type="stmt" count="1"/>
        <line num="34" type="stmt" count="1"/>
        <line num="35" type="stmt" count="1"/>
        <line num="36" type="stmt" count="1"/>
        <line num="37" type="stmt" count="1"/>
        <metrics loc="40" ncloc="35" classes="1" methods="1" coveredmethods="1" conditionals="0" coveredconditionals="0" statements="16" coveredstatements="16" elements="17" coveredelements="17"/>
      </file>
      <file name="laravel/app/Actions/Fortify/PasswordValidationRules.php">
        <class name="App\Actions\Fortify\PasswordValidationRules" namespace="App\Actions\Fortify">
          <metrics complexity="1" methods="1" coveredmethods="1" conditionals="0" coveredconditionals="0" statements="1" coveredstatements="1" elements="2" coveredelements="2"/>
        </class>
        <line num="14" type="method" name="passwordRules" visibility="protected" complexity="1" crap="1" count="2"/>
        <line num="16" type="stmt" count="2"/>
        <metrics loc="19" ncloc="14" classes="1" methods="1" coveredmethods="1" conditionals="0" coveredconditionals="0" statements="1" coveredstatements="1" elements="2" coveredelements="2"/>
      </file>
      <file name="laravel/app/Actions/Fortify/ResetUserPassword.php">
        <class name="App\Actions\Fortify\ResetUserPassword" namespace="App\Actions\Fortify">
          <metrics complexity="1" methods="1" coveredmethods="1" conditionals="0" coveredconditionals="0" statements="6" coveredstatements="6" elements="7" coveredelements="7"/>
        </class>
        <line num="18" type="method" name="reset" visibility="public" complexity="1" crap="1" count="1"/>
        <line num="20" type="stmt" count="1"/>
        <line num="21" type="stmt" count="1"/>
        <line num="22" type="stmt" count="1"/>
        <line num="24" type="stmt" count="1"/>
        <line num="25" type="stmt" count="1"/>
        <line num="26" type="stmt" count="1"/>
        <metrics loc="29" ncloc="24" classes="1" methods="1" coveredmethods="1" conditionals="0" coveredconditionals="0" statements="6" coveredstatements="6" elements="7" coveredelements="7"/>
      </file>
    </package>
    <package name="App\Console\Commands">
      <file name="laravel/app/Console/Commands/PruneExpiredUploads.php">
        <class name="App\Console\Commands\PruneExpiredUploads" namespace="App\Console\Commands">
          <metrics complexity="4" methods="1" coveredmethods="0" conditionals="0" coveredconditionals="0" statements="13" coveredstatements="0" elements="14" coveredelements="0"/>
        </class>
        <line num="28" type="method" name="handle" visibility="public" complexity="4" crap="20" count="0"/>
        <line num="30" type="stmt" count="0"/>
        <line num="32" type="stmt" count="0"/>
        <line num="33" type="stmt" count="0"/>
        <line num="35" type="stmt" count="0"/>
        <line num="36" type="stmt" count="0"/>
        <line num="39" type="stmt" count="0"/>
        <line num="42" type="stmt" count="0"/>
        <line num="44" type="stmt" count="0"/>
        <line num="46" type="stmt" count="0"/>
        <line num="47" type="stmt" count="0"/>
        <line num="49" type="stmt" count="0"/>
        <line num="53" type="stmt" count="0"/>
        <line num="56" type="stmt" count="0"/>
        <metrics loc="59" ncloc="43" classes="1" methods="1" coveredmethods="0" conditionals="0" coveredconditionals="0" statements="13" coveredstatements="0" elements="14" coveredelements="0"/>
      </file>
    </package>
    <package name="App\Http\Controllers\Api">
      <file name="laravel/app/Http/Controllers/Api/UserUploadController.php">
        <class name="App\Http\Controllers\Api\UserUploadController" namespace="App\Http\Controllers\Api">
          <metrics complexity="7" methods="4" coveredmethods="2" conditionals="0" coveredconditionals="0" statements="34" coveredstatements="28" elements="38" coveredelements="30"/>
        </class>
        <line num="16" type="method" name="index" visibility="public" complexity="1" crap="1" count="1"/>
        <line num="18" type="stmt" count="1"/>
        <line num="19" type="stmt" count="1"/>
        <line num="20" type="stmt" count="1"/>
        <line num="21" type="stmt" count="1"/>
        <line num="22" type="stmt" count="1"/>
        <line num="24" type="stmt" count="1"/>
        <line num="30" type="method" name="refresh" visibility="public" complexity="1" crap="1" count="2"/>
        <line num="32" type="stmt" count="2"/>
        <line num="33" type="stmt" count="2"/>
        <line num="34" type="stmt" count="2"/>
        <line num="36" type="stmt" count="1"/>
        <line num="38" type="stmt" count="1"/>
        <line num="39" type="stmt" count="1"/>
        <line num="40" type="stmt" count="1"/>
        <line num="41" type="stmt" count="1"/>
        <line num="42" type="stmt" count="1"/>
        <line num="43" type="stmt" count="1"/>
        <line num="44" type="stmt" count="1"/>
        <line num="45" type="stmt" count="1"/>
        <line num="46" type="stmt" count="1"/>
        <line num="48" type="stmt" count="1"/>
        <line num="54" type="method" name="update" visibility="public" complexity="3" crap="3.07" count="1"/>
        <line num="56" type="stmt" count="1"/>
        <line num="57" type="stmt" count="0"/>
        <line num="60" type="stmt" count="1"/>
        <line num="61" type="stmt" count="1"/>
        <line num="62" type="stmt" count="1"/>
        <line num="63" type="stmt" count="1"/>
        <line num="65" type="stmt" count="1"/>
        <line num="66" type="stmt" count="0"/>
        <line num="69" type="stmt" count="1"/>
        <line num="71" type="stmt" count="1"/>
        <line num="77" type="method" name="delete" visibility="public" complexity="2" crap="6" count="0"/>
        <line num="79" type="stmt" count="0"/>
        <line num="80" type="stmt" count="0"/>
        <line num="83" type="stmt" count="0"/>
        <line num="85" type="stmt" count="0"/>
        <metrics loc="88" ncloc="76" classes="1" methods="4" coveredmethods="2" conditionals="0" coveredconditionals="0" statements="34" coveredstatements="28" elements="38" coveredelements="30"/>
      </file>
    </package>
    <package name="App\Http\Controllers">
      <file name="laravel/app/Http/Controllers/AuthController.php">
        <class name="App\Http\Controllers\AuthController" namespace="App\Http\Controllers">
          <metrics complexity="8" methods="6" coveredmethods="0" conditionals="0" coveredconditionals="0" statements="27" coveredstatements="10" elements="33" coveredelements="10"/>
        </class>
        <line num="17" type="method" name="login" visibility="public" complexity="2" crap="2.06" count="1"/>
        <line num="19" type="stmt" count="1"/>
        <line num="24" type="stmt" count="1"/>
        <line num="25" type="stmt" count="1"/>
        <line num="28" type="stmt" count="0"/>
        <line num="36" type="method" name="register" visibility="public" complexity="2" crap="2.50" count="1"/>
        <line num="38" type="stmt" count="1"/>
        <line num="39" type="stmt" count="1"/>
        <line num="40" type="stmt" count="1"/>
        <line num="41" type="stmt" count="1"/>
        <line num="42" type="stmt" count="1"/>
        <line num="44" type="stmt" count="1"/>
        <line num="45" type="stmt" count="1"/>
        <line num="48" type="stmt" count="0"/>
        <line num="49" type="stmt" count="0"/>
        <line num="50" type="stmt" count="0"/>
        <line num="51" type="stmt" count="0"/>
        <line num="52" type="stmt" count="0"/>
        <line num="55" type="stmt" count="0"/>
        <line num="57" type="stmt" count="0"/>
        <line num="65" type="method" name="me" visibility="public" complexity="1" crap="2" count="0"/>
        <line num="69" type="stmt" count="0"/>
        <line num="77" type="method" name="logout" visibility="public" complexity="1" crap="2" count="0"/>
        <line num="79" type="stmt" count="0"/>
        <line num="81" type="stmt" count="0"/>
        <line num="89" type="method" name="refresh" visibility="public" complexity="1" crap="2" count="0"/>
        <line num="92" type="stmt" count="0"/>
        <line num="101" type="method" name="respondWithToken" visibility="protected" complexity="1" crap="2" count="0"/>
        <line num="103" type="stmt" count="0"/>
        <line num="104" type="stmt" count="0"/>
        <line num="105" type="stmt" count="0"/>
        <line num="106" type="stmt" count="0"/>
        <line num="107" type="stmt" count="0"/>
        <metrics loc="110" ncloc="72" classes="1" methods="6" coveredmethods="0" conditionals="0" coveredconditionals="0" statements="27" coveredstatements="10" elements="33" coveredelements="10"/>
      </file>
      <file name="laravel/app/Http/Controllers/Controller.php">
        <class name="App\Http\Controllers\Controller" namespace="App\Http\Controllers">
          <metrics complexity="0" methods="0" coveredmethods="0" conditionals="0" coveredconditionals="0" statements="0" coveredstatements="0" elements="0" coveredelements="0"/>
        </class>
        <metrics loc="9" ncloc="8" classes="0" methods="0" coveredmethods="0" conditionals="0" coveredconditionals="0" statements="0" coveredstatements="0" elements="0" coveredelements="0"/>
      </file>
      <file name="laravel/app/Http/Controllers/UploadController.php">
        <class name="App\Http\Controllers\UploadController" namespace="App\Http\Controllers">
          <metrics complexity="7" methods="2" coveredmethods="1" conditionals="0" coveredconditionals="0" statements="26" coveredstatements="23" elements="28" coveredelements="24"/>
        </class>
        <line num="16" type="method" name="show" visibility="public" complexity="2" crap="2" count="2"/>
        <line num="18" type="stmt" count="2"/>
        <line num="20" type="stmt" count="2"/>
        <line num="21" type="stmt" count="2"/>
        <line num="22" type="stmt" count="2"/>
        <line num="23" type="stmt" count="2"/>
        <line num="24" type="stmt" count="2"/>
        <line num="25" type="stmt" count="2"/>
        <line num="26" type="stmt" count="2"/>
        <line num="27" type="stmt" count="2"/>
        <line num="28" type="stmt" count="2"/>
        <line num="29" type="stmt" count="2"/>
        <line num="30" type="stmt" count="2"/>
        <line num="31" type="stmt" count="2"/>
        <line num="37" type="method" name="download" visibility="public" complexity="5" crap="5.31" count="1"/>
        <line num="39" type="stmt" count="1"/>
        <line num="41" type="stmt" count="1"/>
        <line num="42" type="stmt" count="1"/>
        <line num="43" type="stmt" count="0"/>
        <line num="46" type="stmt" count="1"/>
        <line num="47" type="stmt" count="0"/>
        <line num="52" type="stmt" count="1"/>
        <line num="53" type="stmt" count="0"/>
        <line num="56" type="stmt" count="1"/>
        <line num="57" type="stmt" count="1"/>
        <line num="58" type="stmt" count="1"/>
        <line num="59" type="stmt" count="1"/>
        <line num="60" type="stmt" count="1"/>
        <metrics loc="63" ncloc="56" classes="1" methods="2" coveredmethods="1" conditionals="0" coveredconditionals="0" statements="26" coveredstatements="23" elements="28" coveredelements="24"/>
      </file>
    </package>
    <package name="App\Http\Controllers\Settings">
      <file name="laravel/app/Http/Controllers/Settings/PasswordController.php">
        <class name="App\Http\Controllers\Settings\PasswordController" namespace="App\Http\Controllers\Settings">
          <metrics complexity="2" methods="2" coveredmethods="2" conditionals="0" coveredconditionals="0" statements="5" coveredstatements="5" elements="7" coveredelements="7"/>
        </class>
        <line num="16" type="method" name="edit" visibility="public" complexity="1" crap="1" count="2"/>
        <line num="18" type="stmt" count="2"/>
        <line num="24" type="method" name="update" visibility="public" complexity="1" crap="1" count="1"/>
        <line num="26" type="stmt" count="1"/>
        <line num="27" type="stmt" count="1"/>
        <line num="28" type="stmt" count="1"/>
        <line num="30" type="stmt" count="1"/>
        <metrics loc="33" ncloc="27" classes="1" methods="2" coveredmethods="2" conditionals="0" coveredconditionals="0" statements="5" coveredstatements="5" elements="7" coveredelements="7"/>
      </file>
      <file name="laravel/app/Http/Controllers/Settings/ProfileController.php">
        <class name="App\Http\Controllers\Settings\ProfileController" namespace="App\Http\Controllers\Settings">
          <metrics complexity="7" methods="3" coveredmethods="2" conditionals="0" coveredconditionals="0" statements="25" coveredstatements="24" elements="28" coveredelements="26"/>
        </class>
        <line num="20" type="method" name="edit" visibility="public" complexity="1" crap="1" count="2"/>
        <line num="22" type="stmt" count="2"/>
        <line num="23" type="stmt" count="2"/>
        <line num="24" type="stmt" count="2"/>
        <line num="25" type="stmt" count="2"/>
        <line num="31" type="method" name="update" visibility="public" complexity="5" crap="5.01" count="3"/>
        <line num="33" type="stmt" count="3"/>
        <line num="34" type="stmt" count="3"/>
        <line num="36" type="stmt" count="3"/>
        <line num="37" type="stmt" count="1"/>
        <line num="38" type="stmt" count="1"/>
        <line num="39" type="stmt" count="1"/>
        <line num="42" type="stmt" count="1"/>
        <line num="43" type="stmt" count="1"/>
        <line num="44" type="stmt" count="0"/>
        <line num="47" type="stmt" count="1"/>
        <line num="48" type="stmt" count="1"/>
        <line num="51" type="stmt" count="3"/>
        <line num="52" type="stmt" count="1"/>
        <line num="55" type="stmt" count="3"/>
        <line num="57" type="stmt" count="3"/>
        <line num="63" type="method" name="destroy" visibility="public" complexity="1" crap="1" count="1"/>
        <line num="65" type="stmt" count="1"/>
        <line num="67" type="stmt" count="1"/>
        <line num="69" type="stmt" count="1"/>
        <line num="71" type="stmt" count="1"/>
        <line num="72" type="stmt" count="1"/>
        <line num="74" type="stmt" count="1"/>
        <metrics loc="77" ncloc="67" classes="1" methods="3" coveredmethods="2" conditionals="0" coveredconditionals="0" statements="25" coveredstatements="24" elements="28" coveredelements="26"/>
      </file>
      <file name="laravel/app/Http/Controllers/Settings/TwoFactorAuthenticationController.php">
        <class name="App\Http\Controllers\Settings\TwoFactorAuthenticationController" namespace="App\Http\Controllers\Settings">
          <metrics complexity="3" methods="2" coveredmethods="2" conditionals="0" coveredconditionals="0" statements="8" coveredstatements="8" elements="10" coveredelements="10"/>
        </class>
        <line num="18" type="method" name="middleware" visibility="public" complexity="2" crap="2" count="5"/>
        <line num="20" type="stmt" count="5"/>
        <line num="21" type="stmt" count="3"/>
        <line num="22" type="stmt" count="5"/>
        <line num="28" type="method" name="show" visibility="public" complexity="1" crap="1" count="3"/>
        <line num="30" type="stmt" count="3"/>
        <line num="32" type="stmt" count="3"/>
        <line num="33" type="stmt" count="3"/>
        <line num="34" type="stmt" count="3"/>
        <line num="35" type="stmt" count="3"/>
        <metrics loc="38" ncloc="32" classes="1" methods="2" coveredmethods="2" conditionals="0" coveredconditionals="0" statements="8" coveredstatements="8" elements="10" coveredelements="10"/>
      </file>
    </package>
    <package name="App\Http\Middleware">
      <file name="laravel/app/Http/Middleware/HandleAppearance.php">
        <class name="App\Http\Middleware\HandleAppearance" namespace="App\Http\Middleware">
          <metrics complexity="1" methods="1" coveredmethods="1" conditionals="0" coveredconditionals="0" statements="2" coveredstatements="2" elements="3" coveredelements="3"/>
        </class>
        <line num="17" type="method" name="handle" visibility="public" complexity="1" crap="1" count="63"/>
        <line num="19" type="stmt" count="63"/>
        <line num="21" type="stmt" count="63"/>
        <metrics loc="24" ncloc="19" classes="1" methods="1" coveredmethods="1" conditionals="0" coveredconditionals="0" statements="2" coveredstatements="2" elements="3" coveredelements="3"/>
      </file>
      <file name="laravel/app/Http/Middleware/HandleInertiaRequests.php">
        <class name="App\Http\Middleware\HandleInertiaRequests" namespace="App\Http\Middleware">
          <metrics complexity="4" methods="2" coveredmethods="2" conditionals="0" coveredconditionals="0" statements="12" coveredstatements="12" elements="14" coveredelements="14"/>
        </class>
        <line num="24" type="method" name="version" visibility="public" complexity="1" crap="1" count="27"/>
        <line num="26" type="stmt" count="27"/>
        <line num="36" type="method" name="share" visibility="public" complexity="3" crap="3" count="63"/>
        <line num="38" type="stmt" count="63"/>
        <line num="39" type="stmt" count="63"/>
        <line num="40" type="stmt" count="63"/>
        <line num="41" type="stmt" count="63"/>
        <line num="42" type="stmt" count="63"/>
        <line num="43" type="stmt" count="63"/>
        <line num="44" type="stmt" count="63"/>
        <line num="45" type="stmt" count="63"/>
        <line num="46" type="stmt" count="63"/>
        <line num="47" type="stmt" count="63"/>
        <line num="48" type="stmt" count="63"/>
        <metrics loc="51" ncloc="32" classes="1" methods="2" coveredmethods="2" conditionals="0" coveredconditionals="0" statements="12" coveredstatements="12" elements="14" coveredelements="14"/>
      </file>
    </package>
    <package name="App\Http\Requests\Settings">
      <file name="laravel/app/Http/Requests/Settings/PasswordUpdateRequest.php">
        <class name="App\Http\Requests\Settings\PasswordUpdateRequest" namespace="App\Http\Requests\Settings">
          <metrics complexity="1" methods="1" coveredmethods="1" conditionals="0" coveredconditionals="0" statements="4" coveredstatements="4" elements="5" coveredelements="5"/>
        </class>
        <line num="16" type="method" name="rules" visibility="public" complexity="1" crap="1" count="2"/>
        <line num="18" type="stmt" count="2"/>
        <line num="19" type="stmt" count="2"/>
        <line num="20" type="stmt" count="2"/>
        <line num="21" type="stmt" count="2"/>
        <metrics loc="24" ncloc="19" classes="1" methods="1" coveredmethods="1" conditionals="0" coveredconditionals="0" statements="4" coveredstatements="4" elements="5" coveredelements="5"/>
      </file>
      <file name="laravel/app/Http/Requests/Settings/ProfileDeleteRequest.php">
        <class name="App\Http\Requests\Settings\ProfileDeleteRequest" namespace="App\Http\Requests\Settings">
          <metrics complexity="1" methods="1" coveredmethods="1" conditionals="0" coveredconditionals="0" statements="3" coveredstatements="3" elements="4" coveredelements="4"/>
        </class>
        <line num="14" type="method" name="rules" visibility="public" complexity="1" crap="1" count="2"/>
        <line num="16" type="stmt" count="2"/>
        <line num="17" type="stmt" count="2"/>
        <line num="18" type="stmt" count="2"/>
        <metrics loc="21" ncloc="16" classes="1" methods="1" coveredmethods="1" conditionals="0" coveredconditionals="0" statements="3" coveredstatements="3" elements="4" coveredelements="4"/>
      </file>
      <file name="laravel/app/Http/Requests/Settings/ProfileUpdateRequest.php">
        <class name="App\Http\Requests\Settings\ProfileUpdateRequest" namespace="App\Http\Requests\Settings">
          <metrics complexity="1" methods="1" coveredmethods="1" conditionals="0" coveredconditionals="0" statements="17" coveredstatements="17" elements="18" coveredelements="18"/>
        </class>
        <line num="17" type="method" name="rules" visibility="public" complexity="1" crap="1" count="5"/>
        <line num="19" type="stmt" count="5"/>
        <line num="20" type="stmt" count="5"/>
        <line num="21" type="stmt" count="5"/>
        <line num="22" type="stmt" count="5"/>
        <line num="23" type="stmt" count="5"/>
        <line num="24" type="stmt" count="5"/>
        <line num="25" type="stmt" count="5"/>
        <line num="26" type="stmt" count="5"/>
        <line num="27" type="stmt" count="5"/>
        <line num="28" type="stmt" count="5"/>
        <line num="29" type="stmt" count="5"/>
        <line num="30" type="stmt" count="5"/>
        <line num="31" type="stmt" count="5"/>
        <line num="32" type="stmt" count="5"/>
        <line num="33" type="stmt" count="5"/>
        <line num="34" type="stmt" count="5"/>
        <line num="35" type="stmt" count="5"/>
        <metrics loc="38" ncloc="33" classes="1" methods="1" coveredmethods="1" conditionals="0" coveredconditionals="0" statements="17" coveredstatements="17" elements="18" coveredelements="18"/>
      </file>
      <file name="laravel/app/Http/Requests/Settings/TwoFactorAuthenticationRequest.php">
        <class name="App\Http\Requests\Settings\TwoFactorAuthenticationRequest" namespace="App\Http\Requests\Settings">
          <metrics complexity="2" methods="2" coveredmethods="2" conditionals="0" coveredconditionals="0" statements="2" coveredstatements="2" elements="4" coveredelements="4"/>
        </class>
        <line num="16" type="method" name="authorize" visibility="public" complexity="1" crap="1" count="4"/>
        <line num="18" type="stmt" count="4"/>
        <line num="26" type="method" name="rules" visibility="public" complexity="1" crap="1" count="3"/>
        <line num="28" type="stmt" count="3"/>
        <metrics loc="31" ncloc="23" classes="1" methods="2" coveredmethods="2" conditionals="0" coveredconditionals="0" statements="2" coveredstatements="2" elements="4" coveredelements="4"/>
      </file>
    </package>
    <package name="App\Http\Resources">
      <file name="laravel/app/Http/Resources/UploadResource.php">
        <class name="App\Http\Resources\UploadResource" namespace="App\Http\Resources">
          <metrics complexity="2" methods="1" coveredmethods="1" conditionals="0" coveredconditionals="0" statements="12" coveredstatements="12" elements="13" coveredelements="13"/>
        </class>
        <line num="15" type="method" name="toArray" visibility="public" complexity="2" crap="2" count="3"/>
        <line num="17" type="stmt" count="3"/>
        <line num="18" type="stmt" count="3"/>
        <line num="19" type="stmt" count="3"/>
        <line num="20" type="stmt" count="3"/>
        <line num="21" type="stmt" count="3"/>
        <line num="22" type="stmt" count="3"/>
        <line num="23" type="stmt" count="3"/>
        <line num="24" type="stmt" count="3"/>
        <line num="25" type="stmt" count="3"/>
        <line num="26" type="stmt" count="3"/>
        <line num="28" type="stmt" count="3"/>
        <line num="29" type="stmt" count="3"/>
        <metrics loc="32" ncloc="26" classes="1" methods="1" coveredmethods="1" conditionals="0" coveredconditionals="0" statements="12" coveredstatements="12" elements="13" coveredelements="13"/>
      </file>
    </package>
    <package name="App\Models">
      <file name="laravel/app/Models/Upload.php">
        <class name="App\Models\Upload" namespace="App\Models">
          <metrics complexity="3" methods="3" coveredmethods="3" conditionals="0" coveredconditionals="0" statements="5" coveredstatements="5" elements="8" coveredelements="8"/>
        </class>
        <line num="39" type="method" name="casts" visibility="protected" complexity="1" crap="1" count="12"/>
        <line num="41" type="stmt" count="12"/>
        <line num="42" type="stmt" count="12"/>
        <line num="43" type="stmt" count="12"/>
        <line num="51" type="method" name="getRouteKeyName" visibility="public" complexity="1" crap="1" count="1"/>
        <line num="53" type="stmt" count="1"/>
        <line num="59" type="method" name="user" visibility="public" complexity="1" crap="1" count="2"/>
        <line num="61" type="stmt" count="2"/>
        <metrics loc="64" ncloc="46" classes="1" methods="3" coveredmethods="3" conditionals="0" coveredconditionals="0" statements="5" coveredstatements="5" elements="8" coveredelements="8"/>
      </file>
      <file name="laravel/app/Models/User.php">
        <class name="App\Models\User" namespace="App\Models">
          <metrics complexity="4" methods="4" coveredmethods="4" conditionals="0" coveredconditionals="0" statements="8" coveredstatements="8" elements="12" coveredelements="12"/>
        </class>
        <line num="48" type="method" name="casts" visibility="protected" complexity="1" crap="1" count="72"/>
        <line num="50" type="stmt" count="72"/>
        <line num="51" type="stmt" count="72"/>
        <line num="52" type="stmt" count="72"/>
        <line num="53" type="stmt" count="72"/>
        <line num="54" type="stmt" count="72"/>
        <line num="60" type="method" name="uploads" visibility="public" complexity="1" crap="1" count="2"/>
        <line num="62" type="stmt" count="2"/>
        <line num="70" type="method" name="getJWTIdentifier" visibility="public" complexity="1" crap="1" count="45"/>
        <line num="72" type="stmt" count="45"/>
        <line num="80" type="method" name="getJWTCustomClaims" visibility="public" complexity="1" crap="1" count="45"/>
        <line num="82" type="stmt" count="45"/>
        <metrics loc="85" ncloc="53" classes="1" methods="4" coveredmethods="4" conditionals="0" coveredconditionals="0" statements="8" coveredstatements="8" elements="12" coveredelements="12"/>
      </file>
    </package>
    <package name="App\Providers">
      <file name="laravel/app/Providers/AppServiceProvider.php">
        <class name="App\Providers\AppServiceProvider" namespace="App\Providers">
          <metrics complexity="2" methods="2" coveredmethods="2" conditionals="0" coveredconditionals="0" statements="2" coveredstatements="2" elements="4" coveredelements="4"/>
        </class>
        <line num="13" type="method" name="register" visibility="public" complexity="1" crap="1" count="104"/>
        <line num="16" type="stmt" count="104"/>
        <line num="21" type="method" name="boot" visibility="public" complexity="1" crap="1" count="104"/>
        <line num="23" type="stmt" count="104"/>
        <metrics loc="26" ncloc="19" classes="1" methods="2" coveredmethods="2" conditionals="0" coveredconditionals="0" statements="2" coveredstatements="2" elements="4" coveredelements="4"/>
      </file>
      <file name="laravel/app/Providers/FortifyServiceProvider.php">
        <class name="App\Providers\FortifyServiceProvider" namespace="App\Providers">
          <metrics complexity="5" methods="5" coveredmethods="5" conditionals="0" coveredconditionals="0" statements="31" coveredstatements="31" elements="36" coveredelements="36"/>
        </class>
        <line num="21" type="method" name="register" visibility="public" complexity="1" crap="1" count="104"/>
        <line num="24" type="stmt" count="104"/>
        <line num="29" type="method" name="boot" visibility="public" complexity="1" crap="1" count="104"/>
        <line num="31" type="stmt" count="104"/>
        <line num="32" type="stmt" count="104"/>
        <line num="33" type="stmt" count="104"/>
        <line num="39" type="method" name="configureActions" visibility="private" complexity="1" crap="1" count="104"/>
        <line num="41" type="stmt" count="104"/>
        <line num="42" type="stmt" count="104"/>
        <line num="48" type="method" name="configureViews" visibility="private" complexity="1" crap="1" count="104"/>
        <line num="50" type="stmt" count="104"/>
        <line num="51" type="stmt" count="104"/>
        <line num="52" type="stmt" count="104"/>
        <line num="53" type="stmt" count="104"/>
        <line num="54" type="stmt" count="104"/>
        <line num="56" type="stmt" count="104"/>
        <line num="57" type="stmt" count="104"/>
        <line num="58" type="stmt" count="104"/>
        <line num="59" type="stmt" count="104"/>
        <line num="61" type="stmt" count="104"/>
        <line num="62" type="stmt" count="104"/>
        <line num="63" type="stmt" count="104"/>
        <line num="65" type="stmt" count="104"/>
        <line num="66" type="stmt" count="104"/>
        <line num="67" type="stmt" count="104"/>
        <line num="69" type="stmt" count="104"/>
        <line num="71" type="stmt" count="104"/>
        <line num="73" type="stmt" count="104"/>
        <line num="79" type="method" name="configureRateLimiting" visibility="private" complexity="1" crap="1" count="104"/>
        <line num="81" type="stmt" count="104"/>
        <line num="82" type="stmt" count="1"/>
        <line num="83" type="stmt" count="104"/>
        <line num="85" type="stmt" count="104"/>
        <line num="86" type="stmt" count="6"/>
        <line num="88" type="stmt" count="6"/>
        <line num="89" type="stmt" count="104"/>
        <metrics loc="92" ncloc="76" classes="1" methods="5" coveredmethods="5" conditionals="0" coveredconditionals="0" statements="31" coveredstatements="31" elements="36" coveredelements="36"/>
      </file>
      <file name="laravel/app/Providers/TusServiceProvider.php">
        <class name="App\Providers\TusServiceProvider" namespace="App\Providers">
          <metrics complexity="3" methods="1" coveredmethods="1" conditionals="0" coveredconditionals="0" statements="37" coveredstatements="37" elements="38" coveredelements="38"/>
        </class>
        <line num="12" type="method" name="register" visibility="public" complexity="3" crap="3" count="104"/>
        <line num="14" type="stmt" count="104"/>
        <line num="16" type="stmt" count="2"/>
        <line num="19" type="stmt" count="2"/>
        <line num="21" type="stmt" count="2"/>
        <line num="24" type="stmt" count="2"/>
        <line num="27" type="stmt" count="2"/>
        <line num="28" type="stmt" count="2"/>
        <line num="29" type="stmt" count="2"/>
        <line num="30" type="stmt" count="2"/>
        <line num="31" type="stmt" count="2"/>
        <line num="33" type="stmt" count="2"/>
        <line num="36" type="stmt" count="2"/>
        <line num="37" type="stmt" count="1"/>
        <line num="38" type="stmt" count="1"/>
        <line num="40" type="stmt" count="1"/>
        <line num="41" type="stmt" count="1"/>
        <line num="42" type="stmt" count="1"/>
        <line num="43" type="stmt" count="1"/>
        <line num="44" type="stmt" count="1"/>
        <line num="45" type="stmt" count="1"/>
        <line num="47" type="stmt" count="1"/>
        <line num="48" type="stmt" count="1"/>
        <line num="49" type="stmt" count="1"/>
        <line num="50" type="stmt" count="1"/>
        <line num="52" type="stmt" count="1"/>
        <line num="54" type="stmt" count="1"/>
        <line num="55" type="stmt" count="1"/>
        <line num="56" type="stmt" count="1"/>
        <line num="57" type="stmt" count="1"/>
        <line num="58" type="stmt" count="1"/>
        <line num="59" type="stmt" count="1"/>
        <line num="60" type="stmt" count="1"/>
        <line num="61" type="stmt" count="1"/>
        <line num="62" type="stmt" count="1"/>
        <line num="64" type="stmt" count="2"/>
        <line num="66" type="stmt" count="2"/>
        <line num="67" type="stmt" count="104"/>
        <metrics loc="70" ncloc="64" classes="1" methods="1" coveredmethods="1" conditionals="0" coveredconditionals="0" statements="37" coveredstatements="37" elements="38" coveredelements="38"/>
      </file>
      <file name="laravel/app/Providers/UploadStorageServiceProvider.php">
        <class name="App\Providers\UploadStorageServiceProvider" namespace="App\Providers">
          <metrics complexity="2" methods="2" coveredmethods="2" conditionals="0" coveredconditionals="0" statements="11" coveredstatements="11" elements="13" coveredelements="13"/>
        </class>
        <line num="13" type="method" name="register" visibility="public" complexity="1" crap="1" count="104"/>
        <line num="15" type="stmt" count="104"/>
        <line num="16" type="stmt" count="2"/>
        <line num="18" type="stmt" count="2"/>
        <line num="19" type="stmt" count="2"/>
        <line num="20" type="stmt" count="2"/>
        <line num="21" type="stmt" count="2"/>
        <line num="22" type="stmt" count="2"/>
        <line num="23" type="stmt" count="104"/>
        <line num="29" type="method" name="boot" visibility="public" complexity="1" crap="1" count="104"/>
        <line num="31" type="stmt" count="104"/>
        <line num="32" type="stmt" count="104"/>
        <line num="33" type="stmt" count="104"/>
        <metrics loc="36" ncloc="30" classes="1" methods="2" coveredmethods="2" conditionals="0" coveredconditionals="0" statements="11" coveredstatements="11" elements="13" coveredelements="13"/>
      </file>
    </package>
    <package name="App\Services">
      <file name="laravel/app/Services/UploadStorageService.php">
        <class name="App\Services\UploadStorageService" namespace="App\Services">
          <metrics complexity="4" methods="2" coveredmethods="2" conditionals="0" coveredconditionals="0" statements="10" coveredstatements="10" elements="12" coveredelements="12"/>
        </class>
        <line num="27" type="method" name="__construct" visibility="public" complexity="1" crap="1" count="2"/>
        <line num="29" type="stmt" count="2"/>
        <line num="30" type="stmt" count="2"/>
        <line num="31" type="stmt" count="2"/>
        <line num="40" type="method" name="store" visibility="public" complexity="3" crap="3" count="1"/>
        <line num="42" type="stmt" count="1"/>
        <line num="43" type="stmt" count="1"/>
        <line num="45" type="stmt" count="1"/>
        <line num="47" type="stmt" count="1"/>
        <line num="55" type="stmt" count="1"/>
        <line num="56" type="stmt" count="1"/>
        <line num="59" type="stmt" count="1"/>
        <metrics loc="62" ncloc="42" classes="1" methods="2" coveredmethods="2" conditionals="0" coveredconditionals="0" statements="10" coveredstatements="10" elements="12" coveredelements="12"/>
      </file>
    </package>
    <file name="laravel/config/app.php">
      <line num="3" type="stmt" count="84"/>
      <line num="16" type="stmt" count="84"/>
      <line num="29" type="stmt" count="84"/>
      <line num="42" type="stmt" count="84"/>
      <line num="55" type="stmt" count="84"/>
      <line num="68" type="stmt" count="84"/>
      <line num="81" type="stmt" count="84"/>
      <line num="83" type="stmt" count="84"/>
      <line num="85" type="stmt" count="84"/>
      <line num="98" type="stmt" count="84"/>
      <line num="100" type="stmt" count="84"/>
      <line num="102" type="stmt" count="84"/>
      <line num="103" type="stmt" count="84"/>
      <line num="104" type="stmt" count="84"/>
      <line num="105" type="stmt" count="84"/>
      <line num="106" type="stmt" count="84"/>
      <line num="121" type="stmt" count="84"/>
      <line num="122" type="stmt" count="84"/>
      <line num="123" type="stmt" count="84"/>
      <line num="124" type="stmt" count="84"/>
      <line num="126" type="stmt" count="84"/>
      <metrics loc="127" ncloc="45" classes="0" methods="0" coveredmethods="0" conditionals="0" coveredconditionals="0" statements="21" coveredstatements="21" elements="21" coveredelements="21"/>
    </file>
    <file name="laravel/config/auth.php">
      <line num="3" type="stmt" count="84"/>
      <line num="16" type="stmt" count="84"/>
      <line num="17" type="stmt" count="84"/>
      <line num="18" type="stmt" count="84"/>
      <line num="19" type="stmt" count="84"/>
      <line num="38" type="stmt" count="84"/>
      <line num="39" type="stmt" count="84"/>
      <line num="40" type="stmt" count="84"/>
      <line num="41" type="stmt" count="84"/>
      <line num="42" type="stmt" count="84"/>
      <line num="43" type="stmt" count="84"/>
      <line num="44" type="stmt" count="84"/>
      <line num="45" type="stmt" count="84"/>
      <line num="46" type="stmt" count="84"/>
      <line num="47" type="stmt" count="84"/>
      <line num="66" type="stmt" count="84"/>
      <line num="67" type="stmt" count="84"/>
      <line num="68" type="stmt" count="84"/>
      <line num="69" type="stmt" count="84"/>
      <line num="70" type="stmt" count="84"/>
      <line num="72" type="stmt" count="84"/>
      <line num="73" type="stmt" count="84"/>
      <line num="74" type="stmt" count="84"/>
      <line num="75" type="stmt" count="84"/>
      <line num="76" type="stmt" count="84"/>
      <line num="97" type="stmt" count="84"/>
      <line num="98" type="stmt" count="84"/>
      <line num="99" type="stmt" count="84"/>
      <line num="100" type="stmt" count="84"/>
      <line num="101" type="stmt" count="84"/>
      <line num="102" type="stmt" count="84"/>
      <line num="103" type="stmt" count="84"/>
      <line num="104" type="stmt" count="84"/>
      <line num="117" type="stmt" count="84"/>
      <line num="119" type="stmt" count="84"/>
      <metrics loc="120" ncloc="50" classes="0" methods="0" coveredmethods="0" conditionals="0" coveredconditionals="0" statements="35" coveredstatements="35" elements="35" coveredelements="35"/>
    </file>
    <file name="laravel/config/cache.php">
      <line num="5" type="stmt" count="84"/>
      <line num="18" type="stmt" count="84"/>
      <line num="35" type="stmt" count="84"/>
      <line num="37" type="stmt" count="84"/>
      <line num="38" type="stmt" count="84"/>
      <line num="39" type="stmt" count="84"/>
      <line num="40" type="stmt" count="84"/>
      <line num="42" type="stmt" count="84"/>
      <line num="43" type="stmt" count="84"/>
      <line num="44" type="stmt" count="84"/>
      <line num="45" type="stmt" count="84"/>
      <line num="46" type="stmt" count="84"/>
      <line num="47" type="stmt" count="84"/>
      <line num="48" type="stmt" count="84"/>
      <line num="50" type="stmt" count="84"/>
      <line num="51" type="stmt" count="84"/>
      <line num="52" type="stmt" count="84"/>
      <line num="53" type="stmt" count="84"/>
      <line num="54" type="stmt" count="84"/>
      <line num="56" type="stmt" count="84"/>
      <line num="57" type="stmt" count="84"/>
      <line num="58" type="stmt" count="84"/>
      <line num="59" type="stmt" count="84"/>
      <line num="60" type="stmt" count="84"/>
      <line num="61" type="stmt" count="84"/>
      <line num="62" type="stmt" count="84"/>
      <line num="63" type="stmt" count="84"/>
      <line num="64" type="stmt" count="84"/>
      <line num="65" type="stmt" count="84"/>
      <line num="66" type="stmt" count="84"/>
      <line num="67" type="stmt" count="84"/>
      <line num="68" type="stmt" count="84"/>
      <line num="69" type="stmt" count="84"/>
      <line num="70" type="stmt" count="84"/>
      <line num="71" type="stmt" count="84"/>
      <line num="72" type="stmt" count="84"/>
      <line num="73" type="stmt" count="84"/>
      <line num="75" type="stmt" count="84"/>
      <line num="76" type="stmt" count="84"/>
      <line num="77" type="stmt" count="84"/>
      <line num="78" type="stmt" count="84"/>
      <line num="79" type="stmt" count="84"/>
      <line num="81" type="stmt" count="84"/>
      <line num="82" type="stmt" count="84"/>
      <line num="83" type="stmt" count="84"/>
      <line num="84" type="stmt" count="84"/>
      <line num="85" type="stmt" count="84"/>
      <line num="86" type="stmt" count="84"/>
      <line num="87" type="stmt" count="84"/>
      <line num="88" type="stmt" count="84"/>
      <line num="90" type="stmt" count="84"/>
      <line num="91" type="stmt" count="84"/>
      <line num="92" type="stmt" count="84"/>
      <line num="94" type="stmt" count="84"/>
      <line num="95" type="stmt" count="84"/>
      <line num="96" type="stmt" count="84"/>
      <line num="97" type="stmt" count="84"/>
      <line num="98" type="stmt" count="84"/>
      <line num="99" type="stmt" count="84"/>
      <line num="100" type="stmt" count="84"/>
      <line num="102" type="stmt" count="84"/>
      <line num="115" type="stmt" count="84"/>
      <line num="117" type="stmt" count="84"/>
      <metrics loc="118" ncloc="84" classes="0" methods="0" coveredmethods="0" conditionals="0" coveredconditionals="0" statements="63" coveredstatements="63" elements="63" coveredelements="63"/>
    </file>
    <file name="laravel/config/database.php">
      <line num="5" type="stmt" count="84"/>
      <line num="19" type="stmt" count="84"/>
      <line num="32" type="stmt" count="84"/>
      <line num="34" type="stmt" count="84"/>
      <line num="35" type="stmt" count="84"/>
      <line num="36" type="stmt" count="84"/>
      <line num="37" type="stmt" count="84"/>
      <line num="38" type="stmt" count="84"/>
      <line num="39" type="stmt" count="84"/>
      <line num="40" type="stmt" count="84"/>
      <line num="41" type="stmt" count="84"/>
      <line num="42" type="stmt" count="84"/>
      <line num="43" type="stmt" count="84"/>
      <line num="44" type="stmt" count="84"/>
      <line num="46" type="stmt" count="84"/>
      <line num="47" type="stmt" count="84"/>
      <line num="48" type="stmt" count="84"/>
      <line num="49" type="stmt" count="84"/>
      <line num="50" type="stmt" count="84"/>
      <line num="51" type="stmt" count="84"/>
      <line num="52" type="stmt" count="84"/>
      <line num="53" type="stmt" count="84"/>
      <line num="54" type="stmt" count="84"/>
      <line num="55" type="stmt" count="84"/>
      <line num="56" type="stmt" count="84"/>
      <line num="57" type="stmt" count="84"/>
      <line num="58" type="stmt" count="84"/>
      <line num="59" type="stmt" count="84"/>
      <line num="60" type="stmt" count="84"/>
      <line num="61" type="stmt" count="84"/>
      <line num="62" type="stmt" count="84"/>
      <line num="63" type="stmt" count="84"/>
      <line num="64" type="stmt" count="84"/>
      <line num="66" type="stmt" count="84"/>
      <line num="67" type="stmt" count="84"/>
      <line num="68" type="stmt" count="84"/>
      <line num="69" type="stmt" count="84"/>
      <line num="70" type="stmt" count="84"/>
      <line num="71" type="stmt" count="84"/>
      <line num="72" type="stmt" count="84"/>
      <line num="73" type="stmt" count="84"/>
      <line num="74" type="stmt" count="84"/>
      <line num="75" type="stmt" count="84"/>
      <line num="76" type="stmt" count="84"/>
      <line num="77" type="stmt" count="84"/>
      <line num="78" type="stmt" count="84"/>
      <line num="79" type="stmt" count="84"/>
      <line num="80" type="stmt" count="84"/>
      <line num="81" type="stmt" count="84"/>
      <line num="82" type="stmt" count="84"/>
      <line num="83" type="stmt" count="84"/>
      <line num="84" type="stmt" count="84"/>
      <line num="86" type="stmt" count="84"/>
      <line num="87" type="stmt" count="84"/>
      <line num="88" type="stmt" count="84"/>
      <line num="89" type="stmt" count="84"/>
      <line num="90" type="stmt" count="84"/>
      <line num="91" type="stmt" count="84"/>
      <line num="92" type="stmt" count="84"/>
      <line num="93" type="stmt" count="84"/>
      <line num="94" type="stmt" count="84"/>
      <line num="95" type="stmt" count="84"/>
      <line num="96" type="stmt" count="84"/>
      <line num="97" type="stmt" count="84"/>
      <line num="98" type="stmt" count="84"/>
      <line num="99" type="stmt" count="84"/>
      <line num="101" type="stmt" count="84"/>
      <line num="102" type="stmt" count="84"/>
      <line num="103" type="stmt" count="84"/>
      <line num="104" type="stmt" count="84"/>
      <line num="105" type="stmt" count="84"/>
      <line num="106" type="stmt" count="84"/>
      <line num="107" type="stmt" count="84"/>
      <line num="108" type="stmt" count="84"/>
      <line num="109" type="stmt" count="84"/>
      <line num="110" type="stmt" count="84"/>
      <line num="111" type="stmt" count="84"/>
      <line num="112" type="stmt" count="84"/>
      <line num="113" type="stmt" count="84"/>
      <line num="114" type="stmt" count="84"/>
      <line num="116" type="stmt" count="84"/>
      <line num="129" type="stmt" count="84"/>
      <line num="130" type="stmt" count="84"/>
      <line num="131" type="stmt" count="84"/>
      <line num="132" type="stmt" count="84"/>
      <line num="145" type="stmt" count="84"/>
      <line num="147" type="stmt" count="84"/>
      <line num="149" type="stmt" count="84"/>
      <line num="150" type="stmt" count="84"/>
      <line num="151" type="stmt" count="84"/>
      <line num="152" type="stmt" count="84"/>
      <line num="153" type="stmt" count="84"/>
      <line num="155" type="stmt" count="84"/>
      <line num="156" type="stmt" count="84"/>
      <line num="157" type="stmt" count="84"/>
      <line num="158" type="stmt" count="84"/>
      <line num="159" type="stmt" count="84"/>
      <line num="160" type="stmt" count="84"/>
      <line num="161" type="stmt" count="84"/>
      <line num="162" type="stmt" count="84"/>
      <line num="163" type="stmt" count="84"/>
      <line num="164" type="stmt" count="84"/>
      <line num="165" type="stmt" count="84"/>
      <line num="166" type="stmt" count="84"/>
      <line num="168" type="stmt" count="84"/>
      <line num="169" type="stmt" count="84"/>
      <line num="170" type="stmt" count="84"/>
      <line num="171" type="stmt" count="84"/>
      <line num="172" type="stmt" count="84"/>
      <line num="173" type="stmt" count="84"/>
      <line num="174" type="stmt" count="84"/>
      <line num="175" type="stmt" count="84"/>
      <line num="176" type="stmt" count="84"/>
      <line num="177" type="stmt" count="84"/>
      <line num="178" type="stmt" count="84"/>
      <line num="179" type="stmt" count="84"/>
      <line num="181" type="stmt" count="84"/>
      <line num="183" type="stmt" count="84"/>
      <metrics loc="184" ncloc="143" classes="0" methods="0" coveredmethods="0" conditionals="0" coveredconditionals="0" statements="118" coveredstatements="118" elements="118" coveredelements="118"/>
    </file>
    <file name="laravel/config/filesystems.php">
      <line num="3" type="stmt" count="84"/>
      <line num="16" type="stmt" count="84"/>
      <line num="31" type="stmt" count="84"/>
      <line num="33" type="stmt" count="84"/>
      <line num="34" type="stmt" count="84"/>
      <line num="35" type="stmt" count="84"/>
      <line num="36" type="stmt" count="84"/>
      <line num="37" type="stmt" count="84"/>
      <line num="38" type="stmt" count="84"/>
      <line num="39" type="stmt" count="84"/>
      <line num="41" type="stmt" count="84"/>
      <line num="42" type="stmt" count="84"/>
      <line num="43" type="stmt" count="84"/>
      <line num="44" type="stmt" count="84"/>
      <line num="45" type="stmt" count="84"/>
      <line num="46" type="stmt" count="84"/>
      <line num="47" type="stmt" count="84"/>
      <line num="48" type="stmt" count="84"/>
      <line num="50" type="stmt" count="84"/>
      <line num="51" type="stmt" count="84"/>
      <line num="52" type="stmt" count="84"/>
      <line num="53" type="stmt" count="84"/>
      <line num="54" type="stmt" count="84"/>
      <line num="55" type="stmt" count="84"/>
      <line num="56" type="stmt" count="84"/>
      <line num="57" type="stmt" count="84"/>
      <line num="58" type="stmt" count="84"/>
      <line num="59" type="stmt" count="84"/>
      <line num="60" type="stmt" count="84"/>
      <line num="61" type="stmt" count="84"/>
      <line num="63" type="stmt" count="84"/>
      <line num="76" type="stmt" count="84"/>
      <line num="77" type="stmt" count="84"/>
      <line num="78" type="stmt" count="84"/>
      <line num="80" type="stmt" count="84"/>
      <metrics loc="81" ncloc="49" classes="0" methods="0" coveredmethods="0" conditionals="0" coveredconditionals="0" statements="35" coveredstatements="35" elements="35" coveredelements="35"/>
    </file>
    <file name="laravel/config/fortify.php">
      <line num="5" type="stmt" count="84"/>
      <line num="18" type="stmt" count="84"/>
      <line num="31" type="stmt" count="84"/>
      <line num="48" type="stmt" count="84"/>
      <line num="50" type="stmt" count="84"/>
      <line num="63" type="stmt" count="84"/>
      <line num="76" type="stmt" count="84"/>
      <line num="89" type="stmt" count="84"/>
      <line num="91" type="stmt" count="84"/>
      <line num="104" type="stmt" count="84"/>
      <line num="117" type="stmt" count="84"/>
      <line num="118" type="stmt" count="84"/>
      <line num="119" type="stmt" count="84"/>
      <line num="120" type="stmt" count="84"/>
      <line num="133" type="stmt" count="84"/>
      <line num="146" type="stmt" count="84"/>
      <line num="147" type="stmt" count="84"/>
      <line num="148" type="stmt" count="84"/>
      <line num="149" type="stmt" count="84"/>
      <line num="150" type="stmt" count="84"/>
      <line num="151" type="stmt" count="84"/>
      <line num="152" type="stmt" count="84"/>
      <line num="153" type="stmt" count="84"/>
      <line num="154" type="stmt" count="84"/>
      <line num="155" type="stmt" count="84"/>
      <line num="157" type="stmt" count="84"/>
      <metrics loc="158" ncloc="54" classes="0" methods="0" coveredmethods="0" conditionals="0" coveredconditionals="0" statements="26" coveredstatements="26" elements="26" coveredelements="26"/>
    </file>
    <file name="laravel/config/inertia.php">
      <line num="3" type="stmt" count="84"/>
      <line num="18" type="stmt" count="84"/>
      <line num="19" type="stmt" count="84"/>
      <line num="20" type="stmt" count="84"/>
      <line num="21" type="stmt" count="84"/>
      <line num="23" type="stmt" count="84"/>
      <line num="36" type="stmt" count="84"/>
      <line num="38" type="stmt" count="84"/>
      <line num="40" type="stmt" count="84"/>
      <line num="41" type="stmt" count="84"/>
      <line num="42" type="stmt" count="84"/>
      <line num="44" type="stmt" count="84"/>
      <line num="45" type="stmt" count="84"/>
      <line num="46" type="stmt" count="84"/>
      <line num="47" type="stmt" count="84"/>
      <line num="48" type="stmt" count="84"/>
      <line num="49" type="stmt" count="84"/>
      <line num="50" type="stmt" count="84"/>
      <line num="51" type="stmt" count="84"/>
      <line num="53" type="stmt" count="84"/>
      <line num="55" type="stmt" count="84"/>
      <metrics loc="56" ncloc="34" classes="0" methods="0" coveredmethods="0" conditionals="0" coveredconditionals="0" statements="21" coveredstatements="21" elements="21" coveredelements="21"/>
    </file>
    <file name="laravel/config/jwt.php">
      <line num="3" type="stmt" count="84"/>
      <line num="18" type="stmt" count="84"/>
      <line num="37" type="stmt" count="84"/>
      <line num="49" type="stmt" count="84"/>
      <line num="62" type="stmt" count="84"/>
      <line num="73" type="stmt" count="84"/>
      <line num="74" type="stmt" count="84"/>
      <line num="92" type="stmt" count="84"/>
      <line num="120" type="stmt" count="84"/>
      <line num="121" type="stmt" count="84"/>
      <line num="135" type="stmt" count="84"/>
      <line num="148" type="stmt" count="84"/>
      <line num="149" type="stmt" count="84"/>
      <line num="150" type="stmt" count="84"/>
      <line num="151" type="stmt" count="84"/>
      <line num="152" type="stmt" count="84"/>
      <line num="153" type="stmt" count="84"/>
      <line num="154" type="stmt" count="84"/>
      <line num="155" type="stmt" count="84"/>
      <line num="170" type="stmt" count="84"/>
      <line num="171" type="stmt" count="84"/>
      <line num="172" type="stmt" count="84"/>
      <line num="173" type="stmt" count="84"/>
      <line num="192" type="stmt" count="84"/>
      <line num="209" type="stmt" count="84"/>
      <line num="221" type="stmt" count="84"/>
      <line num="236" type="stmt" count="84"/>
      <line num="247" type="stmt" count="84"/>
      <line num="265" type="stmt" count="84"/>
      <line num="276" type="stmt" count="84"/>
      <line num="287" type="stmt" count="84"/>
      <line num="297" type="stmt" count="84"/>
      <line num="308" type="stmt" count="84"/>
      <line num="319" type="stmt" count="84"/>
      <line num="320" type="stmt" count="84"/>
      <line num="321" type="stmt" count="84"/>
      <metrics loc="322" ncloc="78" classes="0" methods="0" coveredmethods="0" conditionals="0" coveredconditionals="0" statements="36" coveredstatements="36" elements="36" coveredelements="36"/>
    </file>
    <file name="laravel/config/logging.php">
      <line num="8" type="stmt" count="84"/>
      <line num="21" type="stmt" count="84"/>
      <line num="34" type="stmt" count="84"/>
      <line num="35" type="stmt" count="84"/>
      <line num="36" type="stmt" count="84"/>
      <line num="37" type="stmt" count="84"/>
      <line num="53" type="stmt" count="84"/>
      <line num="55" type="stmt" count="84"/>
      <line num="56" type="stmt" count="84"/>
      <line num="57" type="stmt" count="84"/>
      <line num="58" type="stmt" count="84"/>
      <line num="59" type="stmt" count="84"/>
      <line num="61" type="stmt" count="84"/>
      <line num="62" type="stmt" count="84"/>
      <line num="63" type="stmt" count="84"/>
      <line num="64" type="stmt" count="84"/>
      <line num="65" type="stmt" count="84"/>
      <line num="66" type="stmt" count="84"/>
      <line num="68" type="stmt" count="84"/>
      <line num="69" type="stmt" count="84"/>
      <line num="70" type="stmt" count="84"/>
      <line num="71" type="stmt" count="84"/>
      <line num="72" type="stmt" count="84"/>
      <line num="73" type="stmt" count="84"/>
      <line num="74" type="stmt" count="84"/>
      <line num="76" type="stmt" count="84"/>
      <line num="77" type="stmt" count="84"/>
      <line num="78" type="stmt" count="84"/>
      <line num="79" type="stmt" count="84"/>
      <line num="80" type="stmt" count="84"/>
      <line num="81" type="stmt" count="84"/>
      <line num="82" type="stmt" count="84"/>
      <line num="83" type="stmt" count="84"/>
      <line num="85" type="stmt" count="84"/>
      <line num="86" type="stmt" count="84"/>
      <line num="87" type="stmt" count="84"/>
      <line num="88" type="stmt" count="84"/>
      <line num="89" type="stmt" count="84"/>
      <line num="90" type="stmt" count="84"/>
      <line num="91" type="stmt" count="84"/>
      <line num="92" type="stmt" count="84"/>
      <line num="93" type="stmt" count="84"/>
      <line num="94" type="stmt" count="84"/>
      <line num="95" type="stmt" count="84"/>
      <line num="97" type="stmt" count="84"/>
      <line num="98" type="stmt" count="84"/>
      <line num="99" type="stmt" count="84"/>
      <line num="100" type="stmt" count="84"/>
      <line num="101" type="stmt" count="84"/>
      <line num="102" type="stmt" count="84"/>
      <line num="103" type="stmt" count="84"/>
      <line num="104" type="stmt" count="84"/>
      <line num="105" type="stmt" count="84"/>
      <line num="106" type="stmt" count="84"/>
      <line num="108" type="stmt" count="84"/>
      <line num="109" type="stmt" count="84"/>
      <line num="110" type="stmt" count="84"/>
      <line num="111" type="stmt" count="84"/>
      <line num="112" type="stmt" count="84"/>
      <line num="113" type="stmt" count="84"/>
      <line num="115" type="stmt" count="84"/>
      <line num="116" type="stmt" count="84"/>
      <line num="117" type="stmt" count="84"/>
      <line num="118" type="stmt" count="84"/>
      <line num="119" type="stmt" count="84"/>
      <line num="121" type="stmt" count="84"/>
      <line num="122" type="stmt" count="84"/>
      <line num="123" type="stmt" count="84"/>
      <line num="124" type="stmt" count="84"/>
      <line num="126" type="stmt" count="84"/>
      <line num="127" type="stmt" count="84"/>
      <line num="128" type="stmt" count="84"/>
      <line num="130" type="stmt" count="84"/>
      <line num="132" type="stmt" count="84"/>
      <metrics loc="133" ncloc="100" classes="0" methods="0" coveredmethods="0" conditionals="0" coveredconditionals="0" statements="74" coveredstatements="74" elements="74" coveredelements="74"/>
    </file>
    <file name="laravel/config/mail.php">
      <line num="3" type="stmt" count="84"/>
      <line num="17" type="stmt" count="84"/>
      <line num="38" type="stmt" count="84"/>
      <line num="40" type="stmt" count="84"/>
      <line num="41" type="stmt" count="84"/>
      <line num="42" type="stmt" count="84"/>
      <line num="43" type="stmt" count="84"/>
      <line num="44" type="stmt" count="84"/>
      <line num="45" type="stmt" count="84"/>
      <line num="46" type="stmt" count="84"/>
      <line num="47" type="stmt" count="84"/>
      <line num="48" type="stmt" count="84"/>
      <line num="49" type="stmt" count="84"/>
      <line num="50" type="stmt" count="84"/>
      <line num="52" type="stmt" count="84"/>
      <line num="53" type="stmt" count="84"/>
      <line num="54" type="stmt" count="84"/>
      <line num="56" type="stmt" count="84"/>
      <line num="57" type="stmt" count="84"/>
      <line num="58" type="stmt" count="84"/>
      <line num="59" type="stmt" count="84"/>
      <line num="60" type="stmt" count="84"/>
      <line num="61" type="stmt" count="84"/>
      <line num="62" type="stmt" count="84"/>
      <line num="64" type="stmt" count="84"/>
      <line num="65" type="stmt" count="84"/>
      <line num="66" type="stmt" count="84"/>
      <line num="68" type="stmt" count="84"/>
      <line num="69" type="stmt" count="84"/>
      <line num="70" type="stmt" count="84"/>
      <line num="71" type="stmt" count="84"/>
      <line num="73" type="stmt" count="84"/>
      <line num="74" type="stmt" count="84"/>
      <line num="75" type="stmt" count="84"/>
      <line num="76" type="stmt" count="84"/>
      <line num="78" type="stmt" count="84"/>
      <line num="79" type="stmt" count="84"/>
      <line num="80" type="stmt" count="84"/>
      <line num="82" type="stmt" count="84"/>
      <line num="83" type="stmt" count="84"/>
      <line num="84" type="stmt" count="84"/>
      <line num="85" type="stmt" count="84"/>
      <line num="86" type="stmt" count="84"/>
      <line num="87" type="stmt" count="84"/>
      <line num="88" type="stmt" count="84"/>
      <line num="89" type="stmt" count="84"/>
      <line num="91" type="stmt" count="84"/>
      <line num="92" type="stmt" count="84"/>
      <line num="93" type="stmt" count="84"/>
      <line num="94" type="stmt" count="84"/>
      <line num="95" type="stmt" count="84"/>
      <line num="96" type="stmt" count="84"/>
      <line num="97" type="stmt" count="84"/>
      <line num="98" type="stmt" count="84"/>
      <line num="100" type="stmt" count="84"/>
      <line num="113" type="stmt" count="84"/>
      <line num="114" type="stmt" count="84"/>
      <line num="115" type="stmt" count="84"/>
      <line num="116" type="stmt" count="84"/>
      <line num="118" type="stmt" count="84"/>
      <metrics loc="119" ncloc="80" classes="0" methods="0" coveredmethods="0" conditionals="0" coveredconditionals="0" statements="60" coveredstatements="60" elements="60" coveredelements="60"/>
    </file>
    <file name="laravel/config/pennant.php">
      <line num="3" type="stmt" count="84"/>
      <line num="18" type="stmt" count="84"/>
      <line num="31" type="stmt" count="84"/>
      <line num="33" type="stmt" count="84"/>
      <line num="34" type="stmt" count="84"/>
      <line num="35" type="stmt" count="84"/>
      <line num="37" type="stmt" count="84"/>
      <line num="38" type="stmt" count="84"/>
      <line num="39" type="stmt" count="84"/>
      <line num="40" type="stmt" count="84"/>
      <line num="41" type="stmt" count="84"/>
      <line num="43" type="stmt" count="84"/>
      <line num="44" type="stmt" count="84"/>
      <metrics loc="45" ncloc="23" classes="0" methods="0" coveredmethods="0" conditionals="0" coveredconditionals="0" statements="13" coveredstatements="13" elements="13" coveredelements="13"/>
    </file>
    <file name="laravel/config/queue.php">
      <line num="3" type="stmt" count="84"/>
      <line num="16" type="stmt" count="84"/>
      <line num="32" type="stmt" count="84"/>
      <line num="34" type="stmt" count="84"/>
      <line num="35" type="stmt" count="84"/>
      <line num="36" type="stmt" count="84"/>
      <line num="38" type="stmt" count="84"/>
      <line num="39" type="stmt" count="84"/>
      <line num="40" type="stmt" count="84"/>
      <line num="41" type="stmt" count="84"/>
      <line num="42" type="stmt" count="84"/>
      <line num="43" type="stmt" count="84"/>
      <line num="44" type="stmt" count="84"/>
      <line num="45" type="stmt" count="84"/>
      <line num="47" type="stmt" count="84"/>
      <line num="48" type="stmt" count="84"/>
      <line num="49" type="stmt" count="84"/>
      <line num="50" type="stmt" count="84"/>
      <line num="51" type="stmt" count="84"/>
      <line num="52" type="stmt" count="84"/>
      <line num="53" type="stmt" count="84"/>
      <line num="54" type="stmt" count="84"/>
      <line num="56" type="stmt" count="84"/>
      <line num="57" type="stmt" count="84"/>
      <line num="58" type="stmt" count="84"/>
      <line num="59" type="stmt" count="84"/>
      <line num="60" type="stmt" count="84"/>
      <line num="61" type="stmt" count="84"/>
      <line num="62" type="stmt" count="84"/>
      <line num="63" type="stmt" count="84"/>
      <line num="64" type="stmt" count="84"/>
      <line num="65" type="stmt" count="84"/>
      <line num="67" type="stmt" count="84"/>
      <line num="68" type="stmt" count="84"/>
      <line num="69" type="stmt" count="84"/>
      <line num="70" type="stmt" count="84"/>
      <line num="71" type="stmt" count="84"/>
      <line num="72" type="stmt" count="84"/>
      <line num="73" type="stmt" count="84"/>
      <line num="74" type="stmt" count="84"/>
      <line num="76" type="stmt" count="84"/>
      <line num="77" type="stmt" count="84"/>
      <line num="78" type="stmt" count="84"/>
      <line num="80" type="stmt" count="84"/>
      <line num="81" type="stmt" count="84"/>
      <line num="82" type="stmt" count="84"/>
      <line num="84" type="stmt" count="84"/>
      <line num="85" type="stmt" count="84"/>
      <line num="86" type="stmt" count="84"/>
      <line num="87" type="stmt" count="84"/>
      <line num="88" type="stmt" count="84"/>
      <line num="89" type="stmt" count="84"/>
      <line num="90" type="stmt" count="84"/>
      <line num="92" type="stmt" count="84"/>
      <line num="105" type="stmt" count="84"/>
      <line num="106" type="stmt" count="84"/>
      <line num="107" type="stmt" count="84"/>
      <line num="108" type="stmt" count="84"/>
      <line num="123" type="stmt" count="84"/>
      <line num="124" type="stmt" count="84"/>
      <line num="125" type="stmt" count="84"/>
      <line num="126" type="stmt" count="84"/>
      <line num="127" type="stmt" count="84"/>
      <line num="129" type="stmt" count="84"/>
      <metrics loc="130" ncloc="85" classes="0" methods="0" coveredmethods="0" conditionals="0" coveredconditionals="0" statements="64" coveredstatements="64" elements="64" coveredelements="64"/>
    </file>
    <file name="laravel/config/sanctum.php">
      <line num="5" type="stmt" count="84"/>
      <line num="18" type="stmt" count="84"/>
      <line num="19" type="stmt" count="84"/>
      <line num="20" type="stmt" count="84"/>
      <line num="21" type="stmt" count="84"/>
      <line num="22" type="stmt" count="84"/>
      <line num="23" type="stmt" count="84"/>
      <line num="37" type="stmt" count="84"/>
      <line num="50" type="stmt" count="84"/>
      <line num="65" type="stmt" count="84"/>
      <line num="78" type="stmt" count="84"/>
      <line num="79" type="stmt" count="84"/>
      <line num="80" type="stmt" count="84"/>
      <line num="81" type="stmt" count="84"/>
      <line num="82" type="stmt" count="84"/>
      <line num="84" type="stmt" count="84"/>
      <metrics loc="85" ncloc="32" classes="0" methods="0" coveredmethods="0" conditionals="0" coveredconditionals="0" statements="16" coveredstatements="16" elements="16" coveredelements="16"/>
    </file>
    <file name="laravel/config/scribe.php">
      <line num="12" type="stmt" count="84"/>
      <line num="14" type="stmt" count="84"/>
      <line num="17" type="stmt" count="84"/>
      <line num="20" type="stmt" count="84"/>
      <line num="25" type="stmt" count="84"/>
      <line num="29" type="stmt" count="84"/>
      <line num="32" type="stmt" count="84"/>
      <line num="33" type="stmt" count="84"/>
      <line num="34" type="stmt" count="84"/>
      <line num="36" type="stmt" count="84"/>
      <line num="39" type="stmt" count="84"/>
      <line num="40" type="stmt" count="84"/>
      <line num="43" type="stmt" count="84"/>
      <line num="44" type="stmt" count="84"/>
      <line num="45" type="stmt" count="84"/>
      <line num="48" type="stmt" count="84"/>
      <line num="49" type="stmt" count="84"/>
      <line num="50" type="stmt" count="84"/>
      <line num="51" type="stmt" count="84"/>
      <line num="52" type="stmt" count="84"/>
      <line num="58" type="stmt" count="84"/>
      <line num="61" type="stmt" count="84"/>
      <line num="63" type="stmt" count="84"/>
      <line num="66" type="stmt" count="84"/>
      <line num="67" type="stmt" count="84"/>
      <line num="69" type="stmt" count="84"/>
      <line num="71" type="stmt" count="84"/>
      <line num="75" type="stmt" count="84"/>
      <line num="80" type="stmt" count="84"/>
      <line num="83" type="stmt" count="84"/>
      <line num="84" type="stmt" count="84"/>
      <line num="86" type="stmt" count="84"/>
      <line num="87" type="stmt" count="84"/>
      <line num="88" type="stmt" count="84"/>
      <line num="90" type="stmt" count="84"/>
      <line num="93" type="stmt" count="84"/>
      <line num="96" type="stmt" count="84"/>
      <line num="99" type="stmt" count="84"/>
      <line num="102" type="stmt" count="84"/>
      <line num="103" type="stmt" count="84"/>
      <line num="106" type="stmt" count="84"/>
      <line num="108" type="stmt" count="84"/>
      <line num="112" type="stmt" count="84"/>
      <line num="115" type="stmt" count="84"/>
      <line num="118" type="stmt" count="84"/>
      <line num="122" type="stmt" count="84"/>
      <line num="126" type="stmt" count="84"/>
      <line num="129" type="stmt" count="84"/>
      <line num="130" type="stmt" count="84"/>
      <line num="136" type="stmt" count="84"/>
      <line num="137" type="stmt" count="84"/>
      <line num="138" type="stmt" count="84"/>
      <line num="139" type="stmt" count="84"/>
      <line num="145" type="stmt" count="84"/>
      <line num="146" type="stmt" count="84"/>
      <line num="148" type="stmt" count="84"/>
      <line num="149" type="stmt" count="84"/>
      <line num="150" type="stmt" count="84"/>
      <line num="151" type="stmt" count="84"/>
      <line num="157" type="stmt" count="84"/>
      <line num="158" type="stmt" count="84"/>
      <line num="163" type="stmt" count="84"/>
      <line num="165" type="stmt" count="84"/>
      <line num="166" type="stmt" count="84"/>
      <line num="167" type="stmt" count="84"/>
      <line num="171" type="stmt" count="84"/>
      <line num="172" type="stmt" count="84"/>
      <line num="174" type="stmt" count="84"/>
      <line num="176" type="stmt" count="84"/>
      <line num="182" type="stmt" count="84"/>
      <line num="183" type="stmt" count="84"/>
      <line num="190" type="stmt" count="84"/>
      <line num="200" type="stmt" count="84"/>
      <line num="202" type="stmt" count="84"/>
      <line num="204" type="stmt" count="84"/>
      <line num="209" type="stmt" count="84"/>
      <line num="210" type="stmt" count="84"/>
      <line num="215" type="stmt" count="84"/>
      <line num="216" type="stmt" count="84"/>
      <line num="217" type="stmt" count="84"/>
      <line num="218" type="stmt" count="84"/>
      <line num="219" type="stmt" count="84"/>
      <line num="220" type="stmt" count="84"/>
      <line num="221" type="stmt" count="84"/>
      <line num="222" type="stmt" count="84"/>
      <line num="223" type="stmt" count="84"/>
      <line num="224" type="stmt" count="84"/>
      <line num="225" type="stmt" count="84"/>
      <line num="226" type="stmt" count="84"/>
      <line num="227" type="stmt" count="84"/>
      <line num="228" type="stmt" count="84"/>
      <line num="229" type="stmt" count="84"/>
      <line num="230" type="stmt" count="84"/>
      <line num="231" type="stmt" count="84"/>
      <line num="232" type="stmt" count="84"/>
      <line num="233" type="stmt" count="84"/>
      <line num="234" type="stmt" count="84"/>
      <line num="235" type="stmt" count="84"/>
      <line num="236" type="stmt" count="84"/>
      <line num="237" type="stmt" count="84"/>
      <line num="238" type="stmt" count="84"/>
      <line num="240" type="stmt" count="84"/>
      <line num="241" type="stmt" count="84"/>
      <line num="242" type="stmt" count="84"/>
      <line num="243" type="stmt" count="84"/>
      <line num="244" type="stmt" count="84"/>
      <line num="245" type="stmt" count="84"/>
      <line num="246" type="stmt" count="84"/>
      <line num="247" type="stmt" count="84"/>
      <line num="248" type="stmt" count="84"/>
      <line num="253" type="stmt" count="84"/>
      <line num="255" type="stmt" count="84"/>
      <line num="257" type="stmt" count="84"/>
      <line num="258" type="stmt" count="84"/>
      <line num="259" type="stmt" count="84"/>
      <metrics loc="260" ncloc="172" classes="0" methods="0" coveredmethods="0" conditionals="0" coveredconditionals="0" statements="115" coveredstatements="115" elements="115" coveredelements="115"/>
    </file>
    <file name="laravel/config/services.php">
      <line num="3" type="stmt" count="84"/>
      <line num="17" type="stmt" count="84"/>
      <line num="18" type="stmt" count="84"/>
      <line num="19" type="stmt" count="84"/>
      <line num="21" type="stmt" count="84"/>
      <line num="22" type="stmt" count="84"/>
      <line num="23" type="stmt" count="84"/>
      <line num="25" type="stmt" count="84"/>
      <line num="26" type="stmt" count="84"/>
      <line num="27" type="stmt" count="84"/>
      <line num="28" type="stmt" count="84"/>
      <line num="29" type="stmt" count="84"/>
      <line num="31" type="stmt" count="84"/>
      <line num="32" type="stmt" count="84"/>
      <line num="33" type="stmt" count="84"/>
      <line num="34" type="stmt" count="84"/>
      <line num="35" type="stmt" count="84"/>
      <line num="36" type="stmt" count="84"/>
      <line num="38" type="stmt" count="84"/>
      <metrics loc="39" ncloc="28" classes="0" methods="0" coveredmethods="0" conditionals="0" coveredconditionals="0" statements="19" coveredstatements="19" elements="19" coveredelements="19"/>
    </file>
    <file name="laravel/config/session.php">
      <line num="5" type="stmt" count="84"/>
      <line num="21" type="stmt" count="84"/>
      <line num="35" type="stmt" count="84"/>
      <line num="37" type="stmt" count="84"/>
      <line num="50" type="stmt" count="84"/>
      <line num="63" type="stmt" count="84"/>
      <line num="76" type="stmt" count="84"/>
      <line num="89" type="stmt" count="84"/>
      <line num="104" type="stmt" count="84"/>
      <line num="117" type="stmt" count="84"/>
      <line num="130" type="stmt" count="84"/>
      <line num="131" type="stmt" count="84"/>
      <line num="132" type="stmt" count="84"/>
      <line num="133" type="stmt" count="84"/>
      <line num="146" type="stmt" count="84"/>
      <line num="159" type="stmt" count="84"/>
      <line num="172" type="stmt" count="84"/>
      <line num="185" type="stmt" count="84"/>
      <line num="202" type="stmt" count="84"/>
      <line num="215" type="stmt" count="84"/>
      <line num="217" type="stmt" count="84"/>
      <metrics loc="218" ncloc="58" classes="0" methods="0" coveredmethods="0" conditionals="0" coveredconditionals="0" statements="21" coveredstatements="21" elements="21" coveredelements="21"/>
    </file>
    <file name="laravel/config/upload.php">
      <line num="3" type="stmt" count="84"/>
      <line num="16" type="stmt" count="84"/>
      <line num="28" type="stmt" count="84"/>
      <line num="41" type="stmt" count="84"/>
      <line num="43" type="stmt" count="84"/>
      <metrics loc="44" ncloc="15" classes="0" methods="0" coveredmethods="0" conditionals="0" coveredconditionals="0" statements="5" coveredstatements="5" elements="5" coveredelements="5"/>
    </file>
    <package name="Database\Factories">
      <file name="laravel/database/factories/UploadFactory.php">
        <class name="Database\Factories\UploadFactory" namespace="Database\Factories">
          <metrics complexity="1" methods="1" coveredmethods="1" conditionals="0" coveredconditionals="0" statements="10" coveredstatements="10" elements="11" coveredelements="11"/>
        </class>
        <line num="19" type="method" name="definition" visibility="public" complexity="1" crap="1" count="6"/>
        <line num="21" type="stmt" count="6"/>
        <line num="22" type="stmt" count="6"/>
        <line num="23" type="stmt" count="6"/>
        <line num="24" type="stmt" count="6"/>
        <line num="25" type="stmt" count="6"/>
        <line num="26" type="stmt" count="6"/>
        <line num="27" type="stmt" count="6"/>
        <line num="28" type="stmt" count="6"/>
        <line num="29" type="stmt" count="6"/>
        <line num="30" type="stmt" count="6"/>
        <metrics loc="33" ncloc="25" classes="1" methods="1" coveredmethods="1" conditionals="0" coveredconditionals="0" statements="10" coveredstatements="10" elements="11" coveredelements="11"/>
      </file>
      <file name="laravel/database/factories/UserFactory.php">
        <class name="Database\Factories\UserFactory" namespace="Database\Factories">
          <metrics complexity="3" methods="3" coveredmethods="3" conditionals="0" coveredconditionals="0" statements="18" coveredstatements="18" elements="21" coveredelements="21"/>
        </class>
        <line num="24" type="method" name="definition" visibility="public" complexity="1" crap="1" count="51"/>
        <line num="26" type="stmt" count="51"/>
        <line num="27" type="stmt" count="51"/>
        <line num="28" type="stmt" count="51"/>
        <line num="29" type="stmt" count="51"/>
        <line num="30" type="stmt" count="51"/>
        <line num="31" type="stmt" count="51"/>
        <line num="32" type="stmt" count="51"/>
        <line num="33" type="stmt" count="51"/>
        <line num="34" type="stmt" count="51"/>
        <line num="35" type="stmt" count="51"/>
        <line num="41" type="method" name="unverified" visibility="public" complexity="1" crap="1" count="4"/>
        <line num="43" type="stmt" count="4"/>
        <line num="44" type="stmt" count="4"/>
        <line num="45" type="stmt" count="4"/>
        <line num="51" type="method" name="withTwoFactor" visibility="public" complexity="1" crap="1" count="1"/>
        <line num="53" type="stmt" count="1"/>
        <line num="54" type="stmt" count="1"/>
        <line num="55" type="stmt" count="1"/>
        <line num="56" type="stmt" count="1"/>
        <line num="57" type="stmt" count="1"/>
        <metrics loc="60" ncloc="43" classes="1" methods="3" coveredmethods="3" conditionals="0" coveredconditionals="0" statements="18" coveredstatements="18" elements="21" coveredelements="21"/>
      </file>
    </package>
    <file name="laravel/database/migrations/0001_01_01_000000_create_users_table.php">
      <line num="7" type="stmt" count="1"/>
      <line num="8" type="stmt" count="1"/>
      <line num="14" type="stmt" count="1"/>
      <line num="15" type="stmt" count="1"/>
      <line num="16" type="stmt" count="1"/>
      <line num="17" type="stmt" count="1"/>
      <line num="18" type="stmt" count="1"/>
      <line num="19" type="stmt" count="1"/>
      <line num="20" type="stmt" count="1"/>
      <line num="21" type="stmt" count="1"/>
      <line num="22" type="stmt" count="1"/>
      <line num="24" type="stmt" count="1"/>
      <line num="25" type="stmt" count="1"/>
      <line num="26" type="stmt" count="1"/>
      <line num="27" type="stmt" count="1"/>
      <line num="28" type="stmt" count="1"/>
      <line num="30" type="stmt" count="1"/>
      <line num="31" type="stmt" count="1"/>
      <line num="32" type="stmt" count="1"/>
      <line num="33" type="stmt" count="1"/>
      <line num="34" type="stmt" count="1"/>
      <line num="35" type="stmt" count="1"/>
      <line num="36" type="stmt" count="1"/>
      <line num="37" type="stmt" count="1"/>
      <line num="45" type="stmt" count="1"/>
      <line num="46" type="stmt" count="1"/>
      <line num="47" type="stmt" count="1"/>
      <line num="49" type="stmt" count="1"/>
      <metrics loc="50" ncloc="44" classes="0" methods="0" coveredmethods="0" conditionals="0" coveredconditionals="0" statements="28" coveredstatements="28" elements="28" coveredelements="28"/>
    </file>
    <file name="laravel/database/migrations/0001_01_01_000001_create_cache_table.php">
      <line num="7" type="stmt" count="1"/>
      <line num="8" type="stmt" count="1"/>
      <line num="14" type="stmt" count="1"/>
      <line num="15" type="stmt" count="1"/>
      <line num="16" type="stmt" count="1"/>
      <line num="17" type="stmt" count="1"/>
      <line num="18" type="stmt" count="1"/>
      <line num="20" type="stmt" count="1"/>
      <line num="21" type="stmt" count="1"/>
      <line num="22" type="stmt" count="1"/>
      <line num="23" type="stmt" count="1"/>
      <line num="24" type="stmt" count="1"/>
      <line num="32" type="stmt" count="1"/>
      <line num="33" type="stmt" count="1"/>
      <line num="35" type="stmt" count="1"/>
      <metrics loc="36" ncloc="30" classes="0" methods="0" coveredmethods="0" conditionals="0" coveredconditionals="0" statements="15" coveredstatements="15" elements="15" coveredelements="15"/>
    </file>
    <file name="laravel/database/migrations/0001_01_01_000002_create_jobs_table.php">
      <line num="7" type="stmt" count="1"/>
      <line num="8" type="stmt" count="1"/>
      <line num="14" type="stmt" count="1"/>
      <line num="15" type="stmt" count="1"/>
      <line num="16" type="stmt" count="1"/>
      <line num="17" type="stmt" count="1"/>
      <line num="18" type="stmt" count="1"/>
      <line num="19" type="stmt" count="1"/>
      <line num="20" type="stmt" count="1"/>
      <line num="21" type="stmt" count="1"/>
      <line num="22" type="stmt" count="1"/>
      <line num="24" type="stmt" count="1"/>
      <line num="25" type="stmt" count="1"/>
      <line num="26" type="stmt" count="1"/>
      <line num="27" type="stmt" count="1"/>
      <line num="28" type="stmt" count="1"/>
      <line num="29" type="stmt" count="1"/>
      <line num="30" type="stmt" count="1"/>
      <line num="31" type="stmt" count="1"/>
      <line num="32" type="stmt" count="1"/>
      <line num="33" type="stmt" count="1"/>
      <line num="34" type="stmt" count="1"/>
      <line num="35" type="stmt" count="1"/>
      <line num="37" type="stmt" count="1"/>
      <line num="38" type="stmt" count="1"/>
      <line num="39" type="stmt" count="1"/>
      <line num="40" type="stmt" count="1"/>
      <line num="41" type="stmt" count="1"/>
      <line num="42" type="stmt" count="1"/>
      <line num="43" type="stmt" count="1"/>
      <line num="44" type="stmt" count="1"/>
      <line num="45" type="stmt" count="1"/>
      <line num="53" type="stmt" count="1"/>
      <line num="54" type="stmt" count="1"/>
      <line num="55" type="stmt" count="1"/>
      <line num="57" type="stmt" count="1"/>
      <metrics loc="58" ncloc="52" classes="0" methods="0" coveredmethods="0" conditionals="0" coveredconditionals="0" statements="36" coveredstatements="36" elements="36" coveredelements="36"/>
    </file>
    <file name="laravel/database/migrations/2025_08_26_100418_add_two_factor_columns_to_users_table.php">
      <line num="7" type="stmt" count="1"/>
      <line num="8" type="stmt" count="1"/>
      <line num="14" type="stmt" count="1"/>
      <line num="15" type="stmt" count="1"/>
      <line num="16" type="stmt" count="1"/>
      <line num="17" type="stmt" count="1"/>
      <line num="18" type="stmt" count="1"/>
      <line num="26" type="stmt" count="1"/>
      <line num="27" type="stmt" count="1"/>
      <line num="28" type="stmt" count="1"/>
      <line num="29" type="stmt" count="1"/>
      <line num="30" type="stmt" count="1"/>
      <line num="31" type="stmt" count="1"/>
      <line num="32" type="stmt" count="1"/>
      <line num="34" type="stmt" count="1"/>
      <metrics loc="35" ncloc="29" classes="0" methods="0" coveredmethods="0" conditionals="0" coveredconditionals="0" statements="15" coveredstatements="15" elements="15" coveredelements="15"/>
    </file>
    <file name="laravel/database/migrations/2026_01_30_055953_create_personal_access_tokens_table.php">
      <line num="7" type="stmt" count="1"/>
      <line num="8" type="stmt" count="1"/>
      <line num="14" type="stmt" count="1"/>
      <line num="15" type="stmt" count="1"/>
      <line num="16" type="stmt" count="1"/>
      <line num="17" type="stmt" count="1"/>
      <line num="18" type="stmt" count="1"/>
      <line num="19" type="stmt" count="1"/>
      <line num="20" type="stmt" count="1"/>
      <line num="21" type="stmt" count="1"/>
      <line num="22" type="stmt" count="1"/>
      <line num="23" type="stmt" count="1"/>
      <line num="31" type="stmt" count="1"/>
      <line num="33" type="stmt" count="1"/>
      <metrics loc="34" ncloc="28" classes="0" methods="0" coveredmethods="0" conditionals="0" coveredconditionals="0" statements="14" coveredstatements="14" elements="14" coveredelements="14"/>
    </file>
    <file name="laravel/database/migrations/2026_01_30_081633_create_uploads_table.php">
      <line num="7" type="stmt" count="1"/>
      <line num="8" type="stmt" count="1"/>
      <line num="14" type="stmt" count="1"/>
      <line num="15" type="stmt" count="1"/>
      <line num="16" type="stmt" count="1"/>
      <line num="17" type="stmt" count="1"/>
      <line num="18" type="stmt" count="1"/>
      <line num="19" type="stmt" count="1"/>
      <line num="20" type="stmt" count="1"/>
      <line num="21" type="stmt" count="1"/>
      <line num="22" type="stmt" count="1"/>
      <line num="23" type="stmt" count="1"/>
      <line num="31" type="stmt" count="1"/>
      <line num="33" type="stmt" count="1"/>
      <metrics loc="34" ncloc="28" classes="0" methods="0" coveredmethods="0" conditionals="0" coveredconditionals="0" statements="14" coveredstatements="14" elements="14" coveredelements="14"/>
    </file>
    <file name="laravel/database/migrations/2026_01_30_082459_add_expires_at_to_uploads_table.php">
      <line num="7" type="stmt" count="1"/>
      <line num="8" type="stmt" count="1"/>
      <line num="14" type="stmt" count="1"/>
      <line num="15" type="stmt" count="1"/>
      <line num="16" type="stmt" count="1"/>
      <line num="24" type="stmt" count="1"/>
      <line num="25" type="stmt" count="1"/>
      <line num="26" type="stmt" count="1"/>
      <line num="28" type="stmt" count="1"/>
      <metrics loc="29" ncloc="23" classes="0" methods="0" coveredmethods="0" conditionals="0" coveredconditionals="0" statements="9" coveredstatements="9" elements="9" coveredelements="9"/>
    </file>
    <file name="laravel/database/migrations/2026_01_30_083246_add_soft_deletes_to_uploads_table.php">
      <line num="7" type="stmt" count="1"/>
      <line num="8" type="stmt" count="1"/>
      <line num="14" type="stmt" count="1"/>
      <line num="15" type="stmt" count="1"/>
      <line num="16" type="stmt" count="1"/>
      <line num="24" type="stmt" count="1"/>
      <line num="25" type="stmt" count="1"/>
      <line num="26" type="stmt" count="1"/>
      <line num="28" type="stmt" count="1"/>
      <metrics loc="29" ncloc="23" classes="0" methods="0" coveredmethods="0" conditionals="0" coveredconditionals="0" statements="9" coveredstatements="9" elements="9" coveredelements="9"/>
    </file>
    <file name="laravel/database/migrations/2026_02_06_142630_add_password_to_uploads_table.php">
      <line num="7" type="stmt" count="1"/>
      <line num="8" type="stmt" count="1"/>
      <line num="14" type="stmt" count="1"/>
      <line num="15" type="stmt" count="1"/>
      <line num="16" type="stmt" count="1"/>
      <line num="24" type="stmt" count="1"/>
      <line num="25" type="stmt" count="1"/>
      <line num="26" type="stmt" count="1"/>
      <line num="28" type="stmt" count="1"/>
      <metrics loc="29" ncloc="23" classes="0" methods="0" coveredmethods="0" conditionals="0" coveredconditionals="0" statements="9" coveredstatements="9" elements="9" coveredelements="9"/>
    </file>
    <file name="laravel/database/migrations/2026_02_19_104040_create_features_table.php">
      <line num="7" type="stmt" count="1"/>
      <line num="8" type="stmt" count="1"/>
      <line num="14" type="stmt" count="1"/>
      <line num="15" type="stmt" count="1"/>
      <line num="16" type="stmt" count="1"/>
      <line num="17" type="stmt" count="1"/>
      <line num="18" type="stmt" count="1"/>
      <line num="19" type="stmt" count="1"/>
      <line num="21" type="stmt" count="1"/>
      <line num="22" type="stmt" count="1"/>
      <line num="30" type="stmt" count="1"/>
      <line num="32" type="stmt" count="1"/>
      <metrics loc="33" ncloc="27" classes="0" methods="0" coveredmethods="0" conditionals="0" coveredconditionals="0" statements="12" coveredstatements="12" elements="12" coveredelements="12"/>
    </file>
    <file name="laravel/database/migrations/2026_02_19_163053_add_avatar_url_to_users_table.php">
      <line num="7" type="stmt" count="1"/>
      <line num="8" type="stmt" count="1"/>
      <line num="14" type="stmt" count="1"/>
      <line num="15" type="stmt" count="1"/>
      <line num="16" type="stmt" count="1"/>
      <line num="24" type="stmt" count="1"/>
      <line num="25" type="stmt" count="1"/>
      <line num="26" type="stmt" count="1"/>
      <line num="28" type="stmt" count="1"/>
      <metrics loc="29" ncloc="23" classes="0" methods="0" coveredmethods="0" conditionals="0" coveredconditionals="0" statements="9" coveredstatements="9" elements="9" coveredelements="9"/>
    </file>
    <package name="Database\Seeders">
      <file name="laravel/database/seeders/DatabaseSeeder.php">
        <class name="Database\Seeders\DatabaseSeeder" namespace="Database\Seeders">
          <metrics complexity="6" methods="1" coveredmethods="0" conditionals="0" coveredconditionals="0" statements="53" coveredstatements="52" elements="54" coveredelements="52"/>
        </class>
        <line num="19" type="method" name="run" visibility="public" complexity="6" crap="6" count="1"/>
        <line num="21" type="stmt" count="1"/>
        <line num="22" type="stmt" count="1"/>
        <line num="23" type="stmt" count="1"/>
        <line num="24" type="stmt" count="1"/>
        <line num="25" type="stmt" count="1"/>
        <line num="26" type="stmt" count="1"/>
        <line num="27" type="stmt" count="1"/>
        <line num="28" type="stmt" count="1"/>
        <line num="29" type="stmt" count="1"/>
        <line num="30" type="stmt" count="1"/>
        <line num="31" type="stmt" count="1"/>
        <line num="33" type="stmt" count="1"/>
        <line num="34" type="stmt" count="1"/>
        <line num="35" type="stmt" count="1"/>
        <line num="36" type="stmt" count="1"/>
        <line num="37" type="stmt" count="1"/>
        <line num="38" type="stmt" count="1"/>
        <line num="40" type="stmt" count="1"/>
        <line num="41" type="stmt" count="1"/>
        <line num="42" type="stmt" count="1"/>
        <line num="43" type="stmt" count="1"/>
        <line num="44" type="stmt" count="1"/>
        <line num="46" type="stmt" count="1"/>
        <line num="47" type="stmt" count="1"/>
        <line num="48" type="stmt" count="1"/>
        <line num="49" type="stmt" count="1"/>
        <line num="50" type="stmt" count="1"/>
        <line num="53" type="stmt" count="1"/>
        <line num="54" type="stmt" count="1"/>
        <line num="55" type="stmt" count="1"/>
        <line num="56" type="stmt" count="1"/>
        <line num="57" type="stmt" count="1"/>
        <line num="58" type="stmt" count="1"/>
        <line num="59" type="stmt" count="1"/>
        <line num="60" type="stmt" count="1"/>
        <line num="61" type="stmt" count="1"/>
        <line num="63" type="stmt" count="1"/>
        <line num="64" type="stmt" count="0"/>
        <line num="67" type="stmt" count="1"/>
        <line num="68" type="stmt" count="1"/>
        <line num="71" type="stmt" count="1"/>
        <line num="72" type="stmt" count="1"/>
        <line num="73" type="stmt" count="1"/>
        <line num="74" type="stmt" count="1"/>
        <line num="75" type="stmt" count="1"/>
        <line num="76" type="stmt" count="1"/>
        <line num="77" type="stmt" count="1"/>
        <line num="78" type="stmt" count="1"/>
        <line num="79" type="stmt" count="1"/>
        <line num="83" type="stmt" count="1"/>
        <line num="84" type="stmt" count="1"/>
        <line num="85" type="stmt" count="1"/>
        <line num="86" type="stmt" count="1"/>
        <metrics loc="92" ncloc="86" classes="1" methods="1" coveredmethods="0" conditionals="0" coveredconditionals="0" statements="53" coveredstatements="52" elements="54" coveredelements="52"/>
      </file>
    </package>
    <file name="laravel/routes/api.php">
      <line num="8" type="stmt" count="84"/>
      <line num="9" type="stmt" count="84"/>
      <line num="10" type="stmt" count="84"/>
      <line num="11" type="stmt" count="84"/>
      <line num="15" type="stmt" count="84"/>
      <line num="16" type="stmt" count="84"/>
      <line num="17" type="stmt" count="84"/>
      <line num="18" type="stmt" count="84"/>
      <line num="19" type="stmt" count="84"/>
      <line num="20" type="stmt" count="84"/>
      <line num="21" type="stmt" count="84"/>
      <line num="22" type="stmt" count="84"/>
      <line num="25" type="stmt" count="84"/>
      <line num="26" type="stmt" count="0"/>
      <line num="27" type="stmt" count="84"/>
      <line num="29" type="stmt" count="84"/>
      <line num="30" type="stmt" count="84"/>
      <line num="31" type="stmt" count="84"/>
      <line num="32" type="stmt" count="84"/>
      <line num="35" type="stmt" count="84"/>
      <line num="36" type="stmt" count="0"/>
      <line num="37" type="stmt" count="84"/>
      <metrics loc="38" ncloc="33" classes="0" methods="0" coveredmethods="0" conditionals="0" coveredconditionals="0" statements="22" coveredstatements="20" elements="22" coveredelements="20"/>
    </file>
    <file name="laravel/routes/console.php">
      <line num="7" type="stmt" count="84"/>
      <line num="8" type="stmt" count="0"/>
      <line num="9" type="stmt" count="84"/>
      <line num="11" type="stmt" count="84"/>
      <metrics loc="12" ncloc="12" classes="0" methods="0" coveredmethods="0" conditionals="0" coveredconditionals="0" statements="4" coveredstatements="3" elements="4" coveredelements="3"/>
    </file>
    <file name="laravel/routes/settings.php">
      <line num="10" type="stmt" count="84"/>
      <line num="11" type="stmt" count="84"/>
      <line num="13" type="stmt" count="84"/>
      <line num="14" type="stmt" count="84"/>
      <line num="15" type="stmt" count="84"/>
      <line num="17" type="stmt" count="84"/>
      <line num="18" type="stmt" count="84"/>
      <line num="20" type="stmt" count="84"/>
      <line num="22" type="stmt" count="84"/>
      <line num="23" type="stmt" count="84"/>
      <line num="24" type="stmt" count="84"/>
      <line num="26" type="stmt" count="84"/>
      <line num="27" type="stmt" count="2"/>
      <line num="28" type="stmt" count="1"/>
      <line num="31" type="stmt" count="1"/>
      <line num="32" type="stmt" count="84"/>
      <line num="34" type="stmt" count="84"/>
      <line num="35" type="stmt" count="84"/>
      <line num="36" type="stmt" count="84"/>
      <metrics loc="37" ncloc="37" classes="0" methods="0" coveredmethods="0" conditionals="0" coveredconditionals="0" statements="19" coveredstatements="19" elements="19" coveredelements="19"/>
    </file>
    <file name="laravel/routes/web.php">
      <line num="8" type="stmt" count="84"/>
      <line num="9" type="stmt" count="2"/>
      <line num="10" type="stmt" count="2"/>
      <line num="11" type="stmt" count="2"/>
      <line num="12" type="stmt" count="84"/>
      <line num="14" type="stmt" count="84"/>
      <line num="15" type="stmt" count="84"/>
      <line num="17" type="stmt" count="84"/>
      <line num="18" type="stmt" count="84"/>
      <line num="19" type="stmt" count="2"/>
      <line num="20" type="stmt" count="84"/>
      <line num="21" type="stmt" count="84"/>
      <line num="23" type="stmt" count="84"/>
      <metrics loc="24" ncloc="24" classes="0" methods="0" coveredmethods="0" conditionals="0" coveredconditionals="0" statements="13" coveredstatements="13" elements="13" coveredelements="13"/>
    </file>
    <metrics files="60" loc="4152" ncloc="2672" classes="27" methods="56" coveredmethods="44" conditionals="0" coveredconditionals="0" statements="1368" coveredstatements="1324" elements="1424" coveredelements="1368"/>
  </project>
</coverage>
